Started GET "/" for ::1 at 2024-03-22 14:56:22 -0400
  [1m[35m (0.9ms)[0m  [1m[35mCREATE TABLE "schema_migrations" ("version" varchar NOT NULL PRIMARY KEY)[0m
  [1m[35m (0.8ms)[0m  [1m[35mCREATE TABLE "ar_internal_metadata" ("key" varchar NOT NULL PRIMARY KEY, "value" varchar, "created_at" datetime(6) NOT NULL, "updated_at" datetime(6) NOT NULL)[0m
  [1m[36mActiveRecord::SchemaMigration Load (0.2ms)[0m  [1m[34mSELECT "schema_migrations"."version" FROM "schema_migrations" ORDER BY "schema_migrations"."version" ASC[0m
Processing by Rails::WelcomeController#index as HTML
  Rendering /Users/pruthakulkarni/.rvm/gems/ruby-3.0.0/gems/railties-7.1.3.2/lib/rails/templates/rails/welcome/index.html.erb
  Rendered /Users/pruthakulkarni/.rvm/gems/ruby-3.0.0/gems/railties-7.1.3.2/lib/rails/templates/rails/welcome/index.html.erb (Duration: 1.3ms | Allocations: 526)
Completed 200 OK in 51ms (Views: 14.0ms | ActiveRecord: 0.0ms | Allocations: 9383)


Started GET "/" for ::1 at 2024-03-22 15:01:35 -0400
  [1m[36mActiveRecord::SchemaMigration Load (0.4ms)[0m  [1m[34mSELECT "schema_migrations"."version" FROM "schema_migrations" ORDER BY "schema_migrations"."version" ASC[0m
Processing by Rails::WelcomeController#index as HTML
  Rendering /Users/pruthakulkarni/.rvm/gems/ruby-3.0.0/gems/railties-7.1.3.2/lib/rails/templates/rails/welcome/index.html.erb
  Rendered /Users/pruthakulkarni/.rvm/gems/ruby-3.0.0/gems/railties-7.1.3.2/lib/rails/templates/rails/welcome/index.html.erb (Duration: 0.7ms | Allocations: 526)
Completed 200 OK in 16ms (Views: 5.1ms | ActiveRecord: 0.0ms | Allocations: 6552)


  [1m[36mActiveRecord::InternalMetadata Load (0.4ms)[0m  [1m[34mSELECT * FROM "ar_internal_metadata" WHERE "ar_internal_metadata"."key" = ? ORDER BY "ar_internal_metadata"."key" ASC LIMIT 1[0m  [[nil, "environment"]]
  [1m[36mActiveRecord::InternalMetadata Create (0.5ms)[0m  [1m[32mINSERT INTO "ar_internal_metadata" ("key", "value", "created_at", "updated_at") VALUES ('environment', 'development', '2024-03-22 20:01:11.534260', '2024-03-22 20:01:11.534263') RETURNING "key"[0m
  [1m[36mActiveRecord::SchemaMigration Load (0.1ms)[0m  [1m[34mSELECT "schema_migrations"."version" FROM "schema_migrations" ORDER BY "schema_migrations"."version" ASC[0m
Migrating to CreateTestPerson (20240322200058)
  [1m[36mTRANSACTION (0.0ms)[0m  [1m[36mbegin transaction[0m
  [1m[35m (0.8ms)[0m  [1m[35mCREATE TABLE "test_people" ("id" integer PRIMARY KEY AUTOINCREMENT NOT NULL, "name" varchar, "add" varchar, "contact" integer, "is_available" boolean, "created_at" datetime(6) NOT NULL, "updated_at" datetime(6) NOT NULL)[0m
  [1m[36mActiveRecord::SchemaMigration Create (0.4ms)[0m  [1m[32mINSERT INTO "schema_migrations" ("version") VALUES ('20240322200058') RETURNING "version"[0m
  [1m[36mTRANSACTION (0.1ms)[0m  [1m[36mcommit transaction[0m
  [1m[36mActiveRecord::SchemaMigration Load (0.1ms)[0m  [1m[34mSELECT "schema_migrations"."version" FROM "schema_migrations" ORDER BY "schema_migrations"."version" ASC[0m
  [1m[36mTRANSACTION (0.1ms)[0m  [1m[36mbegin transaction[0m
  [1m[36mTestPerson Create (1.4ms)[0m  [1m[32mINSERT INTO "test_people" ("name", "add", "contact", "is_available", "created_at", "updated_at") VALUES (?, ?, ?, ?, ?, ?) RETURNING "id"[0m  [["name", "pru kul"], ["add", "lawrence rd"], ["contact", 9803492219], ["is_available", 1], ["created_at", "2024-03-22 20:15:26.405428"], ["updated_at", "2024-03-22 20:15:26.405428"]]
  [1m[36mTRANSACTION (0.1ms)[0m  [1m[36mcommit transaction[0m
  [1m[36mTestPerson Load (0.1ms)[0m  [1m[34mSELECT "test_people".* FROM "test_people" /* loading for pp */ LIMIT ?[0m  [["LIMIT", 11]]
  [1m[36mTRANSACTION (0.0ms)[0m  [1m[36mbegin transaction[0m
  [1m[36mTestPerson Create (0.4ms)[0m  [1m[32mINSERT INTO "test_people" ("name", "add", "contact", "is_available", "created_at", "updated_at") VALUES (?, ?, ?, ?, ?, ?) RETURNING "id"[0m  [["name", "pru kul"], ["add", "lawrence rd"], ["contact", 9803492219], ["is_available", 1], ["created_at", "2024-03-22 20:15:46.438086"], ["updated_at", "2024-03-22 20:15:46.438086"]]
  [1m[36mTRANSACTION (0.1ms)[0m  [1m[36mcommit transaction[0m
  [1m[36mTRANSACTION (0.0ms)[0m  [1m[36mbegin transaction[0m
  [1m[36mTestPerson Create (0.3ms)[0m  [1m[32mINSERT INTO "test_people" ("name", "add", "contact", "is_available", "created_at", "updated_at") VALUES (?, ?, ?, ?, ?, ?) RETURNING "id"[0m  [["name", "pru kul"], ["add", "lawrence rd"], ["contact", 9803492219], ["is_available", 1], ["created_at", "2024-03-22 20:15:47.756371"], ["updated_at", "2024-03-22 20:15:47.756371"]]
  [1m[36mTRANSACTION (0.1ms)[0m  [1m[36mcommit transaction[0m
  [1m[36mTestPerson Load (0.1ms)[0m  [1m[34mSELECT "test_people".* FROM "test_people" /* loading for pp */ LIMIT ?[0m  [["LIMIT", 11]]
  [1m[36mTestPerson Count (0.1ms)[0m  [1m[34mSELECT COUNT(*) FROM "test_people"[0m
  [1m[36mTestPerson Count (0.1ms)[0m  [1m[34mSELECT COUNT(*) FROM "test_people"[0m
  [1m[36mActiveRecord::InternalMetadata Load (0.9ms)[0m  [1m[34mSELECT * FROM "ar_internal_metadata" WHERE "ar_internal_metadata"."key" = ? ORDER BY "ar_internal_metadata"."key" ASC LIMIT 1[0m  [[nil, "environment"]]
  [1m[36mActiveRecord::SchemaMigration Load (0.4ms)[0m  [1m[34mSELECT "schema_migrations"."version" FROM "schema_migrations" ORDER BY "schema_migrations"."version" ASC[0m
Migrating to CreateInsurancePolicy (20240323203209)
  [1m[36mTRANSACTION (0.0ms)[0m  [1m[36mbegin transaction[0m
  [1m[35m (2.2ms)[0m  [1m[35mCREATE TABLE "insurance_policies" ("id" integer PRIMARY KEY AUTOINCREMENT NOT NULL, "insured_name" decimal, "premium" decimal, "created_at" datetime(6) NOT NULL, "updated_at" datetime(6) NOT NULL)[0m
  [1m[36mActiveRecord::SchemaMigration Create (0.3ms)[0m  [1m[32mINSERT INTO "schema_migrations" ("version") VALUES ('20240323203209') RETURNING "version"[0m
  [1m[36mTRANSACTION (0.5ms)[0m  [1m[36mcommit transaction[0m
Migrating to CreateFinanceTerm (20240323205008)
  [1m[36mTRANSACTION (0.0ms)[0m  [1m[36mbegin transaction[0m
  [1m[35m (0.6ms)[0m  [1m[35mCREATE TABLE "finance_terms" ("id" integer PRIMARY KEY AUTOINCREMENT NOT NULL, "downpayment" decimal, "amt_financed" decimal, "due_date" datetime(6), "is_accepted" boolean, "insurance_policies_id" integer NOT NULL, "created_at" datetime(6) NOT NULL, "updated_at" datetime(6) NOT NULL, CONSTRAINT "fk_rails_3f043e1df9"
FOREIGN KEY ("insurance_policies_id")
  REFERENCES "insurance_policies" ("id")
)[0m
  [1m[35m (0.1ms)[0m  [1m[35mCREATE INDEX "index_finance_terms_on_insurance_policies_id" ON "finance_terms" ("insurance_policies_id")[0m
  [1m[36mActiveRecord::SchemaMigration Create (0.1ms)[0m  [1m[32mINSERT INTO "schema_migrations" ("version") VALUES ('20240323205008') RETURNING "version"[0m
  [1m[36mTRANSACTION (0.4ms)[0m  [1m[36mcommit transaction[0m
  [1m[36mActiveRecord::SchemaMigration Load (0.0ms)[0m  [1m[34mSELECT "schema_migrations"."version" FROM "schema_migrations" ORDER BY "schema_migrations"."version" ASC[0m
  [1m[36mActiveRecord::InternalMetadata Load (0.1ms)[0m  [1m[34mSELECT * FROM "ar_internal_metadata" WHERE "ar_internal_metadata"."key" = ? ORDER BY "ar_internal_metadata"."key" ASC LIMIT 1[0m  [[nil, "environment"]]
  [1m[36mActiveRecord::SchemaMigration Load (0.1ms)[0m  [1m[34mSELECT "schema_migrations"."version" FROM "schema_migrations" ORDER BY "schema_migrations"."version" ASC[0m
  [1m[36mActiveRecord::SchemaMigration Load (0.0ms)[0m  [1m[34mSELECT "schema_migrations"."version" FROM "schema_migrations" ORDER BY "schema_migrations"."version" ASC[0m
  [1m[36mActiveRecord::InternalMetadata Load (0.1ms)[0m  [1m[34mSELECT * FROM "ar_internal_metadata" WHERE "ar_internal_metadata"."key" = ? ORDER BY "ar_internal_metadata"."key" ASC LIMIT 1[0m  [[nil, "environment"]]
  [1m[36mActiveRecord::SchemaMigration Load (0.1ms)[0m  [1m[34mSELECT "schema_migrations"."version" FROM "schema_migrations" ORDER BY "schema_migrations"."version" ASC[0m
  [1m[36mActiveRecord::SchemaMigration Load (0.0ms)[0m  [1m[34mSELECT "schema_migrations"."version" FROM "schema_migrations" ORDER BY "schema_migrations"."version" ASC[0m
  [1m[36mActiveRecord::InternalMetadata Load (0.2ms)[0m  [1m[34mSELECT * FROM "ar_internal_metadata" WHERE "ar_internal_metadata"."key" = ? ORDER BY "ar_internal_metadata"."key" ASC LIMIT 1[0m  [[nil, "environment"]]
  [1m[36mActiveRecord::SchemaMigration Load (0.1ms)[0m  [1m[34mSELECT "schema_migrations"."version" FROM "schema_migrations" ORDER BY "schema_migrations"."version" ASC[0m
Migrating to CreateInsurancePolicy (20240323212544)
  [1m[36mTRANSACTION (0.0ms)[0m  [1m[36mbegin transaction[0m
  [1m[35m (1.5ms)[0m  [1m[35mCREATE TABLE "insurance_policies" ("id" integer PRIMARY KEY AUTOINCREMENT NOT NULL, "insured_name" decimal, "premium" decimal, "created_at" datetime(6) NOT NULL, "updated_at" datetime(6) NOT NULL)[0m
  [1m[36mActiveRecord::SchemaMigration Create (0.1ms)[0m  [1m[32mINSERT INTO "schema_migrations" ("version") VALUES ('20240323212544') RETURNING "version"[0m
  [1m[36mTRANSACTION (0.4ms)[0m  [1m[36mcommit transaction[0m
Migrating to CreateFinanceTerm (20240323212546)
  [1m[36mTRANSACTION (0.0ms)[0m  [1m[36mbegin transaction[0m
  [1m[35m (0.7ms)[0m  [1m[35mCREATE TABLE "finance_terms" ("id" integer PRIMARY KEY AUTOINCREMENT NOT NULL, "downpayment" decimal, "amt_financed" decimal, "due_date" datetime(6), "is_accepted" boolean DEFAULT 0, "insurance_policies_id" integer NOT NULL, "created_at" datetime(6) NOT NULL, "updated_at" datetime(6) NOT NULL, CONSTRAINT "fk_rails_3f043e1df9"
FOREIGN KEY ("insurance_policies_id")
  REFERENCES "insurance_policies" ("id")
)[0m
  [1m[35m (0.1ms)[0m  [1m[35mCREATE INDEX "index_finance_terms_on_insurance_policies_id" ON "finance_terms" ("insurance_policies_id")[0m
  [1m[36mActiveRecord::SchemaMigration Create (0.1ms)[0m  [1m[32mINSERT INTO "schema_migrations" ("version") VALUES ('20240323212546') RETURNING "version"[0m
  [1m[36mTRANSACTION (0.1ms)[0m  [1m[36mcommit transaction[0m
  [1m[36mActiveRecord::SchemaMigration Load (0.1ms)[0m  [1m[34mSELECT "schema_migrations"."version" FROM "schema_migrations" ORDER BY "schema_migrations"."version" ASC[0m
Started GET "/" for ::1 at 2024-03-23 18:03:02 -0400
  [1m[36mActiveRecord::SchemaMigration Load (0.5ms)[0m  [1m[34mSELECT "schema_migrations"."version" FROM "schema_migrations" ORDER BY "schema_migrations"."version" ASC[0m
Processing by Rails::WelcomeController#index as HTML
  Rendering /Users/pruthakulkarni/.rvm/gems/ruby-3.0.0/gems/railties-7.1.3.2/lib/rails/templates/rails/welcome/index.html.erb
  Rendered /Users/pruthakulkarni/.rvm/gems/ruby-3.0.0/gems/railties-7.1.3.2/lib/rails/templates/rails/welcome/index.html.erb (Duration: 0.8ms | Allocations: 526)
Completed 200 OK in 28ms (Views: 6.5ms | ActiveRecord: 0.0ms | Allocations: 6492)


Started GET "/api/v1/health" for ::1 at 2024-03-23 18:04:04 -0400
  
ActionController::RoutingError (uninitialized constant Api::V1::InsurancePolicyController
Did you mean?  Api::V1::InurancePolicyController):
  
Started GET "/api/v1/health" for ::1 at 2024-03-23 18:04:46 -0400
  
ActionController::RoutingError (uninitialized constant Api::V1::InsurancePolicyController
Did you mean?  Api::V1::InurancePolicyController):
  
Started GET "/api/v1/health" for ::1 at 2024-03-23 18:06:05 -0400
  [1m[36mActiveRecord::SchemaMigration Load (0.4ms)[0m  [1m[34mSELECT "schema_migrations"."version" FROM "schema_migrations" ORDER BY "schema_migrations"."version" ASC[0m
  
Zeitwerk::NameError (expected file /Users/pruthakulkarni/rubyApps/testProj/app/controllers/api/v1/insurance_policy_controller.rb to define constant Api::V1::InsurancePolicyController, but didn't):
  
zeitwerk (2.6.13) lib/zeitwerk/loader/callbacks.rb:33:in `on_file_autoloaded'
zeitwerk (2.6.13) lib/zeitwerk/kernel.rb:27:in `require'
activesupport (7.1.3.2) lib/active_support/inflector/methods.rb:290:in `const_get'
activesupport (7.1.3.2) lib/active_support/inflector/methods.rb:290:in `constantize'
activesupport (7.1.3.2) lib/active_support/core_ext/string/inflections.rb:74:in `constantize'
actionpack (7.1.3.2) lib/action_dispatch/http/request.rb:90:in `controller_class_for'
actionpack (7.1.3.2) lib/action_dispatch/request/utils.rb:100:in `action_encoding_template'
actionpack (7.1.3.2) lib/action_dispatch/request/utils.rb:85:in `encode'
actionpack (7.1.3.2) lib/action_dispatch/request/utils.rb:45:in `set_binary_encoding'
actionpack (7.1.3.2) lib/action_dispatch/http/parameters.rb:68:in `path_parameters='
actionpack (7.1.3.2) lib/action_dispatch/journey/router.rb:48:in `block in serve'
actionpack (7.1.3.2) lib/action_dispatch/journey/router.rb:131:in `block in find_routes'
actionpack (7.1.3.2) lib/action_dispatch/journey/router.rb:124:in `each'
actionpack (7.1.3.2) lib/action_dispatch/journey/router.rb:124:in `find_routes'
actionpack (7.1.3.2) lib/action_dispatch/journey/router.rb:32:in `serve'
actionpack (7.1.3.2) lib/action_dispatch/routing/route_set.rb:882:in `call'
rack (3.0.10) lib/rack/tempfile_reaper.rb:20:in `call'
rack (3.0.10) lib/rack/etag.rb:29:in `call'
rack (3.0.10) lib/rack/conditional_get.rb:31:in `call'
rack (3.0.10) lib/rack/head.rb:15:in `call'
actionpack (7.1.3.2) lib/action_dispatch/http/permissions_policy.rb:36:in `call'
actionpack (7.1.3.2) lib/action_dispatch/http/content_security_policy.rb:33:in `call'
rack-session (2.0.0) lib/rack/session/abstract/id.rb:272:in `context'
rack-session (2.0.0) lib/rack/session/abstract/id.rb:266:in `call'
actionpack (7.1.3.2) lib/action_dispatch/middleware/cookies.rb:689:in `call'
activerecord (7.1.3.2) lib/active_record/migration.rb:655:in `call'
actionpack (7.1.3.2) lib/action_dispatch/middleware/callbacks.rb:29:in `block in call'
activesupport (7.1.3.2) lib/active_support/callbacks.rb:101:in `run_callbacks'
actionpack (7.1.3.2) lib/action_dispatch/middleware/callbacks.rb:28:in `call'
actionpack (7.1.3.2) lib/action_dispatch/middleware/executor.rb:14:in `call'
actionpack (7.1.3.2) lib/action_dispatch/middleware/actionable_exceptions.rb:16:in `call'
actionpack (7.1.3.2) lib/action_dispatch/middleware/debug_exceptions.rb:29:in `call'
web-console (4.2.1) lib/web_console/middleware.rb:132:in `call_app'
web-console (4.2.1) lib/web_console/middleware.rb:28:in `block in call'
web-console (4.2.1) lib/web_console/middleware.rb:17:in `catch'
web-console (4.2.1) lib/web_console/middleware.rb:17:in `call'
actionpack (7.1.3.2) lib/action_dispatch/middleware/show_exceptions.rb:31:in `call'
railties (7.1.3.2) lib/rails/rack/logger.rb:37:in `call_app'
railties (7.1.3.2) lib/rails/rack/logger.rb:24:in `block in call'
activesupport (7.1.3.2) lib/active_support/tagged_logging.rb:135:in `block in tagged'
activesupport (7.1.3.2) lib/active_support/tagged_logging.rb:39:in `tagged'
activesupport (7.1.3.2) lib/active_support/tagged_logging.rb:135:in `tagged'
activesupport (7.1.3.2) lib/active_support/broadcast_logger.rb:240:in `method_missing'
railties (7.1.3.2) lib/rails/rack/logger.rb:24:in `call'
sprockets-rails (3.4.2) lib/sprockets/rails/quiet_assets.rb:13:in `call'
actionpack (7.1.3.2) lib/action_dispatch/middleware/remote_ip.rb:92:in `call'
actionpack (7.1.3.2) lib/action_dispatch/middleware/request_id.rb:28:in `call'
rack (3.0.10) lib/rack/method_override.rb:28:in `call'
rack (3.0.10) lib/rack/runtime.rb:24:in `call'
activesupport (7.1.3.2) lib/active_support/cache/strategy/local_cache_middleware.rb:29:in `call'
actionpack (7.1.3.2) lib/action_dispatch/middleware/server_timing.rb:59:in `block in call'
actionpack (7.1.3.2) lib/action_dispatch/middleware/server_timing.rb:24:in `collect_events'
actionpack (7.1.3.2) lib/action_dispatch/middleware/server_timing.rb:58:in `call'
actionpack (7.1.3.2) lib/action_dispatch/middleware/executor.rb:14:in `call'
actionpack (7.1.3.2) lib/action_dispatch/middleware/static.rb:25:in `call'
rack (3.0.10) lib/rack/sendfile.rb:114:in `call'
actionpack (7.1.3.2) lib/action_dispatch/middleware/host_authorization.rb:141:in `call'
railties (7.1.3.2) lib/rails/engine.rb:536:in `call'
puma (6.4.2) lib/puma/configuration.rb:272:in `call'
puma (6.4.2) lib/puma/request.rb:100:in `block in handle_request'
puma (6.4.2) lib/puma/thread_pool.rb:378:in `with_force_shutdown'
puma (6.4.2) lib/puma/request.rb:99:in `handle_request'
puma (6.4.2) lib/puma/server.rb:464:in `process_client'
puma (6.4.2) lib/puma/server.rb:245:in `block in run'
puma (6.4.2) lib/puma/thread_pool.rb:155:in `block in spawn_thread'
Started GET "/api/v1/health" for ::1 at 2024-03-23 18:11:47 -0400
  [1m[36mActiveRecord::SchemaMigration Load (0.4ms)[0m  [1m[34mSELECT "schema_migrations"."version" FROM "schema_migrations" ORDER BY "schema_migrations"."version" ASC[0m
Processing by Api::V1::InsurancePolicyController#get as JSON
Completed 200 OK in 4ms (Views: 0.6ms | ActiveRecord: 0.0ms | Allocations: 1881)


Started GET "/api/v1/health" for ::1 at 2024-03-23 18:11:56 -0400
Processing by Api::V1::InsurancePolicyController#get as JSON
Completed 200 OK in 1ms (Views: 0.2ms | ActiveRecord: 0.0ms | Allocations: 162)


Started GET "/api/v1/health" for ::1 at 2024-03-23 18:12:36 -0400
  [1m[36mActiveRecord::SchemaMigration Load (0.5ms)[0m  [1m[34mSELECT "schema_migrations"."version" FROM "schema_migrations" ORDER BY "schema_migrations"."version" ASC[0m
Processing by Api::V1::InsurancePolicyController#get as JSON
Completed 200 OK in 4ms (Views: 0.2ms | ActiveRecord: 0.0ms | Allocations: 1878)


Started GET "/api/v1/health" for ::1 at 2024-03-23 18:16:21 -0400
  [1m[36mActiveRecord::SchemaMigration Load (0.4ms)[0m  [1m[34mSELECT "schema_migrations"."version" FROM "schema_migrations" ORDER BY "schema_migrations"."version" ASC[0m
Processing by Api::V1::InsurancePolicyController#get as JSON
Completed 200 OK in 4ms (Views: 0.2ms | ActiveRecord: 0.0ms | Allocations: 1868)


  [1m[36mActiveRecord::InternalMetadata Load (1.1ms)[0m  [1m[34mSELECT * FROM "ar_internal_metadata" WHERE "ar_internal_metadata"."key" = ? ORDER BY "ar_internal_metadata"."key" ASC LIMIT 1[0m  [[nil, "environment"]]
  [1m[36mActiveRecord::SchemaMigration Load (0.4ms)[0m  [1m[34mSELECT "schema_migrations"."version" FROM "schema_migrations" ORDER BY "schema_migrations"."version" ASC[0m
Migrating to CreateInsured (20240324021109)
  [1m[36mTRANSACTION (0.0ms)[0m  [1m[36mbegin transaction[0m
  [1m[35m (1.7ms)[0m  [1m[35mCREATE TABLE "insureds" ("id" integer PRIMARY KEY AUTOINCREMENT NOT NULL, "name" varchar, "created_at" datetime(6) NOT NULL, "updated_at" datetime(6) NOT NULL)[0m
  [1m[36mActiveRecord::SchemaMigration Create (0.3ms)[0m  [1m[32mINSERT INTO "schema_migrations" ("version") VALUES ('20240324021109') RETURNING "version"[0m
  [1m[36mTRANSACTION (0.1ms)[0m  [1m[36mcommit transaction[0m
Migrating to CreateInsurancePolicy (20240324021249)
  [1m[36mTRANSACTION (0.0ms)[0m  [1m[36mbegin transaction[0m
  [1m[35m (0.6ms)[0m  [1m[35mCREATE TABLE "insurance_policies" ("id" integer PRIMARY KEY AUTOINCREMENT NOT NULL, "premium" decimal, "tax_fee" decimal, "insureds_id" integer NOT NULL, "created_at" datetime(6) NOT NULL, "updated_at" datetime(6) NOT NULL, CONSTRAINT "fk_rails_43dc707e0f"
FOREIGN KEY ("insureds_id")
  REFERENCES "insureds" ("id")
)[0m
  [1m[35m (0.1ms)[0m  [1m[35mCREATE INDEX "index_insurance_policies_on_insureds_id" ON "insurance_policies" ("insureds_id")[0m
  [1m[36mActiveRecord::SchemaMigration Create (0.1ms)[0m  [1m[32mINSERT INTO "schema_migrations" ("version") VALUES ('20240324021249') RETURNING "version"[0m
  [1m[36mTRANSACTION (0.1ms)[0m  [1m[36mcommit transaction[0m
Migrating to CreateFinanceTerm (20240324021306)
  [1m[36mActiveRecord::InternalMetadata Load (0.1ms)[0m  [1m[34mSELECT * FROM "ar_internal_metadata" WHERE "ar_internal_metadata"."key" = ? ORDER BY "ar_internal_metadata"."key" ASC LIMIT 1[0m  [[nil, "environment"]]
  [1m[36mActiveRecord::SchemaMigration Load (0.1ms)[0m  [1m[34mSELECT "schema_migrations"."version" FROM "schema_migrations" ORDER BY "schema_migrations"."version" ASC[0m
Migrating to CreateFinanceTerm (20240324021306)
  [1m[36mTRANSACTION (0.0ms)[0m  [1m[36mbegin transaction[0m
  [1m[35m (1.1ms)[0m  [1m[35mCREATE TABLE "finance_terms" ("id" integer PRIMARY KEY AUTOINCREMENT NOT NULL, "policy_ids" text, "downpayment" decimal, "amt_financed" decimal, "due_date" datetime(6), "is_accepted" boolean DEFAULT 0, "created_at" datetime(6) NOT NULL, "updated_at" datetime(6) NOT NULL)[0m
  [1m[36mActiveRecord::SchemaMigration Create (0.1ms)[0m  [1m[32mINSERT INTO "schema_migrations" ("version") VALUES ('20240324021306') RETURNING "version"[0m
  [1m[36mTRANSACTION (0.1ms)[0m  [1m[36mcommit transaction[0m
  [1m[36mActiveRecord::SchemaMigration Load (0.1ms)[0m  [1m[34mSELECT "schema_migrations"."version" FROM "schema_migrations" ORDER BY "schema_migrations"."version" ASC[0m
Started POST "/api/v1/finance-term" for ::1 at 2024-03-23 22:24:44 -0400
  [1m[36mActiveRecord::SchemaMigration Load (0.5ms)[0m  [1m[34mSELECT "schema_migrations"."version" FROM "schema_migrations" ORDER BY "schema_migrations"."version" ASC[0m
Processing by Api::V1::FinanceTermController#generate_terms as JSON
  Parameters: {"policies"=>[{"insured_name"=>"Pru Kul", "policies"=>[], "due_date"=>"12/12/2023"}], "finance_term"=>{"policies"=>[{"insured_name"=>"Pru Kul", "policies"=>[], "due_date"=>"12/12/2023"}]}}
Can't verify CSRF token authenticity.
Completed 422 Unprocessable Entity in 0ms (ActiveRecord: 0.0ms | Allocations: 553)


  
ActionController::InvalidAuthenticityToken (Can't verify CSRF token authenticity.):
  
actionpack (7.1.3.2) lib/action_controller/metal/request_forgery_protection.rb:293:in `handle_unverified_request'
actionpack (7.1.3.2) lib/action_controller/metal/request_forgery_protection.rb:388:in `handle_unverified_request'
actionpack (7.1.3.2) lib/action_controller/metal/request_forgery_protection.rb:377:in `verify_authenticity_token'
activesupport (7.1.3.2) lib/active_support/callbacks.rb:403:in `block in make_lambda'
activesupport (7.1.3.2) lib/active_support/callbacks.rb:202:in `block (2 levels) in halting'
actionpack (7.1.3.2) lib/abstract_controller/callbacks.rb:34:in `block (2 levels) in <module:Callbacks>'
activesupport (7.1.3.2) lib/active_support/callbacks.rb:203:in `block in halting'
activesupport (7.1.3.2) lib/active_support/callbacks.rb:598:in `block in invoke_before'
activesupport (7.1.3.2) lib/active_support/callbacks.rb:598:in `each'
activesupport (7.1.3.2) lib/active_support/callbacks.rb:598:in `invoke_before'
activesupport (7.1.3.2) lib/active_support/callbacks.rb:119:in `block in run_callbacks'
activesupport (7.1.3.2) lib/active_support/callbacks.rb:141:in `run_callbacks'
actionpack (7.1.3.2) lib/abstract_controller/callbacks.rb:258:in `process_action'
actionpack (7.1.3.2) lib/action_controller/metal/rescue.rb:25:in `process_action'
actionpack (7.1.3.2) lib/action_controller/metal/instrumentation.rb:74:in `block in process_action'
activesupport (7.1.3.2) lib/active_support/notifications.rb:206:in `block in instrument'
activesupport (7.1.3.2) lib/active_support/notifications/instrumenter.rb:58:in `instrument'
activesupport (7.1.3.2) lib/active_support/notifications.rb:206:in `instrument'
actionpack (7.1.3.2) lib/action_controller/metal/instrumentation.rb:73:in `process_action'
actionpack (7.1.3.2) lib/action_controller/metal/params_wrapper.rb:261:in `process_action'
activerecord (7.1.3.2) lib/active_record/railties/controller_runtime.rb:32:in `process_action'
actionpack (7.1.3.2) lib/abstract_controller/base.rb:160:in `process'
actionview (7.1.3.2) lib/action_view/rendering.rb:40:in `process'
actionpack (7.1.3.2) lib/action_controller/metal.rb:227:in `dispatch'
actionpack (7.1.3.2) lib/action_controller/metal.rb:309:in `dispatch'
actionpack (7.1.3.2) lib/action_dispatch/routing/route_set.rb:49:in `dispatch'
actionpack (7.1.3.2) lib/action_dispatch/routing/route_set.rb:32:in `serve'
actionpack (7.1.3.2) lib/action_dispatch/journey/router.rb:51:in `block in serve'
actionpack (7.1.3.2) lib/action_dispatch/journey/router.rb:131:in `block in find_routes'
actionpack (7.1.3.2) lib/action_dispatch/journey/router.rb:124:in `each'
actionpack (7.1.3.2) lib/action_dispatch/journey/router.rb:124:in `find_routes'
actionpack (7.1.3.2) lib/action_dispatch/journey/router.rb:32:in `serve'
actionpack (7.1.3.2) lib/action_dispatch/routing/route_set.rb:882:in `call'
rack (3.0.10) lib/rack/tempfile_reaper.rb:20:in `call'
rack (3.0.10) lib/rack/etag.rb:29:in `call'
rack (3.0.10) lib/rack/conditional_get.rb:43:in `call'
rack (3.0.10) lib/rack/head.rb:15:in `call'
actionpack (7.1.3.2) lib/action_dispatch/http/permissions_policy.rb:36:in `call'
actionpack (7.1.3.2) lib/action_dispatch/http/content_security_policy.rb:33:in `call'
rack-session (2.0.0) lib/rack/session/abstract/id.rb:272:in `context'
rack-session (2.0.0) lib/rack/session/abstract/id.rb:266:in `call'
actionpack (7.1.3.2) lib/action_dispatch/middleware/cookies.rb:689:in `call'
activerecord (7.1.3.2) lib/active_record/migration.rb:655:in `call'
actionpack (7.1.3.2) lib/action_dispatch/middleware/callbacks.rb:29:in `block in call'
activesupport (7.1.3.2) lib/active_support/callbacks.rb:101:in `run_callbacks'
actionpack (7.1.3.2) lib/action_dispatch/middleware/callbacks.rb:28:in `call'
actionpack (7.1.3.2) lib/action_dispatch/middleware/executor.rb:14:in `call'
actionpack (7.1.3.2) lib/action_dispatch/middleware/actionable_exceptions.rb:16:in `call'
actionpack (7.1.3.2) lib/action_dispatch/middleware/debug_exceptions.rb:29:in `call'
web-console (4.2.1) lib/web_console/middleware.rb:132:in `call_app'
web-console (4.2.1) lib/web_console/middleware.rb:28:in `block in call'
web-console (4.2.1) lib/web_console/middleware.rb:17:in `catch'
web-console (4.2.1) lib/web_console/middleware.rb:17:in `call'
actionpack (7.1.3.2) lib/action_dispatch/middleware/show_exceptions.rb:31:in `call'
railties (7.1.3.2) lib/rails/rack/logger.rb:37:in `call_app'
railties (7.1.3.2) lib/rails/rack/logger.rb:24:in `block in call'
activesupport (7.1.3.2) lib/active_support/tagged_logging.rb:135:in `block in tagged'
activesupport (7.1.3.2) lib/active_support/tagged_logging.rb:39:in `tagged'
activesupport (7.1.3.2) lib/active_support/tagged_logging.rb:135:in `tagged'
activesupport (7.1.3.2) lib/active_support/broadcast_logger.rb:240:in `method_missing'
railties (7.1.3.2) lib/rails/rack/logger.rb:24:in `call'
sprockets-rails (3.4.2) lib/sprockets/rails/quiet_assets.rb:13:in `call'
actionpack (7.1.3.2) lib/action_dispatch/middleware/remote_ip.rb:92:in `call'
actionpack (7.1.3.2) lib/action_dispatch/middleware/request_id.rb:28:in `call'
rack (3.0.10) lib/rack/method_override.rb:28:in `call'
rack (3.0.10) lib/rack/runtime.rb:24:in `call'
activesupport (7.1.3.2) lib/active_support/cache/strategy/local_cache_middleware.rb:29:in `call'
actionpack (7.1.3.2) lib/action_dispatch/middleware/server_timing.rb:59:in `block in call'
actionpack (7.1.3.2) lib/action_dispatch/middleware/server_timing.rb:24:in `collect_events'
actionpack (7.1.3.2) lib/action_dispatch/middleware/server_timing.rb:58:in `call'
actionpack (7.1.3.2) lib/action_dispatch/middleware/executor.rb:14:in `call'
actionpack (7.1.3.2) lib/action_dispatch/middleware/static.rb:25:in `call'
rack (3.0.10) lib/rack/sendfile.rb:114:in `call'
actionpack (7.1.3.2) lib/action_dispatch/middleware/host_authorization.rb:141:in `call'
railties (7.1.3.2) lib/rails/engine.rb:536:in `call'
puma (6.4.2) lib/puma/configuration.rb:272:in `call'
puma (6.4.2) lib/puma/request.rb:100:in `block in handle_request'
puma (6.4.2) lib/puma/thread_pool.rb:378:in `with_force_shutdown'
puma (6.4.2) lib/puma/request.rb:99:in `handle_request'
puma (6.4.2) lib/puma/server.rb:464:in `process_client'
puma (6.4.2) lib/puma/server.rb:245:in `block in run'
puma (6.4.2) lib/puma/thread_pool.rb:155:in `block in spawn_thread'
Started POST "/api/v1/finance-term" for ::1 at 2024-03-23 22:25:59 -0400
  [1m[36mActiveRecord::SchemaMigration Load (0.6ms)[0m  [1m[34mSELECT "schema_migrations"."version" FROM "schema_migrations" ORDER BY "schema_migrations"."version" ASC[0m
Processing by Api::V1::FinanceTermController#generate_terms as JSON
  Parameters: {"policies"=>[{"insured_name"=>"Pru Kul", "policies"=>[], "due_date"=>"12/12/2023"}], "finance_term"=>{"policies"=>[{"insured_name"=>"Pru Kul", "policies"=>[], "due_date"=>"12/12/2023"}]}}
Can't verify CSRF token authenticity.

Completed 500 Internal Server Error in 15ms (ActiveRecord: 0.0ms | Allocations: 4928)


  
NameError (uninitialized constant ApplicationController::HTTPErrorResponseDTO
Did you mean?  HttpErrorResponseDto
               HttpResponseDto):
  
app/controllers/application_controller.rb:9:in `send_error_response'
app/controllers/api/v1/finance_term_controller.rb:23:in `rescue in generate_terms'
app/controllers/api/v1/finance_term_controller.rb:8:in `generate_terms'
Started POST "/api/v1/finance-term" for ::1 at 2024-03-23 22:27:04 -0400
  [1m[36mActiveRecord::SchemaMigration Load (0.6ms)[0m  [1m[34mSELECT "schema_migrations"."version" FROM "schema_migrations" ORDER BY "schema_migrations"."version" ASC[0m
Processing by Api::V1::FinanceTermController#generate_terms as JSON
  Parameters: {"policies"=>[{"insured_name"=>"Pru Kul", "policies"=>[], "due_date"=>"12/12/2023"}], "finance_term"=>{"policies"=>[{"insured_name"=>"Pru Kul", "policies"=>[], "due_date"=>"12/12/2023"}]}}
Can't verify CSRF token authenticity.

Completed 500 Internal Server Error in 11ms (ActiveRecord: 0.0ms | Allocations: 4738)


  
NameError (uninitialized constant ApplicationController::HTTPErrorResponseDTO
Did you mean?  HttpErrorResponseDto
               HttpResponseDto):
  
app/controllers/application_controller.rb:9:in `send_error_response'
app/controllers/api/v1/finance_term_controller.rb:28:in `rescue in generate_terms'
app/controllers/api/v1/finance_term_controller.rb:8:in `generate_terms'
Started POST "/api/v1/finance-term" for ::1 at 2024-03-23 22:29:34 -0400
  [1m[36mActiveRecord::SchemaMigration Load (0.7ms)[0m  [1m[34mSELECT "schema_migrations"."version" FROM "schema_migrations" ORDER BY "schema_migrations"."version" ASC[0m
  
LoadError (cannot load such file -- /Users/pruthakulkarni/rubyApps/testProj/app/controllers/app/dto/http_error_response_dto):
  
app/controllers/application_controller.rb:1:in `require_relative'
app/controllers/application_controller.rb:1:in `<main>'
app/controllers/api/v1/finance_term_controller.rb:3:in `<module:V1>'
app/controllers/api/v1/finance_term_controller.rb:2:in `<module:Api>'
app/controllers/api/v1/finance_term_controller.rb:1:in `<main>'
Started POST "/api/v1/finance-term" for ::1 at 2024-03-23 22:32:37 -0400
  [1m[36mActiveRecord::SchemaMigration Load (1.4ms)[0m  [1m[34mSELECT "schema_migrations"."version" FROM "schema_migrations" ORDER BY "schema_migrations"."version" ASC[0m
Processing by Api::V1::FinanceTermController#generate_terms as JSON
  Parameters: {"policies"=>[{"insured_name"=>"Pru Kul", "policies"=>[], "due_date"=>"12/12/2023"}], "finance_term"=>{"policies"=>[{"insured_name"=>"Pru Kul", "policies"=>[], "due_date"=>"12/12/2023"}]}}
Can't verify CSRF token authenticity.

Completed 500 Internal Server Error in 13ms (ActiveRecord: 0.0ms | Allocations: 3178)


  
NoMethodError (undefined method `icon_url=' for #<HTTPErrorResponseDTO:0x00007ff2f60ec540>
Did you mean?  icon_url):
  
app/controllers/application_controller.rb:13:in `send_error_response'
app/controllers/api/v1/finance_term_controller.rb:28:in `rescue in generate_terms'
app/controllers/api/v1/finance_term_controller.rb:8:in `generate_terms'
Started POST "/api/v1/finance-term" for ::1 at 2024-03-23 22:34:33 -0400
  [1m[36mActiveRecord::SchemaMigration Load (0.6ms)[0m  [1m[34mSELECT "schema_migrations"."version" FROM "schema_migrations" ORDER BY "schema_migrations"."version" ASC[0m
Processing by Api::V1::FinanceTermController#generate_terms as JSON
  Parameters: {"policies"=>[{"insured_name"=>"Pru Kul", "policies"=>[], "due_date"=>"12/12/2023"}], "finance_term"=>{"policies"=>[{"insured_name"=>"Pru Kul", "policies"=>[], "due_date"=>"12/12/2023"}]}}
Can't verify CSRF token authenticity.

Completed 500 Internal Server Error in 9ms (Views: 1.1ms | ActiveRecord: 0.0ms | Allocations: 2535)


Started POST "/api/v1/finance-term" for ::1 at 2024-03-23 22:35:19 -0400
  [1m[36mActiveRecord::SchemaMigration Load (0.2ms)[0m  [1m[34mSELECT "schema_migrations"."version" FROM "schema_migrations" ORDER BY "schema_migrations"."version" ASC[0m
Processing by Api::V1::FinanceTermController#generate_terms as JSON
  Parameters: {"policies"=>[{"insured_name"=>"Pru Kul", "policies"=>[], "due_date"=>"12/12/2023"}], "finance_term"=>{"policies"=>[{"insured_name"=>"Pru Kul", "policies"=>[], "due_date"=>"12/12/2023"}]}}
Can't verify CSRF token authenticity.
Completed 500 Internal Server Error in 10ms (ActiveRecord: 0.0ms | Allocations: 4622)


  
NoMethodError (undefined method `ap' for #<Api::V1::FinanceTermController:0x0000000000ad98>):
  
app/controllers/api/v1/finance_term_controller.rb:6:in `generate_terms'
Started POST "/api/v1/finance-term" for ::1 at 2024-03-23 22:36:34 -0400
  [1m[36mActiveRecord::SchemaMigration Load (0.4ms)[0m  [1m[34mSELECT "schema_migrations"."version" FROM "schema_migrations" ORDER BY "schema_migrations"."version" ASC[0m
Processing by Api::V1::FinanceTermController#generate_terms as JSON
  Parameters: {"policies"=>[{"insured_name"=>"Pru Kul", "policies"=>[], "due_date"=>"12/12/2023"}], "finance_term"=>{"policies"=>[{"insured_name"=>"Pru Kul", "policies"=>[], "due_date"=>"12/12/2023"}]}}
Can't verify CSRF token authenticity.

Completed 500 Internal Server Error in 8ms (Views: 0.4ms | ActiveRecord: 0.0ms | Allocations: 2548)


Started POST "/api/v1/finance-term" for ::1 at 2024-03-23 22:37:02 -0400
  [1m[36mActiveRecord::SchemaMigration Load (0.2ms)[0m  [1m[34mSELECT "schema_migrations"."version" FROM "schema_migrations" ORDER BY "schema_migrations"."version" ASC[0m
Processing by Api::V1::FinanceTermController#generate_terms as JSON
  Parameters: {"policies"=>[{"insured_name"=>"Pru Kul", "policies"=>[], "due_date"=>"12/12/2023"}], "finance_term"=>{"policies"=>[{"insured_name"=>"Pru Kul", "policies"=>[], "due_date"=>"12/12/2023"}]}}
Can't verify CSRF token authenticity.

Completed 500 Internal Server Error in 14ms (Views: 1.3ms | ActiveRecord: 0.0ms | Allocations: 2574)


Started POST "/api/v1/finance-term" for ::1 at 2024-03-23 22:37:28 -0400
Processing by Api::V1::FinanceTermController#generate_terms as JSON
  Parameters: {"policies"=>[{"insured_name"=>"Pru Kul", "policies"=>[], "due_date"=>"12/12/2023"}], "finance_term"=>{"policies"=>[{"insured_name"=>"Pru Kul", "policies"=>[], "due_date"=>"12/12/2023"}]}}
Can't verify CSRF token authenticity.

Completed 500 Internal Server Error in 3ms (Views: 0.6ms | ActiveRecord: 0.0ms | Allocations: 613)


Started POST "/api/v1/finance-term" for ::1 at 2024-03-23 22:37:36 -0400
Processing by Api::V1::FinanceTermController#generate_terms as JSON
  Parameters: {"policies"=>[{"insured_name"=>"Pru Kul", "policies"=>[], "due_date"=>"12/12/2023"}], "finance_term"=>{"policies"=>[{"insured_name"=>"Pru Kul", "policies"=>[], "due_date"=>"12/12/2023"}]}}
Can't verify CSRF token authenticity.

Completed 500 Internal Server Error in 2ms (Views: 0.2ms | ActiveRecord: 0.0ms | Allocations: 613)


Started POST "/api/v1/finance-term" for ::1 at 2024-03-23 22:39:10 -0400
  [1m[36mActiveRecord::SchemaMigration Load (0.4ms)[0m  [1m[34mSELECT "schema_migrations"."version" FROM "schema_migrations" ORDER BY "schema_migrations"."version" ASC[0m
Processing by Api::V1::FinanceTermController#generate_terms as JSON
  Parameters: {"policies"=>[{"insured_name"=>"Pru Kul", "policies"=>[], "due_date"=>"12/12/2023"}], "finance_term"=>{"policies"=>[{"insured_name"=>"Pru Kul", "policies"=>[], "due_date"=>"12/12/2023"}]}}
Can't verify CSRF token authenticity.
Completed 500 Internal Server Error in 9ms (ActiveRecord: 0.0ms | Allocations: 4284)


  
NameError (uninitialized constant InsurancePolicyImpl::ValidationResponseDTO
Did you mean?  ValidationResponseDto):
  
app/impl/insurance_policy_impl.rb:5:in `validate_policies'
app/controllers/api/v1/finance_term_controller.rb:9:in `generate_terms'
Started POST "/api/v1/finance-term" for ::1 at 2024-03-23 22:40:13 -0400
  [1m[36mActiveRecord::SchemaMigration Load (0.5ms)[0m  [1m[34mSELECT "schema_migrations"."version" FROM "schema_migrations" ORDER BY "schema_migrations"."version" ASC[0m
Processing by Api::V1::FinanceTermController#generate_terms as JSON
  Parameters: {"policies"=>[], "finance_term"=>{"policies"=>[]}}
Can't verify CSRF token authenticity.

Completed 500 Internal Server Error in 17ms (Views: 0.5ms | ActiveRecord: 0.0ms | Allocations: 3279)


  
RuntimeError ():
  
app/impl/insurance_policy_impl.rb:65:in `generate_finance_terms'
app/controllers/api/v1/finance_term_controller.rb:16:in `generate_terms'
Started POST "/api/v1/finance-term" for ::1 at 2024-03-23 22:41:42 -0400
  [1m[36mActiveRecord::SchemaMigration Load (0.2ms)[0m  [1m[34mSELECT "schema_migrations"."version" FROM "schema_migrations" ORDER BY "schema_migrations"."version" ASC[0m
Processing by Api::V1::FinanceTermController#generate_terms as JSON
  Parameters: {"policies"=>[], "finance_term"=>{"policies"=>[]}}
Can't verify CSRF token authenticity.

Completed 500 Internal Server Error in 9ms (Views: 0.3ms | ActiveRecord: 0.0ms | Allocations: 3133)


  
RuntimeError ():
  
app/impl/insurance_policy_impl.rb:66:in `generate_finance_terms'
app/controllers/api/v1/finance_term_controller.rb:18:in `generate_terms'
Started POST "/api/v1/finance-term" for ::1 at 2024-03-23 22:42:46 -0400
  [1m[36mActiveRecord::SchemaMigration Load (1.3ms)[0m  [1m[34mSELECT "schema_migrations"."version" FROM "schema_migrations" ORDER BY "schema_migrations"."version" ASC[0m
Processing by Api::V1::FinanceTermController#generate_terms as JSON
  Parameters: {"policies"=>[], "finance_term"=>{"policies"=>[]}}
Can't verify CSRF token authenticity.

Completed 400 Bad Request in 15ms (Views: 0.6ms | ActiveRecord: 0.0ms | Allocations: 2541)


Started POST "/api/v1/finance-term" for ::1 at 2024-03-23 22:42:54 -0400
Processing by Api::V1::FinanceTermController#generate_terms as JSON
  Parameters: {"policies"=>[{"insured_name"=>"Pru Kul", "policies"=>[], "due_date"=>"12/12/2023"}], "finance_term"=>{"policies"=>[{"insured_name"=>"Pru Kul", "policies"=>[], "due_date"=>"12/12/2023"}]}}
Can't verify CSRF token authenticity.

Completed 400 Bad Request in 1ms (Views: 0.2ms | ActiveRecord: 0.0ms | Allocations: 245)


Started POST "/api/v1/finance-term" for ::1 at 2024-03-23 22:44:22 -0400
Processing by Api::V1::FinanceTermController#generate_terms as JSON
  Parameters: {"policies"=>[{"insured_name"=>"Pru Kul", "insured_policies"=>[{"premium"=>200, "tax_fee"=>50}, {"premium"=>300, "tax_fee"=>50}], "due_date"=>"12/12/2023"}], "finance_term"=>{"policies"=>[{"insured_name"=>"Pru Kul", "insured_policies"=>[{"premium"=>200, "tax_fee"=>50}, {"premium"=>300, "tax_fee"=>50}], "due_date"=>"12/12/2023"}]}}
Can't verify CSRF token authenticity.
Completed 500 Internal Server Error in 3ms (ActiveRecord: 0.0ms | Allocations: 2058)


  
NameError (undefined local variable or method `string' for TypeValidation:Class
Did you mean?  String):
  
app/util/type_validation.rb:31:in `is_decimal?'
app/util/type_validation.rb:22:in `is_valid?'
app/impl/insurance_policy_impl.rb:35:in `block (2 levels) in validate_policies'
app/impl/insurance_policy_impl.rb:34:in `each'
app/impl/insurance_policy_impl.rb:34:in `block in validate_policies'
app/impl/insurance_policy_impl.rb:18:in `each'
app/impl/insurance_policy_impl.rb:18:in `validate_policies'
app/controllers/api/v1/finance_term_controller.rb:9:in `generate_terms'
Started POST "/api/v1/finance-term" for ::1 at 2024-03-23 22:45:27 -0400
  [1m[36mActiveRecord::SchemaMigration Load (0.6ms)[0m  [1m[34mSELECT "schema_migrations"."version" FROM "schema_migrations" ORDER BY "schema_migrations"."version" ASC[0m
Processing by Api::V1::FinanceTermController#generate_terms as JSON
  Parameters: {"policies"=>[{"insured_name"=>"Pru Kul", "insured_policies"=>[{"premium"=>200, "tax_fee"=>50}, {"premium"=>300, "tax_fee"=>50}], "due_date"=>"12/12/2023"}], "finance_term"=>{"policies"=>[{"insured_name"=>"Pru Kul", "insured_policies"=>[{"premium"=>200, "tax_fee"=>50}, {"premium"=>300, "tax_fee"=>50}], "due_date"=>"12/12/2023"}]}}
Can't verify CSRF token authenticity.

Completed 400 Bad Request in 9ms (Views: 0.2ms | ActiveRecord: 0.0ms | Allocations: 2691)


Started POST "/api/v1/finance-term" for ::1 at 2024-03-23 22:51:58 -0400
  [1m[36mActiveRecord::SchemaMigration Load (0.9ms)[0m  [1m[34mSELECT "schema_migrations"."version" FROM "schema_migrations" ORDER BY "schema_migrations"."version" ASC[0m
Processing by Api::V1::FinanceTermController#generate_terms as JSON
  Parameters: {"policies"=>[{"insured_name"=>"Pru Kul", "insured_policies"=>[{"premium"=>200, "tax_fee"=>50}, {"premium"=>300, "tax_fee"=>50}], "due_date"=>"12/12/2023"}], "finance_term"=>{"policies"=>[{"insured_name"=>"Pru Kul", "insured_policies"=>[{"premium"=>200, "tax_fee"=>50}, {"premium"=>300, "tax_fee"=>50}], "due_date"=>"12/12/2023"}]}}
Can't verify CSRF token authenticity.
Completed 500 Internal Server Error in 20ms (ActiveRecord: 0.0ms | Allocations: 4802)


  
NameError (uninitialized constant InsurancePolicyImpl::PolicyDBDTO
Did you mean?  PolicyDbDto):
  
app/impl/insurance_policy_impl.rb:86:in `block in create_all'
app/impl/insurance_policy_impl.rb:85:in `each'
app/impl/insurance_policy_impl.rb:85:in `create_all'
app/impl/insurance_policy_impl.rb:70:in `generate_finance_terms'
app/controllers/api/v1/finance_term_controller.rb:15:in `generate_terms'
Started POST "/api/v1/finance-term" for ::1 at 2024-03-23 22:53:42 -0400
  [1m[36mActiveRecord::SchemaMigration Load (0.3ms)[0m  [1m[34mSELECT "schema_migrations"."version" FROM "schema_migrations" ORDER BY "schema_migrations"."version" ASC[0m
Processing by Api::V1::FinanceTermController#generate_terms as JSON
  Parameters: {"policies"=>[{"insured_name"=>"Pru Kul", "insured_policies"=>[{"premium"=>200, "tax_fee"=>50}, {"premium"=>300, "tax_fee"=>50}], "due_date"=>"12/12/2023"}], "finance_term"=>{"policies"=>[{"insured_name"=>"Pru Kul", "insured_policies"=>[{"premium"=>200, "tax_fee"=>50}, {"premium"=>300, "tax_fee"=>50}], "due_date"=>"12/12/2023"}]}}
Can't verify CSRF token authenticity.
Completed 500 Internal Server Error in 19ms (ActiveRecord: 0.0ms | Allocations: 4877)


  
NameError (uninitialized constant InsuredImpl::Insured):
  
app/impl/insured_impl.rb:4:in `create'
app/impl/insurance_policy_impl.rb:78:in `block in create_all'
app/impl/insurance_policy_impl.rb:75:in `each'
app/impl/insurance_policy_impl.rb:75:in `create_all'
app/impl/insurance_policy_impl.rb:60:in `generate_finance_terms'
app/controllers/api/v1/finance_term_controller.rb:15:in `generate_terms'
Started POST "/api/v1/finance-term" for ::1 at 2024-03-23 22:56:17 -0400
  [1m[36mActiveRecord::SchemaMigration Load (0.4ms)[0m  [1m[34mSELECT "schema_migrations"."version" FROM "schema_migrations" ORDER BY "schema_migrations"."version" ASC[0m
Processing by Api::V1::FinanceTermController#generate_terms as JSON
  Parameters: {"policies"=>[{"insured_name"=>"Pru Kul", "insured_policies"=>[{"premium"=>200, "tax_fee"=>50}, {"premium"=>300, "tax_fee"=>50}], "due_date"=>"12/12/2023"}], "finance_term"=>{}}
Can't verify CSRF token authenticity.
  [1m[36mInsured Load (0.6ms)[0m  [1m[34mSELECT "insureds".* FROM "insureds" WHERE "insureds"."name" = ? LIMIT ?[0m  [["name", "Pru Kul"], ["LIMIT", 1]]
  â†³ app/models/insured.rb:7:in `create'
  [1m[36mTRANSACTION (0.2ms)[0m  [1m[36mbegin transaction[0m
  â†³ app/models/insured.rb:7:in `create'
  [1m[36mInsured Create (2.8ms)[0m  [1m[32mINSERT INTO "insureds" ("name", "created_at", "updated_at") VALUES (?, ?, ?) RETURNING "id"[0m  [["name", "Pru Kul"], ["created_at", "2024-03-24 02:56:17.631142"], ["updated_at", "2024-03-24 02:56:17.631142"]]
  â†³ app/models/insured.rb:7:in `create'
  [1m[36mTRANSACTION (0.2ms)[0m  [1m[36mcommit transaction[0m
  â†³ app/models/insured.rb:7:in `create'
Completed 500 Internal Server Error in 114ms (ActiveRecord: 16.1ms | Allocations: 72518)


  
NoMethodError (undefined method `each' for nil:NilClass):
  
app/impl/insurance_policy_impl.rb:84:in `block in create_all'
app/impl/insurance_policy_impl.rb:75:in `each'
app/impl/insurance_policy_impl.rb:75:in `create_all'
app/impl/insurance_policy_impl.rb:60:in `generate_finance_terms'
app/controllers/api/v1/finance_term_controller.rb:15:in `generate_terms'
Started POST "/api/v1/finance-term" for ::1 at 2024-03-23 22:57:12 -0400
  [1m[36mActiveRecord::SchemaMigration Load (0.3ms)[0m  [1m[34mSELECT "schema_migrations"."version" FROM "schema_migrations" ORDER BY "schema_migrations"."version" ASC[0m
Processing by Api::V1::FinanceTermController#generate_terms as JSON
  Parameters: {"policies"=>[{"insured_name"=>"Pru Kul", "insured_policies"=>[{"premium"=>200, "tax_fee"=>50}, {"premium"=>300, "tax_fee"=>50}], "due_date"=>"12/12/2023"}], "finance_term"=>{}}
Can't verify CSRF token authenticity.
  [1m[36mInsured Load (0.8ms)[0m  [1m[34mSELECT "insureds".* FROM "insureds" WHERE "insureds"."name" = ? LIMIT ?[0m  [["name", "Pru Kul"], ["LIMIT", 1]]
  â†³ app/models/insured.rb:7:in `create'
Completed 500 Internal Server Error in 143ms (ActiveRecord: 3.7ms | Allocations: 69783)


  
NoMethodError (undefined method `insured_name' for #<PolicyDBDTO:0x00007f8a02176ea0 @insured_id=1, @premium=300, @tax_fee=50>
Did you mean?  insured_id):
  
app/models/insurance_policy.rb:7:in `create'
app/impl/insurance_policy_impl.rb:90:in `block in create_all'
app/impl/insurance_policy_impl.rb:75:in `each'
app/impl/insurance_policy_impl.rb:75:in `create_all'
app/impl/insurance_policy_impl.rb:60:in `generate_finance_terms'
app/controllers/api/v1/finance_term_controller.rb:15:in `generate_terms'
Started POST "/api/v1/finance-term" for ::1 at 2024-03-23 22:58:39 -0400
  [1m[36mActiveRecord::SchemaMigration Load (1.7ms)[0m  [1m[34mSELECT "schema_migrations"."version" FROM "schema_migrations" ORDER BY "schema_migrations"."version" ASC[0m
Processing by Api::V1::FinanceTermController#generate_terms as JSON
  Parameters: {"policies"=>[{"insured_name"=>"Pru Kul", "insured_policies"=>[{"premium"=>200, "tax_fee"=>50}, {"premium"=>300, "tax_fee"=>50}], "due_date"=>"12/12/2023"}], "finance_term"=>{}}
Can't verify CSRF token authenticity.
  [1m[36mInsured Load (0.7ms)[0m  [1m[34mSELECT "insureds".* FROM "insureds" WHERE "insureds"."name" = ? LIMIT ?[0m  [["name", "Pru Kul"], ["LIMIT", 1]]
  â†³ app/models/insured.rb:7:in `create'
  [1m[36mInsurancePolicy Load (1.7ms)[0m  [1m[34mSELECT "insurance_policies".* FROM "insurance_policies" WHERE "insurance_policies"."insured_id" = ? AND "insurance_policies"."premium" = ? AND "insurance_policies"."tax_fee" = ? LIMIT ?[0m  [["insured_id", 1], ["premium", 300.0], ["tax_fee", 50.0], ["LIMIT", 1]]
  â†³ app/models/insurance_policy.rb:7:in `create'
Completed 500 Internal Server Error in 121ms (ActiveRecord: 5.6ms | Allocations: 70766)


  
ActiveRecord::StatementInvalid (SQLite3::SQLException: no such column: insurance_policies.insured_id):
  
Started POST "/api/v1/finance-term" for ::1 at 2024-03-23 22:59:48 -0400
  [1m[36mActiveRecord::SchemaMigration Load (0.4ms)[0m  [1m[34mSELECT "schema_migrations"."version" FROM "schema_migrations" ORDER BY "schema_migrations"."version" ASC[0m
Processing by Api::V1::FinanceTermController#generate_terms as JSON
  Parameters: {"policies"=>[{"insured_name"=>"Pru Kul", "insured_policies"=>[{"premium"=>200, "tax_fee"=>50}, {"premium"=>300, "tax_fee"=>50}], "due_date"=>"12/12/2023"}], "finance_term"=>{}}
Can't verify CSRF token authenticity.
  [1m[36mInsured Load (0.8ms)[0m  [1m[34mSELECT "insureds".* FROM "insureds" WHERE "insureds"."name" = ? LIMIT ?[0m  [["name", "Pru Kul"], ["LIMIT", 1]]
  â†³ app/models/insured.rb:7:in `create'
  [1m[36mInsurancePolicy Load (0.7ms)[0m  [1m[34mSELECT "insurance_policies".* FROM "insurance_policies" WHERE "insurance_policies"."insured_id" = ? AND "insurance_policies"."premium" = ? AND "insurance_policies"."tax_fee" = ? LIMIT ?[0m  [["insured_id", 1], ["premium", 300.0], ["tax_fee", 50.0], ["LIMIT", 1]]
  â†³ app/models/insurance_policy.rb:9:in `create'
Completed 500 Internal Server Error in 112ms (ActiveRecord: 4.0ms | Allocations: 72638)


  
ActiveRecord::StatementInvalid (SQLite3::SQLException: no such column: insurance_policies.insured_id):
  
Started POST "/api/v1/finance-term" for ::1 at 2024-03-23 23:02:48 -0400
  [1m[36mActiveRecord::SchemaMigration Load (1.0ms)[0m  [1m[34mSELECT "schema_migrations"."version" FROM "schema_migrations" ORDER BY "schema_migrations"."version" ASC[0m
Processing by Api::V1::FinanceTermController#generate_terms as JSON
  Parameters: {"policies"=>[{"insured_name"=>"Pru Kul", "insured_policies"=>[{"premium"=>200, "tax_fee"=>50}, {"premium"=>300, "tax_fee"=>50}], "due_date"=>"12/12/2023"}], "finance_term"=>{}}
Can't verify CSRF token authenticity.
  [1m[36mInsured Load (0.7ms)[0m  [1m[34mSELECT "insureds".* FROM "insureds" WHERE "insureds"."name" = ? LIMIT ?[0m  [["name", "Pru Kul"], ["LIMIT", 1]]
  â†³ app/models/insured.rb:7:in `create'
  [1m[36mInsurancePolicy Load (0.4ms)[0m  [1m[34mSELECT "insurance_policies".* FROM "insurance_policies" WHERE "insurance_policies"."insureds_id" = ? AND "insurance_policies"."premium" = ? AND "insurance_policies"."tax_fee" = ? LIMIT ?[0m  [["insureds_id", 1], ["premium", 300.0], ["tax_fee", 50.0], ["LIMIT", 1]]
  â†³ app/models/insurance_policy.rb:9:in `create'
  [1m[36mTRANSACTION (0.0ms)[0m  [1m[36mbegin transaction[0m
  â†³ app/models/insurance_policy.rb:9:in `create'
  [1m[36mTRANSACTION (0.8ms)[0m  [1m[31mrollback transaction[0m
  â†³ app/models/insurance_policy.rb:9:in `create'
Completed 422 Unprocessable Entity in 157ms (ActiveRecord: 6.2ms | Allocations: 117209)


  
ActiveRecord::RecordInvalid (Validation failed: Insured must exist):
  
app/models/insurance_policy.rb:9:in `create'
app/impl/insurance_policy_impl.rb:90:in `block in create_all'
app/impl/insurance_policy_impl.rb:75:in `each'
app/impl/insurance_policy_impl.rb:75:in `create_all'
app/impl/insurance_policy_impl.rb:60:in `generate_finance_terms'
app/controllers/api/v1/finance_term_controller.rb:15:in `generate_terms'
Started POST "/api/v1/finance-term" for ::1 at 2024-03-23 23:05:01 -0400
  [1m[36mActiveRecord::SchemaMigration Load (0.3ms)[0m  [1m[34mSELECT "schema_migrations"."version" FROM "schema_migrations" ORDER BY "schema_migrations"."version" ASC[0m
Processing by Api::V1::FinanceTermController#generate_terms as JSON
  Parameters: {"policies"=>[{"insured_name"=>"Pru Kul", "insured_policies"=>[{"premium"=>200, "tax_fee"=>50}, {"premium"=>300, "tax_fee"=>50}], "due_date"=>"12/12/2023"}], "finance_term"=>{}}
Can't verify CSRF token authenticity.
  [1m[36mInsured Load (0.6ms)[0m  [1m[34mSELECT "insureds".* FROM "insureds" WHERE "insureds"."name" = ? LIMIT ?[0m  [["name", "Pru Kul"], ["LIMIT", 1]]
  â†³ app/models/insured.rb:7:in `create'
  [1m[36mInsurancePolicy Load (0.5ms)[0m  [1m[34mSELECT "insurance_policies".* FROM "insurance_policies" WHERE "insurance_policies"."insureds_id" = ? AND "insurance_policies"."premium" = ? AND "insurance_policies"."tax_fee" = ? LIMIT ?[0m  [["insureds_id", 1], ["premium", 300.0], ["tax_fee", 50.0], ["LIMIT", 1]]
  â†³ app/models/insurance_policy.rb:9:in `create'
  [1m[36mTRANSACTION (0.1ms)[0m  [1m[36mbegin transaction[0m
  â†³ app/models/insurance_policy.rb:9:in `create'
  [1m[36mTRANSACTION (0.2ms)[0m  [1m[31mrollback transaction[0m
  â†³ app/models/insurance_policy.rb:9:in `create'
Completed 422 Unprocessable Entity in 126ms (ActiveRecord: 4.8ms | Allocations: 116518)


  
ActiveRecord::RecordInvalid (Validation failed: Insured must exist):
  
app/models/insurance_policy.rb:9:in `create'
app/impl/insurance_policy_impl.rb:90:in `block in create_all'
app/impl/insurance_policy_impl.rb:75:in `each'
app/impl/insurance_policy_impl.rb:75:in `create_all'
app/impl/insurance_policy_impl.rb:60:in `generate_finance_terms'
app/controllers/api/v1/finance_term_controller.rb:15:in `generate_terms'
Started POST "/api/v1/finance-term" for ::1 at 2024-03-23 23:06:18 -0400
  [1m[36mActiveRecord::SchemaMigration Load (0.5ms)[0m  [1m[34mSELECT "schema_migrations"."version" FROM "schema_migrations" ORDER BY "schema_migrations"."version" ASC[0m
Processing by Api::V1::FinanceTermController#generate_terms as JSON
  Parameters: {"policies"=>[{"insured_name"=>"Pru Kul", "insured_policies"=>[{"premium"=>200, "tax_fee"=>50}, {"premium"=>300, "tax_fee"=>50}], "due_date"=>"12/12/2023"}], "finance_term"=>{}}
Can't verify CSRF token authenticity.
  [1m[36mInsured Load (0.4ms)[0m  [1m[34mSELECT "insureds".* FROM "insureds" WHERE "insureds"."name" = ? LIMIT ?[0m  [["name", "Pru Kul"], ["LIMIT", 1]]
  â†³ app/models/insured.rb:7:in `create'
  [1m[36mInsurancePolicy Load (0.7ms)[0m  [1m[34mSELECT "insurance_policies".* FROM "insurance_policies" WHERE "insurance_policies"."insureds_id" = ? AND "insurance_policies"."premium" = ? AND "insurance_policies"."tax_fee" = ? LIMIT ?[0m  [["insureds_id", 1], ["premium", 300.0], ["tax_fee", 50.0], ["LIMIT", 1]]
  â†³ app/models/insurance_policy.rb:9:in `create'
  [1m[36mTRANSACTION (0.1ms)[0m  [1m[36mbegin transaction[0m
  â†³ app/models/insurance_policy.rb:9:in `create'
  [1m[36mTRANSACTION (0.1ms)[0m  [1m[31mrollback transaction[0m
  â†³ app/models/insurance_policy.rb:9:in `create'
Completed 422 Unprocessable Entity in 156ms (ActiveRecord: 7.6ms | Allocations: 116520)


  
ActiveRecord::RecordInvalid (Validation failed: Insured must exist):
  
app/models/insurance_policy.rb:9:in `create'
app/impl/insurance_policy_impl.rb:90:in `block in create_all'
app/impl/insurance_policy_impl.rb:75:in `each'
app/impl/insurance_policy_impl.rb:75:in `create_all'
app/impl/insurance_policy_impl.rb:60:in `generate_finance_terms'
app/controllers/api/v1/finance_term_controller.rb:15:in `generate_terms'
Started POST "/api/v1/finance-term" for ::1 at 2024-03-23 23:07:01 -0400
  [1m[36mActiveRecord::SchemaMigration Load (0.3ms)[0m  [1m[34mSELECT "schema_migrations"."version" FROM "schema_migrations" ORDER BY "schema_migrations"."version" ASC[0m
Processing by Api::V1::FinanceTermController#generate_terms as JSON
  Parameters: {"policies"=>[{"insured_name"=>"Pru Kul", "insured_policies"=>[{"premium"=>200, "tax_fee"=>50}, {"premium"=>300, "tax_fee"=>50}], "due_date"=>"12/12/2023"}], "finance_term"=>{}}
Can't verify CSRF token authenticity.
  [1m[36mInsured Load (0.6ms)[0m  [1m[34mSELECT "insureds".* FROM "insureds" WHERE "insureds"."name" = ? LIMIT ?[0m  [["name", "Pru Kul"], ["LIMIT", 1]]
  â†³ app/models/insured.rb:7:in `create'
  [1m[36mInsurancePolicy Load (0.7ms)[0m  [1m[34mSELECT "insurance_policies".* FROM "insurance_policies" WHERE "insurance_policies"."insureds_id" = ? AND "insurance_policies"."premium" = ? AND "insurance_policies"."tax_fee" = ? LIMIT ?[0m  [["insureds_id", 1], ["premium", 300.0], ["tax_fee", 50.0], ["LIMIT", 1]]
  â†³ app/models/insurance_policy.rb:7:in `create'
  [1m[36mTRANSACTION (0.1ms)[0m  [1m[36mbegin transaction[0m
  â†³ app/models/insurance_policy.rb:7:in `create'
  [1m[36mInsurancePolicy Create (0.9ms)[0m  [1m[32mINSERT INTO "insurance_policies" ("premium", "tax_fee", "insureds_id", "created_at", "updated_at") VALUES (?, ?, ?, ?, ?) RETURNING "id"[0m  [["premium", 300.0], ["tax_fee", 50.0], ["insureds_id", 1], ["created_at", "2024-03-24 03:07:02.272390"], ["updated_at", "2024-03-24 03:07:02.272390"]]
  â†³ app/models/insurance_policy.rb:7:in `create'
  [1m[36mTRANSACTION (0.3ms)[0m  [1m[36mcommit transaction[0m
  â†³ app/models/insurance_policy.rb:7:in `create'
Completed 500 Internal Server Error in 167ms (ActiveRecord: 10.6ms | Allocations: 114972)


  
NoMethodError (undefined method `insured_id' for #<InsurancePolicy id: 1, premium: 0.3e3, tax_fee: 0.5e2, insureds_id: 1, created_at: "2024-03-24 03:07:02.272390000 +0000", updated_at: "2024-03-24 03:07:02.272390000 +0000">
Did you mean?  insureds_id
               insureds_id=
               insureds_id?):
  
app/impl/insurance_policy_impl.rb:66:in `each'
app/impl/insurance_policy_impl.rb:66:in `group_by'
app/impl/insurance_policy_impl.rb:66:in `generate_finance_terms'
app/controllers/api/v1/finance_term_controller.rb:15:in `generate_terms'
Started POST "/api/v1/finance-term" for ::1 at 2024-03-23 23:09:44 -0400
  [1m[36mActiveRecord::SchemaMigration Load (0.2ms)[0m  [1m[34mSELECT "schema_migrations"."version" FROM "schema_migrations" ORDER BY "schema_migrations"."version" ASC[0m
Processing by Api::V1::FinanceTermController#generate_terms as JSON
  Parameters: {"policies"=>[{"insured_name"=>"Pru Kul", "insured_policies"=>[{"premium"=>200, "tax_fee"=>50}, {"premium"=>300, "tax_fee"=>50}], "due_date"=>"12/12/2023"}], "finance_term"=>{}}
Can't verify CSRF token authenticity.
  [1m[36mInsured Load (0.7ms)[0m  [1m[34mSELECT "insureds".* FROM "insureds" WHERE "insureds"."name" = ? LIMIT ?[0m  [["name", "Pru Kul"], ["LIMIT", 1]]
  â†³ app/models/insured.rb:8:in `create'
  [1m[36mInsurancePolicy Load (0.6ms)[0m  [1m[34mSELECT "insurance_policies".* FROM "insurance_policies" WHERE "insurance_policies"."insureds_id" = ? AND "insurance_policies"."premium" = ? AND "insurance_policies"."tax_fee" = ? LIMIT ?[0m  [["insureds_id", 1], ["premium", 300.0], ["tax_fee", 50.0], ["LIMIT", 1]]
  â†³ app/models/insurance_policy.rb:8:in `create'
Completed 500 Internal Server Error in 125ms (ActiveRecord: 3.9ms | Allocations: 115971)


  
NoMethodError (undefined method `insured_id' for #<InsurancePolicy id: 1, premium: 0.3e3, tax_fee: 0.5e2, insureds_id: 1, created_at: "2024-03-24 03:07:02.272390000 +0000", updated_at: "2024-03-24 03:07:02.272390000 +0000">
Did you mean?  insureds_id
               insureds_id=
               insureds_id?
               insured
               insured=):
  
app/impl/insurance_policy_impl.rb:66:in `each'
app/impl/insurance_policy_impl.rb:66:in `group_by'
app/impl/insurance_policy_impl.rb:66:in `generate_finance_terms'
app/controllers/api/v1/finance_term_controller.rb:15:in `generate_terms'
Started POST "/api/v1/finance-term" for ::1 at 2024-03-23 23:11:15 -0400
  [1m[36mActiveRecord::SchemaMigration Load (0.9ms)[0m  [1m[34mSELECT "schema_migrations"."version" FROM "schema_migrations" ORDER BY "schema_migrations"."version" ASC[0m
Processing by Api::V1::FinanceTermController#generate_terms as JSON
  Parameters: {"policies"=>[{"insured_name"=>"Pru Kul", "insured_policies"=>[{"premium"=>200, "tax_fee"=>50}, {"premium"=>300, "tax_fee"=>50}], "due_date"=>"12/12/2023"}], "finance_term"=>{}}
Can't verify CSRF token authenticity.
  [1m[36mInsured Load (0.5ms)[0m  [1m[34mSELECT "insureds".* FROM "insureds" WHERE "insureds"."name" = ? LIMIT ?[0m  [["name", "Pru Kul"], ["LIMIT", 1]]
  â†³ app/models/insured.rb:8:in `create'
  [1m[36mInsurancePolicy Load (1.5ms)[0m  [1m[34mSELECT "insurance_policies".* FROM "insurance_policies" WHERE "insurance_policies"."insureds_id" = ? AND "insurance_policies"."premium" = ? AND "insurance_policies"."tax_fee" = ? LIMIT ?[0m  [["insureds_id", 1], ["premium", 300.0], ["tax_fee", 50.0], ["LIMIT", 1]]
  â†³ app/models/insurance_policy.rb:8:in `create'
Completed 422 Unprocessable Entity in 126ms (ActiveRecord: 4.7ms | Allocations: 116917)


  
ActiveRecord::RecordInvalid (Validation failed: Insured must exist):
  
app/models/insurance_policy.rb:11:in `create'
app/impl/insurance_policy_impl.rb:90:in `block in create_all'
app/impl/insurance_policy_impl.rb:75:in `each'
app/impl/insurance_policy_impl.rb:75:in `create_all'
app/impl/insurance_policy_impl.rb:60:in `generate_finance_terms'
app/controllers/api/v1/finance_term_controller.rb:15:in `generate_terms'
Started POST "/api/v1/finance-term" for ::1 at 2024-03-23 23:12:39 -0400
  [1m[36mActiveRecord::SchemaMigration Load (1.1ms)[0m  [1m[34mSELECT "schema_migrations"."version" FROM "schema_migrations" ORDER BY "schema_migrations"."version" ASC[0m
Processing by Api::V1::FinanceTermController#generate_terms as JSON
  Parameters: {"policies"=>[{"insured_name"=>"Pru Kul", "insured_policies"=>[{"premium"=>200, "tax_fee"=>50}, {"premium"=>300, "tax_fee"=>50}], "due_date"=>"12/12/2023"}], "finance_term"=>{}}
Can't verify CSRF token authenticity.
  [1m[36mInsured Load (0.6ms)[0m  [1m[34mSELECT "insureds".* FROM "insureds" WHERE "insureds"."name" = ? LIMIT ?[0m  [["name", "Pru Kul"], ["LIMIT", 1]]
  â†³ app/models/insured.rb:8:in `create'
  [1m[36mInsurancePolicy Load (1.0ms)[0m  [1m[34mSELECT "insurance_policies".* FROM "insurance_policies" WHERE "insurance_policies"."insureds_id" = ? AND "insurance_policies"."premium" = ? AND "insurance_policies"."tax_fee" = ? LIMIT ?[0m  [["insureds_id", 1], ["premium", 300.0], ["tax_fee", 50.0], ["LIMIT", 1]]
  â†³ app/models/insurance_policy.rb:8:in `create'
Completed 422 Unprocessable Entity in 188ms (ActiveRecord: 5.1ms | Allocations: 117084)


  
ActiveRecord::RecordInvalid (Validation failed: Insured must exist):
  
app/models/insurance_policy.rb:11:in `create'
app/impl/insurance_policy_impl.rb:93:in `block in create_all'
app/impl/insurance_policy_impl.rb:75:in `each'
app/impl/insurance_policy_impl.rb:75:in `create_all'
app/impl/insurance_policy_impl.rb:60:in `generate_finance_terms'
app/controllers/api/v1/finance_term_controller.rb:15:in `generate_terms'
Started POST "/api/v1/finance-term" for ::1 at 2024-03-23 23:15:48 -0400
  [1m[36mActiveRecord::SchemaMigration Load (0.7ms)[0m  [1m[34mSELECT "schema_migrations"."version" FROM "schema_migrations" ORDER BY "schema_migrations"."version" ASC[0m
Processing by Api::V1::FinanceTermController#generate_terms as JSON
  Parameters: {"policies"=>[{"insured_name"=>"Pru Kul", "insured_policies"=>[{"premium"=>200, "tax_fee"=>50}, {"premium"=>300, "tax_fee"=>50}], "due_date"=>"12/12/2023"}], "finance_term"=>{}}
Can't verify CSRF token authenticity.
  [1m[36mInsured Load (0.6ms)[0m  [1m[34mSELECT "insureds".* FROM "insureds" WHERE "insureds"."name" = ? LIMIT ?[0m  [["name", "Pru Kul"], ["LIMIT", 1]]
  â†³ app/models/insured.rb:8:in `create'
  [1m[36mTRANSACTION (0.3ms)[0m  [1m[36mbegin transaction[0m
  â†³ app/models/insured.rb:9:in `create'
  [1m[36mInsured Create (3.7ms)[0m  [1m[32mINSERT INTO "insureds" ("name", "created_at", "updated_at") VALUES (?, ?, ?) RETURNING "id"[0m  [["name", "Pru Kul"], ["created_at", "2024-03-24 03:15:49.379313"], ["updated_at", "2024-03-24 03:15:49.379313"]]
  â†³ app/models/insured.rb:9:in `create'
  [1m[36mTRANSACTION (0.5ms)[0m  [1m[36mcommit transaction[0m
  â†³ app/models/insured.rb:9:in `create'
  [1m[36mInsurancePolicy Load (0.5ms)[0m  [1m[34mSELECT "insurance_policies".* FROM "insurance_policies" WHERE "insurance_policies"."insureds_id" = ? AND "insurance_policies"."premium" = ? AND "insurance_policies"."tax_fee" = ? LIMIT ?[0m  [["insureds_id", 2], ["premium", 300.0], ["tax_fee", 50.0], ["LIMIT", 1]]
  â†³ app/models/insurance_policy.rb:8:in `create'
Completed 500 Internal Server Error in 109ms (ActiveRecord: 8.8ms | Allocations: 77853)


  
NoMethodError (undefined method `insured_id' for {:insureds_id=>2, :premium=>300, :tax_fee=>50}:Hash):
  
app/models/insurance_policy.rb:8:in `create'
app/models/insurance_policy.rb:8:in `create'
app/impl/insurance_policy_impl.rb:93:in `block in create_all'
app/impl/insurance_policy_impl.rb:75:in `each'
app/impl/insurance_policy_impl.rb:75:in `create_all'
app/impl/insurance_policy_impl.rb:60:in `generate_finance_terms'
app/controllers/api/v1/finance_term_controller.rb:15:in `generate_terms'
Started POST "/api/v1/finance-term" for ::1 at 2024-03-23 23:20:24 -0400
  [1m[36mActiveRecord::SchemaMigration Load (0.2ms)[0m  [1m[34mSELECT "schema_migrations"."version" FROM "schema_migrations" ORDER BY "schema_migrations"."version" ASC[0m
Processing by Api::V1::FinanceTermController#generate_terms as JSON
  Parameters: {"policies"=>[{"insured_name"=>"Pru Kul", "insured_policies"=>[{"premium"=>200, "tax_fee"=>50}, {"premium"=>300, "tax_fee"=>50}], "due_date"=>"12/12/2023"}], "finance_term"=>{}}
Can't verify CSRF token authenticity.
  [1m[36mInsured Load (0.4ms)[0m  [1m[34mSELECT "insureds".* FROM "insureds" WHERE "insureds"."name" = ? LIMIT ?[0m  [["name", "Pru Kul"], ["LIMIT", 1]]
  â†³ app/models/insured.rb:8:in `create'
  [1m[36mInsurancePolicy Load (0.3ms)[0m  [1m[34mSELECT "insurance_policies".* FROM "insurance_policies" WHERE "insurance_policies"."insureds_id" = ? AND "insurance_policies"."premium" = ? AND "insurance_policies"."tax_fee" = ? LIMIT ?[0m  [["insureds_id", 2], ["premium", 300.0], ["tax_fee", 50.0], ["LIMIT", 1]]
  â†³ app/models/insurance_policy.rb:8:in `create'
Completed 422 Unprocessable Entity in 171ms (ActiveRecord: 4.5ms | Allocations: 117154)


  
ActiveRecord::RecordInvalid (Validation failed: Insured must exist):
  
app/models/insurance_policy.rb:11:in `create'
app/impl/insurance_policy_impl.rb:90:in `block in create_all'
app/impl/insurance_policy_impl.rb:75:in `each'
app/impl/insurance_policy_impl.rb:75:in `create_all'
app/impl/insurance_policy_impl.rb:60:in `generate_finance_terms'
app/controllers/api/v1/finance_term_controller.rb:15:in `generate_terms'
  [1m[36mInsured Load (0.1ms)[0m  [1m[34mSELECT "insureds".* FROM "insureds" WHERE "insureds"."name" = ? LIMIT ?[0m  [["name", "Pru Kul"], ["LIMIT", 1]]
  [1m[36mInsurancePolicy Load (0.1ms)[0m  [1m[34mSELECT "insurance_policies".* FROM "insurance_policies" WHERE "insurance_policies"."insureds_id" = ? AND "insurance_policies"."premium" IS NULL AND "insurance_policies"."tax_fee" IS NULL LIMIT ?[0m  [["insureds_id", 2], ["LIMIT", 1]]
  [1m[36mInsurancePolicy Load (0.1ms)[0m  [1m[34mSELECT "insurance_policies".* FROM "insurance_policies" WHERE "insurance_policies"."insureds_id" = ? AND "insurance_policies"."premium" IS NULL AND "insurance_policies"."tax_fee" IS NULL LIMIT ?[0m  [["insureds_id", 2], ["LIMIT", 1]]
Started POST "/api/v1/finance-term" for ::1 at 2024-03-23 23:30:30 -0400
  [1m[36mActiveRecord::SchemaMigration Load (0.3ms)[0m  [1m[34mSELECT "schema_migrations"."version" FROM "schema_migrations" ORDER BY "schema_migrations"."version" ASC[0m
Processing by Api::V1::FinanceTermController#generate_terms as JSON
  Parameters: {"policies"=>[{"insured_name"=>"Pru Kul", "insured_policies"=>[{"premium"=>200, "tax_fee"=>50}, {"premium"=>300, "tax_fee"=>50}], "due_date"=>"12/12/2023"}], "finance_term"=>{}}
Can't verify CSRF token authenticity.
  [1m[36mInsured Load (0.2ms)[0m  [1m[34mSELECT "insureds".* FROM "insureds" WHERE "insureds"."name" = ? LIMIT ?[0m  [["name", "Pru Kul"], ["LIMIT", 1]]
  â†³ app/models/insured.rb:8:in `create'
  [1m[36mInsurancePolicy Load (0.2ms)[0m  [1m[34mSELECT "insurance_policies".* FROM "insurance_policies" WHERE "insurance_policies"."insureds_id" = ? AND "insurance_policies"."premium" = ? AND "insurance_policies"."tax_fee" = ? LIMIT ?[0m  [["insureds_id", 2], ["premium", 200.0], ["tax_fee", 50.0], ["LIMIT", 1]]
  â†³ app/models/insurance_policy.rb:8:in `create'
  [1m[36mTRANSACTION (0.1ms)[0m  [1m[36mbegin transaction[0m
  â†³ app/models/insurance_policy.rb:11:in `create'
  [1m[36mInsurancePolicy Create (3.5ms)[0m  [1m[32mINSERT INTO "insurance_policies" ("premium", "tax_fee", "insureds_id", "created_at", "updated_at") VALUES (?, ?, ?, ?, ?) RETURNING "id"[0m  [["premium", 200.0], ["tax_fee", 50.0], ["insureds_id", 2], ["created_at", "2024-03-24 03:30:31.170909"], ["updated_at", "2024-03-24 03:30:31.170909"]]
  â†³ app/models/insurance_policy.rb:11:in `create'
  [1m[36mTRANSACTION (0.3ms)[0m  [1m[36mcommit transaction[0m
  â†³ app/models/insurance_policy.rb:11:in `create'
  [1m[36mInsurancePolicy Load (0.2ms)[0m  [1m[34mSELECT "insurance_policies".* FROM "insurance_policies" WHERE "insurance_policies"."insureds_id" = ? AND "insurance_policies"."premium" = ? AND "insurance_policies"."tax_fee" = ? LIMIT ?[0m  [["insureds_id", 2], ["premium", 300.0], ["tax_fee", 50.0], ["LIMIT", 1]]
  â†³ app/models/insurance_policy.rb:8:in `create'
  [1m[36mTRANSACTION (0.1ms)[0m  [1m[36mbegin transaction[0m
  â†³ app/models/insurance_policy.rb:11:in `create'
  [1m[36mInsurancePolicy Create (2.6ms)[0m  [1m[32mINSERT INTO "insurance_policies" ("premium", "tax_fee", "insureds_id", "created_at", "updated_at") VALUES (?, ?, ?, ?, ?) RETURNING "id"[0m  [["premium", 300.0], ["tax_fee", 50.0], ["insureds_id", 2], ["created_at", "2024-03-24 03:30:31.181725"], ["updated_at", "2024-03-24 03:30:31.181725"]]
  â†³ app/models/insurance_policy.rb:11:in `create'
  [1m[36mTRANSACTION (0.2ms)[0m  [1m[36mcommit transaction[0m
  â†³ app/models/insurance_policy.rb:11:in `create'
Completed 500 Internal Server Error in 217ms (ActiveRecord: 12.3ms | Allocations: 121125)


  
NoMethodError (undefined method `insured_id' for #<InsurancePolicy id: 2, premium: 0.2e3, tax_fee: 0.5e2, insureds_id: 2, created_at: "2024-03-24 03:30:31.170909000 +0000", updated_at: "2024-03-24 03:30:31.170909000 +0000">
Did you mean?  insureds_id
               insureds_id=
               insureds_id?
               insured
               insured=):
  
app/impl/insurance_policy_impl.rb:66:in `each'
app/impl/insurance_policy_impl.rb:66:in `group_by'
app/impl/insurance_policy_impl.rb:66:in `generate_finance_terms'
app/controllers/api/v1/finance_term_controller.rb:15:in `generate_terms'
Started POST "/api/v1/finance-term" for ::1 at 2024-03-23 23:35:18 -0400
  [1m[36mActiveRecord::SchemaMigration Load (0.2ms)[0m  [1m[34mSELECT "schema_migrations"."version" FROM "schema_migrations" ORDER BY "schema_migrations"."version" ASC[0m
Processing by Api::V1::FinanceTermController#generate_terms as JSON
  Parameters: {"policies"=>[{"insured_name"=>"Pru Kul", "insured_policies"=>[{"premium"=>200, "tax_fee"=>50}, {"premium"=>300, "tax_fee"=>50}], "due_date"=>"12/12/2023"}], "finance_term"=>{}}
Can't verify CSRF token authenticity.
  [1m[36mInsured Load (0.3ms)[0m  [1m[34mSELECT "insureds".* FROM "insureds" WHERE "insureds"."name" = ? LIMIT ?[0m  [["name", "Pru Kul"], ["LIMIT", 1]]
  â†³ app/models/insured.rb:8:in `create'
  [1m[36mInsurancePolicy Load (0.2ms)[0m  [1m[34mSELECT "insurance_policies".* FROM "insurance_policies" WHERE "insurance_policies"."insureds_id" = ? AND "insurance_policies"."premium" = ? AND "insurance_policies"."tax_fee" = ? LIMIT ?[0m  [["insureds_id", 2], ["premium", 200.0], ["tax_fee", 50.0], ["LIMIT", 1]]
  â†³ app/models/insurance_policy.rb:8:in `create'
  [1m[36mInsurancePolicy Load (0.1ms)[0m  [1m[34mSELECT "insurance_policies".* FROM "insurance_policies" WHERE "insurance_policies"."insureds_id" = ? AND "insurance_policies"."premium" = ? AND "insurance_policies"."tax_fee" = ? LIMIT ?[0m  [["insureds_id", 2], ["premium", 300.0], ["tax_fee", 50.0], ["LIMIT", 1]]
  â†³ app/models/insurance_policy.rb:8:in `create'
Completed 500 Internal Server Error in 157ms (ActiveRecord: 3.6ms | Allocations: 116137)


  
NameError (uninitialized constant FinanceTermImpl::FinanceTermDBDTO
Did you mean?  FinanceTermDbDto
               FinanceTermOpDto):
  
app/impl/finance_term_impl.rb:31:in `calculate'
app/impl/finance_term_impl.rb:9:in `block in calculate_and_create'
app/impl/finance_term_impl.rb:8:in `each'
app/impl/finance_term_impl.rb:8:in `calculate_and_create'
app/impl/insurance_policy_impl.rb:69:in `generate_finance_terms'
app/controllers/api/v1/finance_term_controller.rb:15:in `generate_terms'
Started POST "/api/v1/finance-term" for ::1 at 2024-03-23 23:36:27 -0400
  [1m[36mActiveRecord::SchemaMigration Load (0.2ms)[0m  [1m[34mSELECT "schema_migrations"."version" FROM "schema_migrations" ORDER BY "schema_migrations"."version" ASC[0m
Processing by Api::V1::FinanceTermController#generate_terms as JSON
  Parameters: {"policies"=>[{"insured_name"=>"Pru Kul", "insured_policies"=>[{"premium"=>200, "tax_fee"=>50}, {"premium"=>300, "tax_fee"=>50}], "due_date"=>"12/12/2023"}], "finance_term"=>{}}
Can't verify CSRF token authenticity.
  [1m[36mInsured Load (0.2ms)[0m  [1m[34mSELECT "insureds".* FROM "insureds" WHERE "insureds"."name" = ? LIMIT ?[0m  [["name", "Pru Kul"], ["LIMIT", 1]]
  â†³ app/models/insured.rb:8:in `create'
  [1m[36mInsurancePolicy Load (0.2ms)[0m  [1m[34mSELECT "insurance_policies".* FROM "insurance_policies" WHERE "insurance_policies"."insureds_id" = ? AND "insurance_policies"."premium" = ? AND "insurance_policies"."tax_fee" = ? LIMIT ?[0m  [["insureds_id", 2], ["premium", 200.0], ["tax_fee", 50.0], ["LIMIT", 1]]
  â†³ app/models/insurance_policy.rb:8:in `create'
  [1m[36mInsurancePolicy Load (0.1ms)[0m  [1m[34mSELECT "insurance_policies".* FROM "insurance_policies" WHERE "insurance_policies"."insureds_id" = ? AND "insurance_policies"."premium" = ? AND "insurance_policies"."tax_fee" = ? LIMIT ?[0m  [["insureds_id", 2], ["premium", 300.0], ["tax_fee", 50.0], ["LIMIT", 1]]
  â†³ app/models/insurance_policy.rb:8:in `create'
Completed 500 Internal Server Error in 147ms (ActiveRecord: 3.6ms | Allocations: 115801)


  
NameError (undefined local variable or method `insured_due_date' for FinanceTermImpl:Class
Did you mean?  insured_due_date_hash):
  
app/impl/finance_term_impl.rb:12:in `block in calculate_and_create'
app/impl/finance_term_impl.rb:10:in `each'
app/impl/finance_term_impl.rb:10:in `calculate_and_create'
app/impl/insurance_policy_impl.rb:69:in `generate_finance_terms'
app/controllers/api/v1/finance_term_controller.rb:15:in `generate_terms'
Started POST "/api/v1/finance-term" for ::1 at 2024-03-23 23:37:05 -0400
  [1m[36mActiveRecord::SchemaMigration Load (0.7ms)[0m  [1m[34mSELECT "schema_migrations"."version" FROM "schema_migrations" ORDER BY "schema_migrations"."version" ASC[0m
Processing by Api::V1::FinanceTermController#generate_terms as JSON
  Parameters: {"policies"=>[{"insured_name"=>"Pru Kul", "insured_policies"=>[{"premium"=>200, "tax_fee"=>50}, {"premium"=>300, "tax_fee"=>50}], "due_date"=>"12/12/2023"}], "finance_term"=>{}}
Can't verify CSRF token authenticity.
  [1m[36mInsured Load (0.2ms)[0m  [1m[34mSELECT "insureds".* FROM "insureds" WHERE "insureds"."name" = ? LIMIT ?[0m  [["name", "Pru Kul"], ["LIMIT", 1]]
  â†³ app/models/insured.rb:8:in `create'
  [1m[36mInsurancePolicy Load (0.2ms)[0m  [1m[34mSELECT "insurance_policies".* FROM "insurance_policies" WHERE "insurance_policies"."insureds_id" = ? AND "insurance_policies"."premium" = ? AND "insurance_policies"."tax_fee" = ? LIMIT ?[0m  [["insureds_id", 2], ["premium", 200.0], ["tax_fee", 50.0], ["LIMIT", 1]]
  â†³ app/models/insurance_policy.rb:8:in `create'
  [1m[36mInsurancePolicy Load (0.1ms)[0m  [1m[34mSELECT "insurance_policies".* FROM "insurance_policies" WHERE "insurance_policies"."insureds_id" = ? AND "insurance_policies"."premium" = ? AND "insurance_policies"."tax_fee" = ? LIMIT ?[0m  [["insureds_id", 2], ["premium", 300.0], ["tax_fee", 50.0], ["LIMIT", 1]]
  â†³ app/models/insurance_policy.rb:8:in `create'
  [1m[36mFinanceTerm Load (1.7ms)[0m  [1m[34mSELECT "finance_terms".* FROM "finance_terms" WHERE "finance_terms"."policy_id" IN (?, ?) LIMIT ?[0m  [["policy_id", 2], ["policy_id", 3], ["LIMIT", 1]]
  â†³ app/models/finance_term.rb:7:in `create'
Completed 500 Internal Server Error in 134ms (ActiveRecord: 5.3ms | Allocations: 115600)


  
ActiveRecord::StatementInvalid (SQLite3::SQLException: no such column: finance_terms.policy_id):
  
Started POST "/api/v1/finance-term" for ::1 at 2024-03-23 23:38:44 -0400
  [1m[36mActiveRecord::SchemaMigration Load (0.6ms)[0m  [1m[34mSELECT "schema_migrations"."version" FROM "schema_migrations" ORDER BY "schema_migrations"."version" ASC[0m
Processing by Api::V1::FinanceTermController#generate_terms as JSON
  Parameters: {"policies"=>[{"insured_name"=>"Pru Kul", "insured_policies"=>[{"premium"=>200, "tax_fee"=>50}, {"premium"=>300, "tax_fee"=>50}], "due_date"=>"12/12/2023"}], "finance_term"=>{}}
Can't verify CSRF token authenticity.
  [1m[36mInsured Load (0.2ms)[0m  [1m[34mSELECT "insureds".* FROM "insureds" WHERE "insureds"."name" = ? LIMIT ?[0m  [["name", "Pru Kul"], ["LIMIT", 1]]
  â†³ app/models/insured.rb:8:in `create'
  [1m[36mInsurancePolicy Load (0.1ms)[0m  [1m[34mSELECT "insurance_policies".* FROM "insurance_policies" WHERE "insurance_policies"."insureds_id" = ? AND "insurance_policies"."premium" = ? AND "insurance_policies"."tax_fee" = ? LIMIT ?[0m  [["insureds_id", 2], ["premium", 200.0], ["tax_fee", 50.0], ["LIMIT", 1]]
  â†³ app/models/insurance_policy.rb:8:in `create'
  [1m[36mInsurancePolicy Load (0.1ms)[0m  [1m[34mSELECT "insurance_policies".* FROM "insurance_policies" WHERE "insurance_policies"."insureds_id" = ? AND "insurance_policies"."premium" = ? AND "insurance_policies"."tax_fee" = ? LIMIT ?[0m  [["insureds_id", 2], ["premium", 300.0], ["tax_fee", 50.0], ["LIMIT", 1]]
  â†³ app/models/insurance_policy.rb:8:in `create'
  [1m[36mFinanceTerm Load (0.8ms)[0m  [1m[34mSELECT "finance_terms".* FROM "finance_terms" WHERE "finance_terms"."policy_ids" IN (?, ?) LIMIT ?[0m  [["policy_ids", "2"], ["policy_ids", "3"], ["LIMIT", 1]]
  â†³ app/models/finance_term.rb:7:in `create'
  [1m[36mTRANSACTION (0.1ms)[0m  [1m[36mbegin transaction[0m
  â†³ app/models/finance_term.rb:11:in `create'
  [1m[36mFinanceTerm Create (1.2ms)[0m  [1m[32mINSERT INTO "finance_terms" ("policy_ids", "downpayment", "amt_financed", "due_date", "is_accepted", "created_at", "updated_at") VALUES (?, ?, ?, ?, ?, ?, ?) RETURNING "id"[0m  [["policy_ids", "[2, 3]"], ["downpayment", 200.0], ["amt_financed", 400.0], ["due_date", "2023-12-12 00:00:00"], ["is_accepted", 0], ["created_at", "2024-03-24 03:38:45.290347"], ["updated_at", "2024-03-24 03:38:45.290347"]]
  â†³ app/models/finance_term.rb:11:in `create'
  [1m[36mTRANSACTION (0.1ms)[0m  [1m[36mcommit transaction[0m
  â†³ app/models/finance_term.rb:11:in `create'
Completed 201 Created in 262ms (Views: 1.8ms | ActiveRecord: 5.5ms | Allocations: 181685)


Started POST "/api/v1/finance-term" for ::1 at 2024-03-23 23:39:57 -0400
Processing by Api::V1::FinanceTermController#generate_terms as JSON
  Parameters: {"policies"=>[{"insured_name"=>"Pru Kul", "insured_policies"=>[{"premium"=>200, "tax_fee"=>50}, {"premium"=>300, "tax_fee"=>50}], "due_date"=>"12/12/2023"}], "finance_term"=>{}}
Can't verify CSRF token authenticity.
  [1m[36mInsured Load (0.3ms)[0m  [1m[34mSELECT "insureds".* FROM "insureds" WHERE "insureds"."name" = ? LIMIT ?[0m  [["name", "Pru Kul"], ["LIMIT", 1]]
  â†³ app/models/insured.rb:8:in `create'
  [1m[36mInsurancePolicy Load (0.1ms)[0m  [1m[34mSELECT "insurance_policies".* FROM "insurance_policies" WHERE "insurance_policies"."insureds_id" = ? AND "insurance_policies"."premium" = ? AND "insurance_policies"."tax_fee" = ? LIMIT ?[0m  [["insureds_id", 2], ["premium", 200.0], ["tax_fee", 50.0], ["LIMIT", 1]]
  â†³ app/models/insurance_policy.rb:8:in `create'
  [1m[36mInsurancePolicy Load (0.1ms)[0m  [1m[34mSELECT "insurance_policies".* FROM "insurance_policies" WHERE "insurance_policies"."insureds_id" = ? AND "insurance_policies"."premium" = ? AND "insurance_policies"."tax_fee" = ? LIMIT ?[0m  [["insureds_id", 2], ["premium", 300.0], ["tax_fee", 50.0], ["LIMIT", 1]]
  â†³ app/models/insurance_policy.rb:8:in `create'
  [1m[36mFinanceTerm Load (0.2ms)[0m  [1m[34mSELECT "finance_terms".* FROM "finance_terms" WHERE "finance_terms"."policy_ids" IN (?, ?) LIMIT ?[0m  [["policy_ids", "2"], ["policy_ids", "3"], ["LIMIT", 1]]
  â†³ app/models/finance_term.rb:7:in `create'
  [1m[36mTRANSACTION (0.1ms)[0m  [1m[36mbegin transaction[0m
  â†³ app/models/finance_term.rb:11:in `create'
  [1m[36mFinanceTerm Create (1.3ms)[0m  [1m[32mINSERT INTO "finance_terms" ("policy_ids", "downpayment", "amt_financed", "due_date", "is_accepted", "created_at", "updated_at") VALUES (?, ?, ?, ?, ?, ?, ?) RETURNING "id"[0m  [["policy_ids", "[2, 3]"], ["downpayment", 200.0], ["amt_financed", 400.0], ["due_date", "2023-12-12 00:00:00"], ["is_accepted", 0], ["created_at", "2024-03-24 03:39:57.533985"], ["updated_at", "2024-03-24 03:39:57.533985"]]
  â†³ app/models/finance_term.rb:11:in `create'
  [1m[36mTRANSACTION (1.3ms)[0m  [1m[36mcommit transaction[0m
  â†³ app/models/finance_term.rb:11:in `create'
Completed 201 Created in 20ms (Views: 0.9ms | ActiveRecord: 3.3ms | Allocations: 5103)


Started POST "/api/v1/finance-term" for ::1 at 2024-03-23 23:43:01 -0400
  [1m[36mActiveRecord::SchemaMigration Load (0.8ms)[0m  [1m[34mSELECT "schema_migrations"."version" FROM "schema_migrations" ORDER BY "schema_migrations"."version" ASC[0m
Processing by Api::V1::FinanceTermController#generate_terms as JSON
  Parameters: {"policies"=>[{"insured_name"=>"Pru Kul", "insured_policies"=>[{"premium"=>200, "tax_fee"=>50}, {"premium"=>300, "tax_fee"=>50}], "due_date"=>"12/12/2023"}], "finance_term"=>{}}
Can't verify CSRF token authenticity.
  [1m[36mInsured Load (0.4ms)[0m  [1m[34mSELECT "insureds".* FROM "insureds" WHERE "insureds"."name" = ? LIMIT ?[0m  [["name", "Pru Kul"], ["LIMIT", 1]]
  â†³ app/models/insured.rb:8:in `create'
  [1m[36mInsurancePolicy Load (0.1ms)[0m  [1m[34mSELECT "insurance_policies".* FROM "insurance_policies" WHERE "insurance_policies"."insureds_id" = ? AND "insurance_policies"."premium" = ? AND "insurance_policies"."tax_fee" = ? LIMIT ?[0m  [["insureds_id", 2], ["premium", 200.0], ["tax_fee", 50.0], ["LIMIT", 1]]
  â†³ app/models/insurance_policy.rb:8:in `create'
  [1m[36mInsurancePolicy Load (0.3ms)[0m  [1m[34mSELECT "insurance_policies".* FROM "insurance_policies" WHERE "insurance_policies"."insureds_id" = ? AND "insurance_policies"."premium" = ? AND "insurance_policies"."tax_fee" = ? LIMIT ?[0m  [["insureds_id", 2], ["premium", 300.0], ["tax_fee", 50.0], ["LIMIT", 1]]
  â†³ app/models/insurance_policy.rb:8:in `create'
  [1m[36mFinanceTerm Load (0.5ms)[0m  [1m[34mSELECT "finance_terms".* FROM "finance_terms" WHERE "finance_terms"."policy_ids" IN (?, ?) AND "finance_terms"."downpayment" = ? AND "finance_terms"."amt_financed" = ? AND "finance_terms"."due_date" = ? LIMIT ?[0m  [["policy_ids", "2"], ["policy_ids", "3"], ["downpayment", 200.0], ["amt_financed", 400.0], ["due_date", "2023-12-12 00:00:00"], ["LIMIT", 1]]
  â†³ app/models/finance_term.rb:7:in `create'
  [1m[36mTRANSACTION (0.1ms)[0m  [1m[36mbegin transaction[0m
  â†³ app/models/finance_term.rb:11:in `create'
  [1m[36mFinanceTerm Create (1.7ms)[0m  [1m[32mINSERT INTO "finance_terms" ("policy_ids", "downpayment", "amt_financed", "due_date", "is_accepted", "created_at", "updated_at") VALUES (?, ?, ?, ?, ?, ?, ?) RETURNING "id"[0m  [["policy_ids", "[2, 3]"], ["downpayment", 200.0], ["amt_financed", 400.0], ["due_date", "2023-12-12 00:00:00"], ["is_accepted", 0], ["created_at", "2024-03-24 03:43:02.503314"], ["updated_at", "2024-03-24 03:43:02.503314"]]
  â†³ app/models/finance_term.rb:11:in `create'
  [1m[36mTRANSACTION (0.1ms)[0m  [1m[36mcommit transaction[0m
  â†³ app/models/finance_term.rb:11:in `create'
Completed 201 Created in 405ms (Views: 0.8ms | ActiveRecord: 17.4ms | Allocations: 181706)


  [1m[36mActiveRecord::InternalMetadata Load (0.1ms)[0m  [1m[34mSELECT * FROM "ar_internal_metadata" WHERE "ar_internal_metadata"."key" = ? ORDER BY "ar_internal_metadata"."key" ASC LIMIT 1[0m  [[nil, "environment"]]
  [1m[36mActiveRecord::SchemaMigration Load (0.1ms)[0m  [1m[34mSELECT "schema_migrations"."version" FROM "schema_migrations" ORDER BY "schema_migrations"."version" ASC[0m
Migrating to CreateInsured (20240324040732)
  [1m[36mTRANSACTION (0.0ms)[0m  [1m[36mbegin transaction[0m
  [1m[35m (1.5ms)[0m  [1m[35mCREATE TABLE "insureds" ("id" integer PRIMARY KEY AUTOINCREMENT NOT NULL, "name" varchar, "created_at" datetime(6) NOT NULL, "updated_at" datetime(6) NOT NULL)[0m
  [1m[36mActiveRecord::SchemaMigration Create (0.2ms)[0m  [1m[32mINSERT INTO "schema_migrations" ("version") VALUES ('20240324040732') RETURNING "version"[0m
  [1m[36mTRANSACTION (0.1ms)[0m  [1m[36mcommit transaction[0m
Migrating to CreateInsurancePolicy (20240324040740)
  [1m[36mTRANSACTION (0.0ms)[0m  [1m[36mbegin transaction[0m
  [1m[35m (0.6ms)[0m  [1m[35mCREATE TABLE "insurance_policies" ("id" integer PRIMARY KEY AUTOINCREMENT NOT NULL, "premium" decimal, "tax_fee" decimal, "insureds_id" integer NOT NULL, "created_at" datetime(6) NOT NULL, "updated_at" datetime(6) NOT NULL, CONSTRAINT "fk_rails_43dc707e0f"
FOREIGN KEY ("insureds_id")
  REFERENCES "insureds" ("id")
)[0m
  [1m[35m (0.1ms)[0m  [1m[35mCREATE INDEX "index_insurance_policies_on_insureds_id" ON "insurance_policies" ("insureds_id")[0m
  [1m[36mActiveRecord::SchemaMigration Create (0.1ms)[0m  [1m[32mINSERT INTO "schema_migrations" ("version") VALUES ('20240324040740') RETURNING "version"[0m
  [1m[36mTRANSACTION (0.1ms)[0m  [1m[36mcommit transaction[0m
Migrating to CreateFinanceTerm (20240324040826)
  [1m[36mActiveRecord::InternalMetadata Load (0.2ms)[0m  [1m[34mSELECT * FROM "ar_internal_metadata" WHERE "ar_internal_metadata"."key" = ? ORDER BY "ar_internal_metadata"."key" ASC LIMIT 1[0m  [[nil, "environment"]]
  [1m[36mActiveRecord::SchemaMigration Load (0.3ms)[0m  [1m[34mSELECT "schema_migrations"."version" FROM "schema_migrations" ORDER BY "schema_migrations"."version" ASC[0m
Migrating to CreateFinanceTerm (20240324040826)
  [1m[36mTRANSACTION (0.1ms)[0m  [1m[36mbegin transaction[0m
  [1m[35m (1.2ms)[0m  [1m[35mCREATE TABLE "finance_terms" ("id" integer PRIMARY KEY AUTOINCREMENT NOT NULL, "downpayment" decimal, "amt_financed" decimal, "due_date" datetime(6), "is_accepted" boolean DEFAULT 0, "insureds_id" integer NOT NULL, "created_at" datetime(6) NOT NULL, "updated_at" datetime(6) NOT NULL, CONSTRAINT "fk_rails_8d73491115"
FOREIGN KEY ("insureds_id")
  REFERENCES "insureds" ("id")
)[0m
  [1m[35m (0.1ms)[0m  [1m[35mCREATE INDEX "index_finance_terms_on_insureds_id" ON "finance_terms" ("insureds_id")[0m
  [1m[36mActiveRecord::SchemaMigration Create (0.1ms)[0m  [1m[32mINSERT INTO "schema_migrations" ("version") VALUES ('20240324040826') RETURNING "version"[0m
  [1m[36mTRANSACTION (0.1ms)[0m  [1m[36mcommit transaction[0m
Migrating to AddPolicyIdsToFinanceTerm (20240324041811)
  [1m[36mActiveRecord::InternalMetadata Load (0.1ms)[0m  [1m[34mSELECT * FROM "ar_internal_metadata" WHERE "ar_internal_metadata"."key" = ? ORDER BY "ar_internal_metadata"."key" ASC LIMIT 1[0m  [[nil, "environment"]]
  [1m[36mActiveRecord::SchemaMigration Load (0.1ms)[0m  [1m[34mSELECT "schema_migrations"."version" FROM "schema_migrations" ORDER BY "schema_migrations"."version" ASC[0m
Migrating to AddPolicyIdsToFinanceTerm (20240324041811)
  [1m[36mActiveRecord::InternalMetadata Load (0.2ms)[0m  [1m[34mSELECT * FROM "ar_internal_metadata" WHERE "ar_internal_metadata"."key" = ? ORDER BY "ar_internal_metadata"."key" ASC LIMIT 1[0m  [[nil, "environment"]]
  [1m[36mActiveRecord::SchemaMigration Load (0.1ms)[0m  [1m[34mSELECT "schema_migrations"."version" FROM "schema_migrations" ORDER BY "schema_migrations"."version" ASC[0m
  [1m[36mActiveRecord::SchemaMigration Load (0.1ms)[0m  [1m[34mSELECT "schema_migrations"."version" FROM "schema_migrations" ORDER BY "schema_migrations"."version" ASC[0m
  [1m[36mActiveRecord::InternalMetadata Load (0.2ms)[0m  [1m[34mSELECT * FROM "ar_internal_metadata" WHERE "ar_internal_metadata"."key" = ? ORDER BY "ar_internal_metadata"."key" ASC LIMIT 1[0m  [[nil, "environment"]]
  [1m[36mActiveRecord::SchemaMigration Load (0.1ms)[0m  [1m[34mSELECT "schema_migrations"."version" FROM "schema_migrations" ORDER BY "schema_migrations"."version" ASC[0m
Migrating to CreateInsured (20240324045450)
  [1m[36mTRANSACTION (0.0ms)[0m  [1m[36mbegin transaction[0m
  [1m[35m (1.2ms)[0m  [1m[35mCREATE TABLE "insureds" ("id" integer PRIMARY KEY AUTOINCREMENT NOT NULL, "name" varchar, "created_at" datetime(6) NOT NULL, "updated_at" datetime(6) NOT NULL)[0m
  [1m[36mActiveRecord::SchemaMigration Create (0.1ms)[0m  [1m[32mINSERT INTO "schema_migrations" ("version") VALUES ('20240324045450') RETURNING "version"[0m
  [1m[36mTRANSACTION (0.4ms)[0m  [1m[36mcommit transaction[0m
Migrating to CreateInsurancePolicy (20240324045455)
  [1m[36mTRANSACTION (0.1ms)[0m  [1m[36mbegin transaction[0m
  [1m[35m (1.0ms)[0m  [1m[35mCREATE TABLE "insurance_policies" ("id" integer PRIMARY KEY AUTOINCREMENT NOT NULL, "premium" decimal, "tax_fee" decimal, "insureds_id" integer NOT NULL, "created_at" datetime(6) NOT NULL, "updated_at" datetime(6) NOT NULL, CONSTRAINT "fk_rails_43dc707e0f"
FOREIGN KEY ("insureds_id")
  REFERENCES "insureds" ("id")
)[0m
  [1m[35m (0.1ms)[0m  [1m[35mCREATE INDEX "index_insurance_policies_on_insureds_id" ON "insurance_policies" ("insureds_id")[0m
  [1m[36mActiveRecord::SchemaMigration Create (0.2ms)[0m  [1m[32mINSERT INTO "schema_migrations" ("version") VALUES ('20240324045455') RETURNING "version"[0m
  [1m[36mTRANSACTION (0.2ms)[0m  [1m[36mcommit transaction[0m
Migrating to CreateFinanceTerm (20240324045500)
  [1m[36mTRANSACTION (0.1ms)[0m  [1m[36mbegin transaction[0m
  [1m[35m (1.2ms)[0m  [1m[35mCREATE TABLE "finance_terms" ("id" integer PRIMARY KEY AUTOINCREMENT NOT NULL, "policy_ids" text, "downpayment" decimal, "amt_financed" decimal, "due_date" datetime(6), "is_accepted" boolean, "insureds_id" integer NOT NULL, "created_at" datetime(6) NOT NULL, "updated_at" datetime(6) NOT NULL, CONSTRAINT "fk_rails_8d73491115"
FOREIGN KEY ("insureds_id")
  REFERENCES "insureds" ("id")
)[0m
  [1m[35m (0.1ms)[0m  [1m[35mCREATE INDEX "index_finance_terms_on_insureds_id" ON "finance_terms" ("insureds_id")[0m
  [1m[36mActiveRecord::SchemaMigration Create (0.1ms)[0m  [1m[32mINSERT INTO "schema_migrations" ("version") VALUES ('20240324045500') RETURNING "version"[0m
  [1m[36mTRANSACTION (0.2ms)[0m  [1m[36mcommit transaction[0m
  [1m[36mActiveRecord::SchemaMigration Load (0.1ms)[0m  [1m[34mSELECT "schema_migrations"."version" FROM "schema_migrations" ORDER BY "schema_migrations"."version" ASC[0m
Started POST "/api/v1/finance-term" for ::1 at 2024-03-24 00:55:24 -0400
  [1m[36mActiveRecord::SchemaMigration Load (0.2ms)[0m  [1m[34mSELECT "schema_migrations"."version" FROM "schema_migrations" ORDER BY "schema_migrations"."version" ASC[0m
DEPRECATION WARNING: Passing the class as positional argument is deprecated and will be removed in Rails 7.2.

Please pass the class as a keyword argument:

  serialize :policy_ids, type: Array
 (called from <class:FinanceTerm> at /Users/pruthakulkarni/rubyApps/testProj/app/models/finance_term.rb:3)
  
ArgumentError (missing keyword: :coder If no default coder is configured, a coder must be provided to `serialize`.):
  
app/models/finance_term.rb:3:in `<class:FinanceTerm>'
app/models/finance_term.rb:1:in `<main>'
Started POST "/api/v1/finance-term" for ::1 at 2024-03-24 01:09:43 -0400
  [1m[36mActiveRecord::SchemaMigration Load (0.4ms)[0m  [1m[34mSELECT "schema_migrations"."version" FROM "schema_migrations" ORDER BY "schema_migrations"."version" ASC[0m
Processing by Api::V1::FinanceTermController#generate_terms as JSON
  Parameters: {"policies"=>[{"insured_name"=>"Pru Kul", "insured_policies"=>[{"premium"=>200, "tax_fee"=>50}, {"premium"=>300, "tax_fee"=>50}], "due_date"=>"12/12/2023"}], "finance_term"=>{}}
Can't verify CSRF token authenticity.
  [1m[36mInsured Load (0.6ms)[0m  [1m[34mSELECT "insureds".* FROM "insureds" WHERE "insureds"."name" = ? LIMIT ?[0m  [["name", "Pru Kul"], ["LIMIT", 1]]
  â†³ app/models/insured.rb:8:in `create'
  [1m[36mTRANSACTION (0.2ms)[0m  [1m[36mbegin transaction[0m
  â†³ app/models/insured.rb:9:in `create'
  [1m[36mInsured Create (5.1ms)[0m  [1m[32mINSERT INTO "insureds" ("name", "created_at", "updated_at") VALUES (?, ?, ?) RETURNING "id"[0m  [["name", "Pru Kul"], ["created_at", "2024-03-24 05:09:43.791738"], ["updated_at", "2024-03-24 05:09:43.791738"]]
  â†³ app/models/insured.rb:9:in `create'
  [1m[36mTRANSACTION (0.6ms)[0m  [1m[36mcommit transaction[0m
  â†³ app/models/insured.rb:9:in `create'
  [1m[36mInsurancePolicy Load (0.7ms)[0m  [1m[34mSELECT "insurance_policies".* FROM "insurance_policies" WHERE "insurance_policies"."insureds_id" = ? AND "insurance_policies"."premium" = ? AND "insurance_policies"."tax_fee" = ? LIMIT ?[0m  [["insureds_id", 1], ["premium", 200.0], ["tax_fee", 50.0], ["LIMIT", 1]]
  â†³ app/models/insurance_policy.rb:8:in `create'
  [1m[36mTRANSACTION (0.1ms)[0m  [1m[36mbegin transaction[0m
  â†³ app/models/insurance_policy.rb:11:in `create'
  [1m[36mInsurancePolicy Create (2.6ms)[0m  [1m[32mINSERT INTO "insurance_policies" ("premium", "tax_fee", "insureds_id", "created_at", "updated_at") VALUES (?, ?, ?, ?, ?) RETURNING "id"[0m  [["premium", 200.0], ["tax_fee", 50.0], ["insureds_id", 1], ["created_at", "2024-03-24 05:09:43.870310"], ["updated_at", "2024-03-24 05:09:43.870310"]]
  â†³ app/models/insurance_policy.rb:11:in `create'
  [1m[36mTRANSACTION (0.6ms)[0m  [1m[36mcommit transaction[0m
  â†³ app/models/insurance_policy.rb:11:in `create'
  [1m[36mInsurancePolicy Load (0.1ms)[0m  [1m[34mSELECT "insurance_policies".* FROM "insurance_policies" WHERE "insurance_policies"."insureds_id" = ? AND "insurance_policies"."premium" = ? AND "insurance_policies"."tax_fee" = ? LIMIT ?[0m  [["insureds_id", 1], ["premium", 300.0], ["tax_fee", 50.0], ["LIMIT", 1]]
  â†³ app/models/insurance_policy.rb:8:in `create'
  [1m[36mTRANSACTION (0.1ms)[0m  [1m[36mbegin transaction[0m
  â†³ app/models/insurance_policy.rb:11:in `create'
  [1m[36mInsurancePolicy Create (2.5ms)[0m  [1m[32mINSERT INTO "insurance_policies" ("premium", "tax_fee", "insureds_id", "created_at", "updated_at") VALUES (?, ?, ?, ?, ?) RETURNING "id"[0m  [["premium", 300.0], ["tax_fee", 50.0], ["insureds_id", 1], ["created_at", "2024-03-24 05:09:43.880594"], ["updated_at", "2024-03-24 05:09:43.880594"]]
  â†³ app/models/insurance_policy.rb:11:in `create'
  [1m[36mTRANSACTION (0.3ms)[0m  [1m[36mcommit transaction[0m
  â†³ app/models/insurance_policy.rb:11:in `create'
Completed 500 Internal Server Error in 242ms (ActiveRecord: 16.5ms | Allocations: 120723)


  
NoMethodError (undefined method `insured_id' for #<FinanceTermDBDTO:0x00007f8aaea45a48 @policy_ids=[1, 2], @downpayment=0.2e3, @amt_financed=0.4e3, @insureds_id=1, @due_date="12/12/2023">
Did you mean?  insureds_id
               insureds_id=):
  
app/models/finance_term.rb:8:in `create'
app/impl/finance_term_impl.rb:14:in `block in calculate_and_create'
app/impl/finance_term_impl.rb:10:in `each'
app/impl/finance_term_impl.rb:10:in `calculate_and_create'
app/impl/insurance_policy_impl.rb:69:in `generate_finance_terms'
app/controllers/api/v1/finance_term_controller.rb:15:in `generate_terms'
Started POST "/api/v1/finance-term" for ::1 at 2024-03-24 01:10:25 -0400
  [1m[36mActiveRecord::SchemaMigration Load (0.7ms)[0m  [1m[34mSELECT "schema_migrations"."version" FROM "schema_migrations" ORDER BY "schema_migrations"."version" ASC[0m
Processing by Api::V1::FinanceTermController#generate_terms as JSON
  Parameters: {"policies"=>[{"insured_name"=>"Pru Kul", "insured_policies"=>[{"premium"=>200, "tax_fee"=>50}, {"premium"=>300, "tax_fee"=>50}], "due_date"=>"12/12/2023"}], "finance_term"=>{}}
Can't verify CSRF token authenticity.
  [1m[36mInsured Load (0.7ms)[0m  [1m[34mSELECT "insureds".* FROM "insureds" WHERE "insureds"."name" = ? LIMIT ?[0m  [["name", "Pru Kul"], ["LIMIT", 1]]
  â†³ app/models/insured.rb:8:in `create'
  [1m[36mInsurancePolicy Load (0.8ms)[0m  [1m[34mSELECT "insurance_policies".* FROM "insurance_policies" WHERE "insurance_policies"."insureds_id" = ? AND "insurance_policies"."premium" = ? AND "insurance_policies"."tax_fee" = ? LIMIT ?[0m  [["insureds_id", 1], ["premium", 200.0], ["tax_fee", 50.0], ["LIMIT", 1]]
  â†³ app/models/insurance_policy.rb:8:in `create'
  [1m[36mInsurancePolicy Load (0.3ms)[0m  [1m[34mSELECT "insurance_policies".* FROM "insurance_policies" WHERE "insurance_policies"."insureds_id" = ? AND "insurance_policies"."premium" = ? AND "insurance_policies"."tax_fee" = ? LIMIT ?[0m  [["insureds_id", 1], ["premium", 300.0], ["tax_fee", 50.0], ["LIMIT", 1]]
  â†³ app/models/insurance_policy.rb:8:in `create'
Completed 500 Internal Server Error in 208ms (ActiveRecord: 9.3ms | Allocations: 114774)


  
NoMethodError (undefined method `insured_id' for #<FinanceTermDBDTO:0x00007f902ac783e8 @policy_ids=[1, 2], @downpayment=0.2e3, @amt_financed=0.4e3, @insureds_id=1, @due_date="12/12/2023">
Did you mean?  insureds_id
               insureds_id=):
  
app/models/finance_term.rb:8:in `create'
app/impl/finance_term_impl.rb:14:in `block in calculate_and_create'
app/impl/finance_term_impl.rb:10:in `each'
app/impl/finance_term_impl.rb:10:in `calculate_and_create'
app/impl/insurance_policy_impl.rb:69:in `generate_finance_terms'
app/controllers/api/v1/finance_term_controller.rb:15:in `generate_terms'
Started POST "/api/v1/finance-term" for ::1 at 2024-03-24 01:11:09 -0400
  [1m[36mActiveRecord::SchemaMigration Load (1.9ms)[0m  [1m[34mSELECT "schema_migrations"."version" FROM "schema_migrations" ORDER BY "schema_migrations"."version" ASC[0m
Processing by Api::V1::FinanceTermController#generate_terms as JSON
  Parameters: {"policies"=>[{"insured_name"=>"Pru Kul", "insured_policies"=>[{"premium"=>200, "tax_fee"=>50}, {"premium"=>300, "tax_fee"=>50}], "due_date"=>"12/12/2023"}], "finance_term"=>{}}
Can't verify CSRF token authenticity.
  [1m[36mInsured Load (0.6ms)[0m  [1m[34mSELECT "insureds".* FROM "insureds" WHERE "insureds"."name" = ? LIMIT ?[0m  [["name", "Pru Kul"], ["LIMIT", 1]]
  â†³ app/models/insured.rb:10:in `create'
  [1m[36mInsurancePolicy Load (1.3ms)[0m  [1m[34mSELECT "insurance_policies".* FROM "insurance_policies" WHERE "insurance_policies"."insureds_id" = ? AND "insurance_policies"."premium" = ? AND "insurance_policies"."tax_fee" = ? LIMIT ?[0m  [["insureds_id", 1], ["premium", 200.0], ["tax_fee", 50.0], ["LIMIT", 1]]
  â†³ app/models/insurance_policy.rb:8:in `create'
  [1m[36mInsurancePolicy Load (0.2ms)[0m  [1m[34mSELECT "insurance_policies".* FROM "insurance_policies" WHERE "insurance_policies"."insureds_id" = ? AND "insurance_policies"."premium" = ? AND "insurance_policies"."tax_fee" = ? LIMIT ?[0m  [["insureds_id", 1], ["premium", 300.0], ["tax_fee", 50.0], ["LIMIT", 1]]
  â†³ app/models/insurance_policy.rb:8:in `create'
Completed 500 Internal Server Error in 177ms (ActiveRecord: 9.1ms | Allocations: 114867)


  
NoMethodError (undefined method `insured_id' for #<FinanceTermDBDTO:0x00007f85bac734f8 @policy_ids=[1, 2], @downpayment=0.2e3, @amt_financed=0.4e3, @insureds_id=1, @due_date="12/12/2023">
Did you mean?  insureds_id
               insureds_id=):
  
app/models/finance_term.rb:9:in `create'
app/impl/finance_term_impl.rb:14:in `block in calculate_and_create'
app/impl/finance_term_impl.rb:10:in `each'
app/impl/finance_term_impl.rb:10:in `calculate_and_create'
app/impl/insurance_policy_impl.rb:69:in `generate_finance_terms'
app/controllers/api/v1/finance_term_controller.rb:15:in `generate_terms'
Started POST "/api/v1/finance-term" for ::1 at 2024-03-24 01:11:59 -0400
  [1m[36mActiveRecord::SchemaMigration Load (0.3ms)[0m  [1m[34mSELECT "schema_migrations"."version" FROM "schema_migrations" ORDER BY "schema_migrations"."version" ASC[0m
Processing by Api::V1::FinanceTermController#generate_terms as JSON
  Parameters: {"policies"=>[{"insured_name"=>"Pru Kul", "insured_policies"=>[{"premium"=>200, "tax_fee"=>50}, {"premium"=>300, "tax_fee"=>50}], "due_date"=>"12/12/2023"}], "finance_term"=>{"policies"=>[{"insured_name"=>"Pru Kul", "insured_policies"=>[{"premium"=>200, "tax_fee"=>50}, {"premium"=>300, "tax_fee"=>50}], "due_date"=>"12/12/2023"}]}}
Can't verify CSRF token authenticity.
Completed 500 Internal Server Error in 51ms (ActiveRecord: 1.7ms | Allocations: 8142)


  
ActiveRecord::StatementInvalid (Could not find table 'insureds'):
  
app/models/insured.rb:10:in `create'
app/impl/insured_impl.rb:6:in `create'
app/impl/insurance_policy_impl.rb:78:in `block in create_all'
app/impl/insurance_policy_impl.rb:75:in `each'
app/impl/insurance_policy_impl.rb:75:in `create_all'
app/impl/insurance_policy_impl.rb:60:in `generate_finance_terms'
app/controllers/api/v1/finance_term_controller.rb:15:in `generate_terms'
  [1m[36mActiveRecord::InternalMetadata Load (0.2ms)[0m  [1m[34mSELECT * FROM "ar_internal_metadata" WHERE "ar_internal_metadata"."key" = ? ORDER BY "ar_internal_metadata"."key" ASC LIMIT 1[0m  [[nil, "environment"]]
  [1m[36mActiveRecord::SchemaMigration Load (0.1ms)[0m  [1m[34mSELECT "schema_migrations"."version" FROM "schema_migrations" ORDER BY "schema_migrations"."version" ASC[0m
  [1m[36mActiveRecord::SchemaMigration Load (0.1ms)[0m  [1m[34mSELECT "schema_migrations"."version" FROM "schema_migrations" ORDER BY "schema_migrations"."version" ASC[0m
Started POST "/api/v1/finance-term" for ::1 at 2024-03-24 01:13:15 -0400
  [1m[36mActiveRecord::SchemaMigration Load (0.3ms)[0m  [1m[34mSELECT "schema_migrations"."version" FROM "schema_migrations" ORDER BY "schema_migrations"."version" ASC[0m
Processing by Api::V1::FinanceTermController#generate_terms as JSON
  Parameters: {"policies"=>[{"insured_name"=>"Pru Kul", "insured_policies"=>[{"premium"=>200, "tax_fee"=>50}, {"premium"=>300, "tax_fee"=>50}], "due_date"=>"12/12/2023"}], "finance_term"=>{"policies"=>[{"insured_name"=>"Pru Kul", "insured_policies"=>[{"premium"=>200, "tax_fee"=>50}, {"premium"=>300, "tax_fee"=>50}], "due_date"=>"12/12/2023"}]}}
Can't verify CSRF token authenticity.
Completed 500 Internal Server Error in 26ms (ActiveRecord: 1.9ms | Allocations: 8142)


  
ActiveRecord::StatementInvalid (Could not find table 'insureds'):
  
app/models/insured.rb:10:in `create'
app/impl/insured_impl.rb:6:in `create'
app/impl/insurance_policy_impl.rb:78:in `block in create_all'
app/impl/insurance_policy_impl.rb:75:in `each'
app/impl/insurance_policy_impl.rb:75:in `create_all'
app/impl/insurance_policy_impl.rb:60:in `generate_finance_terms'
app/controllers/api/v1/finance_term_controller.rb:15:in `generate_terms'
  [1m[36mActiveRecord::InternalMetadata Load (0.2ms)[0m  [1m[34mSELECT * FROM "ar_internal_metadata" WHERE "ar_internal_metadata"."key" = ? ORDER BY "ar_internal_metadata"."key" ASC LIMIT 1[0m  [[nil, "environment"]]
  [1m[36mActiveRecord::SchemaMigration Load (0.3ms)[0m  [1m[34mSELECT "schema_migrations"."version" FROM "schema_migrations" ORDER BY "schema_migrations"."version" ASC[0m
Migrating to CreateInsured (20240324051441)
  [1m[36mTRANSACTION (0.1ms)[0m  [1m[36mbegin transaction[0m
  [1m[35m (1.4ms)[0m  [1m[35mCREATE TABLE "insureds" ("id" integer PRIMARY KEY AUTOINCREMENT NOT NULL, "name" varchar, "created_at" datetime(6) NOT NULL, "updated_at" datetime(6) NOT NULL)[0m
  [1m[36mActiveRecord::SchemaMigration Create (0.2ms)[0m  [1m[32mINSERT INTO "schema_migrations" ("version") VALUES ('20240324051441') RETURNING "version"[0m
  [1m[36mTRANSACTION (0.4ms)[0m  [1m[36mcommit transaction[0m
Migrating to CreateInsurancePolicy (20240324051443)
  [1m[36mTRANSACTION (0.0ms)[0m  [1m[36mbegin transaction[0m
  [1m[35m (0.9ms)[0m  [1m[35mCREATE TABLE "insurance_policies" ("id" integer PRIMARY KEY AUTOINCREMENT NOT NULL, "premium" decimal, "tax_fee" decimal, "insureds_id" integer NOT NULL, "created_at" datetime(6) NOT NULL, "updated_at" datetime(6) NOT NULL, CONSTRAINT "fk_rails_43dc707e0f"
FOREIGN KEY ("insureds_id")
  REFERENCES "insureds" ("id")
)[0m
  [1m[35m (0.1ms)[0m  [1m[35mCREATE INDEX "index_insurance_policies_on_insureds_id" ON "insurance_policies" ("insureds_id")[0m
  [1m[36mActiveRecord::SchemaMigration Create (0.1ms)[0m  [1m[32mINSERT INTO "schema_migrations" ("version") VALUES ('20240324051443') RETURNING "version"[0m
  [1m[36mTRANSACTION (0.2ms)[0m  [1m[36mcommit transaction[0m
Migrating to CreateFinanceTerm (20240324051444)
  [1m[36mTRANSACTION (0.1ms)[0m  [1m[36mbegin transaction[0m
  [1m[35m (0.9ms)[0m  [1m[35mCREATE TABLE "finance_terms" ("id" integer PRIMARY KEY AUTOINCREMENT NOT NULL, "policy_ids" text, "downpayment" decimal, "amt_financed" decimal, "due_date" datetime(6), "is_accepted" boolean, "insureds_id" integer NOT NULL, "created_at" datetime(6) NOT NULL, "updated_at" datetime(6) NOT NULL, CONSTRAINT "fk_rails_8d73491115"
FOREIGN KEY ("insureds_id")
  REFERENCES "insureds" ("id")
)[0m
  [1m[35m (0.1ms)[0m  [1m[35mCREATE INDEX "index_finance_terms_on_insureds_id" ON "finance_terms" ("insureds_id")[0m
  [1m[36mActiveRecord::SchemaMigration Create (0.1ms)[0m  [1m[32mINSERT INTO "schema_migrations" ("version") VALUES ('20240324051444') RETURNING "version"[0m
  [1m[36mTRANSACTION (0.1ms)[0m  [1m[36mcommit transaction[0m
  [1m[36mActiveRecord::SchemaMigration Load (0.1ms)[0m  [1m[34mSELECT "schema_migrations"."version" FROM "schema_migrations" ORDER BY "schema_migrations"."version" ASC[0m
Started POST "/api/v1/finance-term" for ::1 at 2024-03-24 01:14:59 -0400
  [1m[36mActiveRecord::SchemaMigration Load (0.9ms)[0m  [1m[34mSELECT "schema_migrations"."version" FROM "schema_migrations" ORDER BY "schema_migrations"."version" ASC[0m
Processing by Api::V1::FinanceTermController#generate_terms as JSON
  Parameters: {"policies"=>[{"insured_name"=>"Pru Kul", "insured_policies"=>[{"premium"=>200, "tax_fee"=>50}, {"premium"=>300, "tax_fee"=>50}], "due_date"=>"12/12/2023"}], "finance_term"=>{}}
Can't verify CSRF token authenticity.
  [1m[36mInsured Load (0.6ms)[0m  [1m[34mSELECT "insureds".* FROM "insureds" WHERE "insureds"."name" = ? LIMIT ?[0m  [["name", "Pru Kul"], ["LIMIT", 1]]
  â†³ app/models/insured.rb:10:in `create'
  [1m[36mTRANSACTION (0.5ms)[0m  [1m[36mbegin transaction[0m
  â†³ app/models/insured.rb:11:in `create'
  [1m[36mInsured Create (5.7ms)[0m  [1m[32mINSERT INTO "insureds" ("name", "created_at", "updated_at") VALUES (?, ?, ?) RETURNING "id"[0m  [["name", "Pru Kul"], ["created_at", "2024-03-24 05:14:59.703261"], ["updated_at", "2024-03-24 05:14:59.703261"]]
  â†³ app/models/insured.rb:11:in `create'
  [1m[36mTRANSACTION (0.3ms)[0m  [1m[36mcommit transaction[0m
  â†³ app/models/insured.rb:11:in `create'
  [1m[36mInsurancePolicy Load (0.5ms)[0m  [1m[34mSELECT "insurance_policies".* FROM "insurance_policies" WHERE "insurance_policies"."insureds_id" = ? AND "insurance_policies"."premium" = ? AND "insurance_policies"."tax_fee" = ? LIMIT ?[0m  [["insureds_id", 1], ["premium", 200.0], ["tax_fee", 50.0], ["LIMIT", 1]]
  â†³ app/models/insurance_policy.rb:8:in `create'
  [1m[36mTRANSACTION (0.1ms)[0m  [1m[36mbegin transaction[0m
  â†³ app/models/insurance_policy.rb:11:in `create'
  [1m[36mInsurancePolicy Create (2.1ms)[0m  [1m[32mINSERT INTO "insurance_policies" ("premium", "tax_fee", "insureds_id", "created_at", "updated_at") VALUES (?, ?, ?, ?, ?) RETURNING "id"[0m  [["premium", 200.0], ["tax_fee", 50.0], ["insureds_id", 1], ["created_at", "2024-03-24 05:14:59.777773"], ["updated_at", "2024-03-24 05:14:59.777773"]]
  â†³ app/models/insurance_policy.rb:11:in `create'
  [1m[36mTRANSACTION (0.4ms)[0m  [1m[36mcommit transaction[0m
  â†³ app/models/insurance_policy.rb:11:in `create'
  [1m[36mInsurancePolicy Load (0.2ms)[0m  [1m[34mSELECT "insurance_policies".* FROM "insurance_policies" WHERE "insurance_policies"."insureds_id" = ? AND "insurance_policies"."premium" = ? AND "insurance_policies"."tax_fee" = ? LIMIT ?[0m  [["insureds_id", 1], ["premium", 300.0], ["tax_fee", 50.0], ["LIMIT", 1]]
  â†³ app/models/insurance_policy.rb:8:in `create'
  [1m[36mTRANSACTION (0.1ms)[0m  [1m[36mbegin transaction[0m
  â†³ app/models/insurance_policy.rb:11:in `create'
  [1m[36mInsurancePolicy Create (1.4ms)[0m  [1m[32mINSERT INTO "insurance_policies" ("premium", "tax_fee", "insureds_id", "created_at", "updated_at") VALUES (?, ?, ?, ?, ?) RETURNING "id"[0m  [["premium", 300.0], ["tax_fee", 50.0], ["insureds_id", 1], ["created_at", "2024-03-24 05:14:59.787985"], ["updated_at", "2024-03-24 05:14:59.787985"]]
  â†³ app/models/insurance_policy.rb:11:in `create'
  [1m[36mTRANSACTION (0.1ms)[0m  [1m[36mcommit transaction[0m
  â†³ app/models/insurance_policy.rb:11:in `create'
Completed 500 Internal Server Error in 206ms (ActiveRecord: 15.8ms | Allocations: 120645)


  
NoMethodError (undefined method `insured_id' for #<FinanceTermDBDTO:0x00007fbb03bb98b8 @policy_ids=[1, 2], @downpayment=0.2e3, @amt_financed=0.4e3, @insureds_id=1, @due_date="12/12/2023">
Did you mean?  insureds_id
               insureds_id=):
  
app/models/finance_term.rb:9:in `create'
app/impl/finance_term_impl.rb:14:in `block in calculate_and_create'
app/impl/finance_term_impl.rb:10:in `each'
app/impl/finance_term_impl.rb:10:in `calculate_and_create'
app/impl/insurance_policy_impl.rb:69:in `generate_finance_terms'
app/controllers/api/v1/finance_term_controller.rb:15:in `generate_terms'
  [1m[36mActiveRecord::InternalMetadata Load (0.1ms)[0m  [1m[34mSELECT * FROM "ar_internal_metadata" WHERE "ar_internal_metadata"."key" = ? ORDER BY "ar_internal_metadata"."key" ASC LIMIT 1[0m  [[nil, "environment"]]
  [1m[36mActiveRecord::SchemaMigration Load (0.3ms)[0m  [1m[34mSELECT "schema_migrations"."version" FROM "schema_migrations" ORDER BY "schema_migrations"."version" ASC[0m
Migrating to CreateInsured (20240324152133)
  [1m[36mTRANSACTION (0.0ms)[0m  [1m[36mbegin transaction[0m
  [1m[35m (1.0ms)[0m  [1m[35mCREATE TABLE "insureds" ("id" integer PRIMARY KEY AUTOINCREMENT NOT NULL, "name" varchar, "created_at" datetime(6) NOT NULL, "updated_at" datetime(6) NOT NULL)[0m
  [1m[36mActiveRecord::SchemaMigration Create (0.1ms)[0m  [1m[32mINSERT INTO "schema_migrations" ("version") VALUES ('20240324152133') RETURNING "version"[0m
  [1m[36mTRANSACTION (0.3ms)[0m  [1m[36mcommit transaction[0m
Migrating to CreateInsurancePolicy (20240324152151)
  [1m[36mTRANSACTION (0.0ms)[0m  [1m[36mbegin transaction[0m
  [1m[35m (0.7ms)[0m  [1m[35mCREATE TABLE "insurance_policies" ("id" integer PRIMARY KEY AUTOINCREMENT NOT NULL, "premium" decimal, "tax_fee" decimal, "insureds_id" integer NOT NULL, "created_at" datetime(6) NOT NULL, "updated_at" datetime(6) NOT NULL, CONSTRAINT "fk_rails_43dc707e0f"
FOREIGN KEY ("insureds_id")
  REFERENCES "insureds" ("id")
)[0m
  [1m[35m (0.1ms)[0m  [1m[35mCREATE INDEX "index_insurance_policies_on_insureds_id" ON "insurance_policies" ("insureds_id")[0m
  [1m[36mActiveRecord::SchemaMigration Create (0.1ms)[0m  [1m[32mINSERT INTO "schema_migrations" ("version") VALUES ('20240324152151') RETURNING "version"[0m
  [1m[36mTRANSACTION (0.1ms)[0m  [1m[36mcommit transaction[0m
Migrating to CreateFinanceTerm (20240324152152)
  [1m[36mTRANSACTION (0.0ms)[0m  [1m[36mbegin transaction[0m
  [1m[35m (0.7ms)[0m  [1m[35mCREATE TABLE "finance_terms" ("id" integer PRIMARY KEY AUTOINCREMENT NOT NULL, "downpayment" decimal, "amt_financed" decimal, "due_date" datetime(6), "is_accepted" boolean DEFAULT 0, "insurance_policies_id" integer NOT NULL, "created_at" datetime(6) NOT NULL, "updated_at" datetime(6) NOT NULL, CONSTRAINT "fk_rails_3f043e1df9"
FOREIGN KEY ("insurance_policies_id")
  REFERENCES "insurance_policies" ("id")
)[0m
  [1m[35m (0.1ms)[0m  [1m[35mCREATE INDEX "index_finance_terms_on_insurance_policies_id" ON "finance_terms" ("insurance_policies_id")[0m
  [1m[36mActiveRecord::SchemaMigration Create (0.1ms)[0m  [1m[32mINSERT INTO "schema_migrations" ("version") VALUES ('20240324152152') RETURNING "version"[0m
  [1m[36mTRANSACTION (0.1ms)[0m  [1m[36mcommit transaction[0m
  [1m[36mActiveRecord::SchemaMigration Load (0.1ms)[0m  [1m[34mSELECT "schema_migrations"."version" FROM "schema_migrations" ORDER BY "schema_migrations"."version" ASC[0m
Started POST "/api/v1/finance-term" for ::1 at 2024-03-24 11:24:14 -0400
  [1m[36mActiveRecord::SchemaMigration Load (0.7ms)[0m  [1m[34mSELECT "schema_migrations"."version" FROM "schema_migrations" ORDER BY "schema_migrations"."version" ASC[0m
Processing by Api::V1::FinanceTermController#generate_terms as JSON
  Parameters: {"policies"=>[{"insured_name"=>"Pru Kul", "insured_policies"=>[{"premium"=>200, "tax_fee"=>50}, {"premium"=>300, "tax_fee"=>50}], "due_date"=>"12/12/2023"}], "finance_term"=>{}}
Can't verify CSRF token authenticity.
Completed 500 Internal Server Error in 10ms (ActiveRecord: 1.1ms | Allocations: 3063)


  
RuntimeError (due_date is a mandatory field):
  
app/util/type_validation.rb:13:in `is_valid?'
app/impl/insurance_policy_impl.rb:45:in `block (2 levels) in validate_policies'
app/impl/insurance_policy_impl.rb:30:in `each'
app/impl/insurance_policy_impl.rb:30:in `block in validate_policies'
app/impl/insurance_policy_impl.rb:14:in `each'
app/impl/insurance_policy_impl.rb:14:in `validate_policies'
app/controllers/api/v1/finance_term_controller.rb:9:in `generate_terms'
Started POST "/api/v1/finance-term" for ::1 at 2024-03-24 11:26:12 -0400
  [1m[36mActiveRecord::SchemaMigration Load (1.0ms)[0m  [1m[34mSELECT "schema_migrations"."version" FROM "schema_migrations" ORDER BY "schema_migrations"."version" ASC[0m
Processing by Api::V1::FinanceTermController#generate_terms as JSON
  Parameters: {"policies"=>[{"insured_name"=>"Pru Kul", "insured_policies"=>[{"premium"=>200, "tax_fee"=>50}, {"premium"=>300, "tax_fee"=>50}]}], "finance_term"=>{}}
Can't verify CSRF token authenticity.

Completed 400 Bad Request in 29ms (Views: 0.6ms | ActiveRecord: 1.6ms | Allocations: 2803)


Started POST "/api/v1/finance-term" for ::1 at 2024-03-24 11:26:37 -0400
Processing by Api::V1::FinanceTermController#generate_terms as JSON
  Parameters: {"policies"=>[{"insured_name"=>"Pru Kul", "insured_policies"=>[{"premium"=>200, "tax_fee"=>50, "due_date"=>"12/12/2023"}, {"premium"=>300, "tax_fee"=>50, "due_date"=>"12/12/2023"}]}], "finance_term"=>{}}
Can't verify CSRF token authenticity.
  [1m[36mInsured Load (0.7ms)[0m  [1m[34mSELECT "insureds".* FROM "insureds" WHERE "insureds"."name" = ? LIMIT ?[0m  [["name", "Pru Kul"], ["LIMIT", 1]]
  â†³ app/models/insured.rb:9:in `create'
  [1m[36mTRANSACTION (0.1ms)[0m  [1m[36mbegin transaction[0m
  â†³ app/models/insured.rb:10:in `create'
  [1m[36mInsured Create (2.4ms)[0m  [1m[32mINSERT INTO "insureds" ("name", "created_at", "updated_at") VALUES (?, ?, ?) RETURNING "id"[0m  [["name", "Pru Kul"], ["created_at", "2024-03-24 15:26:37.576126"], ["updated_at", "2024-03-24 15:26:37.576126"]]
  â†³ app/models/insured.rb:10:in `create'
  [1m[36mTRANSACTION (0.7ms)[0m  [1m[36mcommit transaction[0m
  â†³ app/models/insured.rb:10:in `create'
  [1m[36mInsurancePolicy Load (0.7ms)[0m  [1m[34mSELECT "insurance_policies".* FROM "insurance_policies" WHERE "insurance_policies"."insureds_id" = ? AND "insurance_policies"."premium" = ? AND "insurance_policies"."tax_fee" = ? LIMIT ?[0m  [["insureds_id", 1], ["premium", 200.0], ["tax_fee", 50.0], ["LIMIT", 1]]
  â†³ app/models/insurance_policy.rb:9:in `create'
  [1m[36mTRANSACTION (0.2ms)[0m  [1m[36mbegin transaction[0m
  â†³ app/models/insurance_policy.rb:12:in `create'
  [1m[36mInsurancePolicy Create (2.8ms)[0m  [1m[32mINSERT INTO "insurance_policies" ("premium", "tax_fee", "insureds_id", "created_at", "updated_at") VALUES (?, ?, ?, ?, ?) RETURNING "id"[0m  [["premium", 200.0], ["tax_fee", 50.0], ["insureds_id", 1], ["created_at", "2024-03-24 15:26:37.635688"], ["updated_at", "2024-03-24 15:26:37.635688"]]
  â†³ app/models/insurance_policy.rb:12:in `create'
  [1m[36mTRANSACTION (0.4ms)[0m  [1m[36mcommit transaction[0m
  â†³ app/models/insurance_policy.rb:12:in `create'
  [1m[36mInsurancePolicy Load (0.1ms)[0m  [1m[34mSELECT "insurance_policies".* FROM "insurance_policies" WHERE "insurance_policies"."insureds_id" = ? AND "insurance_policies"."premium" = ? AND "insurance_policies"."tax_fee" = ? LIMIT ?[0m  [["insureds_id", 1], ["premium", 300.0], ["tax_fee", 50.0], ["LIMIT", 1]]
  â†³ app/models/insurance_policy.rb:9:in `create'
  [1m[36mTRANSACTION (0.1ms)[0m  [1m[36mbegin transaction[0m
  â†³ app/models/insurance_policy.rb:12:in `create'
  [1m[36mInsurancePolicy Create (1.2ms)[0m  [1m[32mINSERT INTO "insurance_policies" ("premium", "tax_fee", "insureds_id", "created_at", "updated_at") VALUES (?, ?, ?, ?, ?) RETURNING "id"[0m  [["premium", 300.0], ["tax_fee", 50.0], ["insureds_id", 1], ["created_at", "2024-03-24 15:26:37.644654"], ["updated_at", "2024-03-24 15:26:37.644654"]]
  â†³ app/models/insurance_policy.rb:12:in `create'
  [1m[36mTRANSACTION (0.1ms)[0m  [1m[36mcommit transaction[0m
  â†³ app/models/insurance_policy.rb:12:in `create'
Completed 500 Internal Server Error in 148ms (ActiveRecord: 11.2ms | Allocations: 119858)


  
NameError (undefined local variable or method `policy_ids' for FinanceTermImpl:Class
Did you mean?  policies):
  
app/impl/finance_term_impl.rb:36:in `block in calculate'
app/impl/finance_term_impl.rb:31:in `each'
app/impl/finance_term_impl.rb:31:in `calculate'
app/impl/finance_term_impl.rb:21:in `block in calculate_and_create'
app/impl/finance_term_impl.rb:11:in `each'
app/impl/finance_term_impl.rb:11:in `calculate_and_create'
app/impl/insurance_policy_impl.rb:69:in `generate_finance_terms'
app/controllers/api/v1/finance_term_controller.rb:15:in `generate_terms'
Started POST "/api/v1/finance-term" for ::1 at 2024-03-24 11:27:49 -0400
  [1m[36mActiveRecord::SchemaMigration Load (1.7ms)[0m  [1m[34mSELECT "schema_migrations"."version" FROM "schema_migrations" ORDER BY "schema_migrations"."version" ASC[0m
Processing by Api::V1::FinanceTermController#generate_terms as JSON
  Parameters: {"policies"=>[{"insured_name"=>"Pru Kul", "insured_policies"=>[{"premium"=>200, "tax_fee"=>50, "due_date"=>"12/12/2023"}, {"premium"=>300, "tax_fee"=>50, "due_date"=>"12/12/2023"}]}], "finance_term"=>{}}
Can't verify CSRF token authenticity.
  [1m[36mInsured Load (0.4ms)[0m  [1m[34mSELECT "insureds".* FROM "insureds" WHERE "insureds"."name" = ? LIMIT ?[0m  [["name", "Pru Kul"], ["LIMIT", 1]]
  â†³ app/models/insured.rb:9:in `create'
  [1m[36mInsurancePolicy Load (0.8ms)[0m  [1m[34mSELECT "insurance_policies".* FROM "insurance_policies" WHERE "insurance_policies"."insureds_id" = ? AND "insurance_policies"."premium" = ? AND "insurance_policies"."tax_fee" = ? LIMIT ?[0m  [["insureds_id", 1], ["premium", 200.0], ["tax_fee", 50.0], ["LIMIT", 1]]
  â†³ app/models/insurance_policy.rb:9:in `create'
  [1m[36mInsurancePolicy Load (0.1ms)[0m  [1m[34mSELECT "insurance_policies".* FROM "insurance_policies" WHERE "insurance_policies"."insureds_id" = ? AND "insurance_policies"."premium" = ? AND "insurance_policies"."tax_fee" = ? LIMIT ?[0m  [["insureds_id", 1], ["premium", 300.0], ["tax_fee", 50.0], ["LIMIT", 1]]
  â†³ app/models/insurance_policy.rb:9:in `create'
  [1m[36mFinanceTerm Load (0.2ms)[0m  [1m[34mSELECT "finance_terms".* FROM "finance_terms" WHERE "finance_terms"."insurance_policies_id" = ? LIMIT ?[0m  [["insurance_policies_id", 1], ["LIMIT", 1]]
  â†³ app/models/finance_term.rb:8:in `create'
Completed 500 Internal Server Error in 266ms (ActiveRecord: 6.8ms | Allocations: 181415)


  
NameError (uninitialized constant FinanceTerm::False):
  
app/models/finance_term.rb:12:in `create'
app/impl/finance_term_impl.rb:48:in `block in create'
app/impl/finance_term_impl.rb:47:in `each'
app/impl/finance_term_impl.rb:47:in `create'
app/impl/finance_term_impl.rb:22:in `block in calculate_and_create'
app/impl/finance_term_impl.rb:11:in `each'
app/impl/finance_term_impl.rb:11:in `calculate_and_create'
app/impl/insurance_policy_impl.rb:69:in `generate_finance_terms'
app/controllers/api/v1/finance_term_controller.rb:15:in `generate_terms'
Started POST "/api/v1/finance-term" for ::1 at 2024-03-24 11:28:23 -0400
  [1m[36mActiveRecord::SchemaMigration Load (0.9ms)[0m  [1m[34mSELECT "schema_migrations"."version" FROM "schema_migrations" ORDER BY "schema_migrations"."version" ASC[0m
Processing by Api::V1::FinanceTermController#generate_terms as JSON
  Parameters: {"policies"=>[{"insured_name"=>"Pru Kul", "insured_policies"=>[{"premium"=>200, "tax_fee"=>50, "due_date"=>"12/12/2023"}, {"premium"=>300, "tax_fee"=>50, "due_date"=>"12/12/2023"}]}], "finance_term"=>{}}
Can't verify CSRF token authenticity.
  [1m[36mInsured Load (0.5ms)[0m  [1m[34mSELECT "insureds".* FROM "insureds" WHERE "insureds"."name" = ? LIMIT ?[0m  [["name", "Pru Kul"], ["LIMIT", 1]]
  â†³ app/models/insured.rb:9:in `create'
  [1m[36mInsurancePolicy Load (0.9ms)[0m  [1m[34mSELECT "insurance_policies".* FROM "insurance_policies" WHERE "insurance_policies"."insureds_id" = ? AND "insurance_policies"."premium" = ? AND "insurance_policies"."tax_fee" = ? LIMIT ?[0m  [["insureds_id", 1], ["premium", 200.0], ["tax_fee", 50.0], ["LIMIT", 1]]
  â†³ app/models/insurance_policy.rb:9:in `create'
  [1m[36mInsurancePolicy Load (0.1ms)[0m  [1m[34mSELECT "insurance_policies".* FROM "insurance_policies" WHERE "insurance_policies"."insureds_id" = ? AND "insurance_policies"."premium" = ? AND "insurance_policies"."tax_fee" = ? LIMIT ?[0m  [["insureds_id", 1], ["premium", 300.0], ["tax_fee", 50.0], ["LIMIT", 1]]
  â†³ app/models/insurance_policy.rb:9:in `create'
  [1m[36mFinanceTerm Load (0.2ms)[0m  [1m[34mSELECT "finance_terms".* FROM "finance_terms" WHERE "finance_terms"."insurance_policies_id" = ? LIMIT ?[0m  [["insurance_policies_id", 1], ["LIMIT", 1]]
  â†³ app/models/finance_term.rb:8:in `create'
Completed 500 Internal Server Error in 255ms (ActiveRecord: 4.8ms | Allocations: 181427)


  
NameError (uninitialized constant FinanceTerm::False):
  
app/models/finance_term.rb:12:in `create'
app/impl/finance_term_impl.rb:49:in `block in create'
app/impl/finance_term_impl.rb:48:in `each'
app/impl/finance_term_impl.rb:48:in `create'
app/impl/finance_term_impl.rb:23:in `block in calculate_and_create'
app/impl/finance_term_impl.rb:12:in `each'
app/impl/finance_term_impl.rb:12:in `calculate_and_create'
app/impl/insurance_policy_impl.rb:69:in `generate_finance_terms'
app/controllers/api/v1/finance_term_controller.rb:15:in `generate_terms'
Started POST "/api/v1/finance-term" for ::1 at 2024-03-24 11:29:03 -0400
  [1m[36mActiveRecord::SchemaMigration Load (0.2ms)[0m  [1m[34mSELECT "schema_migrations"."version" FROM "schema_migrations" ORDER BY "schema_migrations"."version" ASC[0m
Processing by Api::V1::FinanceTermController#generate_terms as JSON
  Parameters: {"policies"=>[{"insured_name"=>"Pru Kul", "insured_policies"=>[{"premium"=>200, "tax_fee"=>50, "due_date"=>"12/12/2023"}, {"premium"=>300, "tax_fee"=>50, "due_date"=>"12/12/2023"}]}], "finance_term"=>{}}
Can't verify CSRF token authenticity.
  [1m[36mInsured Load (0.6ms)[0m  [1m[34mSELECT "insureds".* FROM "insureds" WHERE "insureds"."name" = ? LIMIT ?[0m  [["name", "Pru Kul"], ["LIMIT", 1]]
  â†³ app/models/insured.rb:9:in `create'
  [1m[36mInsurancePolicy Load (0.2ms)[0m  [1m[34mSELECT "insurance_policies".* FROM "insurance_policies" WHERE "insurance_policies"."insureds_id" = ? AND "insurance_policies"."premium" = ? AND "insurance_policies"."tax_fee" = ? LIMIT ?[0m  [["insureds_id", 1], ["premium", 200.0], ["tax_fee", 50.0], ["LIMIT", 1]]
  â†³ app/models/insurance_policy.rb:9:in `create'
  [1m[36mInsurancePolicy Load (0.1ms)[0m  [1m[34mSELECT "insurance_policies".* FROM "insurance_policies" WHERE "insurance_policies"."insureds_id" = ? AND "insurance_policies"."premium" = ? AND "insurance_policies"."tax_fee" = ? LIMIT ?[0m  [["insureds_id", 1], ["premium", 300.0], ["tax_fee", 50.0], ["LIMIT", 1]]
  â†³ app/models/insurance_policy.rb:9:in `create'
  [1m[36mFinanceTerm Load (0.2ms)[0m  [1m[34mSELECT "finance_terms".* FROM "finance_terms" WHERE "finance_terms"."insurance_policies_id" = ? LIMIT ?[0m  [["insurance_policies_id", 1], ["LIMIT", 1]]
  â†³ app/models/finance_term.rb:8:in `create'
  [1m[36mTRANSACTION (0.1ms)[0m  [1m[36mbegin transaction[0m
  â†³ app/models/finance_term.rb:13:in `create'
  [1m[36mFinanceTerm Create (2.3ms)[0m  [1m[32mINSERT INTO "finance_terms" ("downpayment", "amt_financed", "due_date", "is_accepted", "insurance_policies_id", "created_at", "updated_at") VALUES (?, ?, ?, ?, ?, ?, ?) RETURNING "id"[0m  [["downpayment", 90.0], ["amt_financed", 160.0], ["due_date", "2023-12-12 00:00:00"], ["is_accepted", 0], ["insurance_policies_id", 1], ["created_at", "2024-03-24 15:29:04.017263"], ["updated_at", "2024-03-24 15:29:04.017263"]]
  â†³ app/models/finance_term.rb:13:in `create'
  [1m[36mTRANSACTION (0.2ms)[0m  [1m[36mcommit transaction[0m
  â†³ app/models/finance_term.rb:13:in `create'
  [1m[36mFinanceTerm Load (0.1ms)[0m  [1m[34mSELECT "finance_terms".* FROM "finance_terms" WHERE "finance_terms"."insurance_policies_id" = ? LIMIT ?[0m  [["insurance_policies_id", 2], ["LIMIT", 1]]
  â†³ app/models/finance_term.rb:8:in `create'
  [1m[36mTRANSACTION (0.1ms)[0m  [1m[36mbegin transaction[0m
  â†³ app/models/finance_term.rb:13:in `create'
  [1m[36mFinanceTerm Create (1.4ms)[0m  [1m[32mINSERT INTO "finance_terms" ("downpayment", "amt_financed", "due_date", "is_accepted", "insurance_policies_id", "created_at", "updated_at") VALUES (?, ?, ?, ?, ?, ?, ?) RETURNING "id"[0m  [["downpayment", 110.0], ["amt_financed", 240.0], ["due_date", "2023-12-12 00:00:00"], ["is_accepted", 0], ["insurance_policies_id", 2], ["created_at", "2024-03-24 15:29:04.026169"], ["updated_at", "2024-03-24 15:29:04.026169"]]
  â†³ app/models/finance_term.rb:13:in `create'
  [1m[36mTRANSACTION (0.2ms)[0m  [1m[36mcommit transaction[0m
  â†³ app/models/finance_term.rb:13:in `create'
Completed 201 Created in 273ms (Views: 2.1ms | ActiveRecord: 8.8ms | Allocations: 183921)


Started POST "/api/v1/finance-term" for ::1 at 2024-03-24 11:31:18 -0400
  [1m[36mActiveRecord::SchemaMigration Load (0.2ms)[0m  [1m[34mSELECT "schema_migrations"."version" FROM "schema_migrations" ORDER BY "schema_migrations"."version" ASC[0m
Processing by Api::V1::FinanceTermController#generate_terms as JSON
  Parameters: {"policies"=>[{"insured_name"=>"Pru Kul", "insured_policies"=>[{"premium"=>200, "tax_fee"=>50, "due_date"=>"12/12/2023"}, {"premium"=>300, "tax_fee"=>50, "due_date"=>"12/12/2023"}]}], "finance_term"=>{}}
Can't verify CSRF token authenticity.
  [1m[36mInsured Load (0.1ms)[0m  [1m[34mSELECT "insureds".* FROM "insureds" WHERE "insureds"."name" = ? LIMIT ?[0m  [["name", "Pru Kul"], ["LIMIT", 1]]
  â†³ app/models/insured.rb:9:in `create'
  [1m[36mInsurancePolicy Load (0.3ms)[0m  [1m[34mSELECT "insurance_policies".* FROM "insurance_policies" WHERE "insurance_policies"."insureds_id" = ? AND "insurance_policies"."premium" = ? AND "insurance_policies"."tax_fee" = ? LIMIT ?[0m  [["insureds_id", 1], ["premium", 200.0], ["tax_fee", 50.0], ["LIMIT", 1]]
  â†³ app/models/insurance_policy.rb:9:in `create'
  [1m[36mInsurancePolicy Load (0.1ms)[0m  [1m[34mSELECT "insurance_policies".* FROM "insurance_policies" WHERE "insurance_policies"."insureds_id" = ? AND "insurance_policies"."premium" = ? AND "insurance_policies"."tax_fee" = ? LIMIT ?[0m  [["insureds_id", 1], ["premium", 300.0], ["tax_fee", 50.0], ["LIMIT", 1]]
  â†³ app/models/insurance_policy.rb:9:in `create'
  [1m[36mFinanceTerm Load (0.2ms)[0m  [1m[34mSELECT "finance_terms".* FROM "finance_terms" WHERE "finance_terms"."insurance_policies_id" = ? LIMIT ?[0m  [["insurance_policies_id", 1], ["LIMIT", 1]]
  â†³ app/models/finance_term.rb:8:in `create'
  [1m[36mFinanceTerm Load (0.2ms)[0m  [1m[34mSELECT "finance_terms".* FROM "finance_terms" WHERE "finance_terms"."insurance_policies_id" = ? LIMIT ?[0m  [["insurance_policies_id", 2], ["LIMIT", 1]]
  â†³ app/models/finance_term.rb:8:in `create'
Completed 201 Created in 281ms (Views: 0.5ms | ActiveRecord: 4.0ms | Allocations: 180038)


Started PATCH "/api/v1/agree-finance-terms/23" for ::1 at 2024-03-24 12:00:49 -0400
  [1m[36mActiveRecord::SchemaMigration Load (0.2ms)[0m  [1m[34mSELECT "schema_migrations"."version" FROM "schema_migrations" ORDER BY "schema_migrations"."version" ASC[0m
Processing by Api::V1::FinanceTermController#agree_term as JSON
  Parameters: {"finance_term_id"=>"23"}
Can't verify CSRF token authenticity.
  [1m[36mFinanceTerm Load (0.9ms)[0m  [1m[34mSELECT "finance_terms".* FROM "finance_terms" WHERE "finance_terms"."id" = ? LIMIT ?[0m  [["id", 23], ["LIMIT", 1]]
  â†³ app/models/finance_term.rb:28:in `get_by_id'



Completed 500 Internal Server Error in 48ms (Views: 0.3ms | ActiveRecord: 2.7ms | Allocations: 20095)


Started PATCH "/api/v1/agree-finance-terms/23" for ::1 at 2024-03-24 12:01:52 -0400
  [1m[36mActiveRecord::SchemaMigration Load (0.2ms)[0m  [1m[34mSELECT "schema_migrations"."version" FROM "schema_migrations" ORDER BY "schema_migrations"."version" ASC[0m
Processing by Api::V1::FinanceTermController#agree_term as JSON
  Parameters: {"finance_term_id"=>"23"}
Can't verify CSRF token authenticity.
  [1m[36mFinanceTerm Load (0.5ms)[0m  [1m[34mSELECT "finance_terms".* FROM "finance_terms" WHERE "finance_terms"."id" = ? LIMIT ?[0m  [["id", 23], ["LIMIT", 1]]
  â†³ app/models/finance_term.rb:28:in `get_by_id'



Completed 500 Internal Server Error in 78ms (Views: 0.4ms | ActiveRecord: 3.9ms | Allocations: 20003)


Started PATCH "/api/v1/agree-finance-terms/23" for ::1 at 2024-03-24 12:02:46 -0400
  [1m[36mActiveRecord::SchemaMigration Load (0.2ms)[0m  [1m[34mSELECT "schema_migrations"."version" FROM "schema_migrations" ORDER BY "schema_migrations"."version" ASC[0m
Processing by Api::V1::FinanceTermController#agree_term as JSON
  Parameters: {"finance_term_id"=>"23"}
Can't verify CSRF token authenticity.
  [1m[36mFinanceTerm Load (1.7ms)[0m  [1m[34mSELECT "finance_terms".* FROM "finance_terms" WHERE "finance_terms"."id" = ? LIMIT ?[0m  [["id", 23], ["LIMIT", 1]]
  â†³ app/models/finance_term.rb:28:in `get_by_id'


Completed 400 Bad Request in 89ms (Views: 0.4ms | ActiveRecord: 3.9ms | Allocations: 19715)


Started PATCH "/api/v1/agree-finance-terms/2" for ::1 at 2024-03-24 12:08:28 -0400
  [1m[36mActiveRecord::SchemaMigration Load (0.3ms)[0m  [1m[34mSELECT "schema_migrations"."version" FROM "schema_migrations" ORDER BY "schema_migrations"."version" ASC[0m
Processing by Api::V1::FinanceTermController#agree_term as JSON
  Parameters: {"finance_term_id"=>"2"}
Can't verify CSRF token authenticity.
  [1m[36mFinanceTerm Load (2.0ms)[0m  [1m[34mSELECT "finance_terms".* FROM "finance_terms" WHERE "finance_terms"."id" = ? LIMIT ?[0m  [["id", 2], ["LIMIT", 1]]
  â†³ app/models/finance_term.rb:28:in `get_by_id'
  [1m[36mTRANSACTION (0.2ms)[0m  [1m[36mbegin transaction[0m
  â†³ app/models/finance_term.rb:40:in `update_term_accepted'
  [1m[36mFinanceTerm Update (3.5ms)[0m  [1m[33mUPDATE "finance_terms" SET "is_accepted" = ?, "updated_at" = ? WHERE "finance_terms"."id" = ?[0m  [["is_accepted", 1], ["updated_at", "2024-03-24 16:08:29.091322"], ["id", 2]]
  â†³ app/models/finance_term.rb:40:in `update_term_accepted'
  [1m[36mTRANSACTION (0.5ms)[0m  [1m[36mcommit transaction[0m
  â†³ app/models/finance_term.rb:40:in `update_term_accepted'
Completed 200 OK in 165ms (Views: 0.4ms | ActiveRecord: 8.4ms | Allocations: 131748)


  [1m[36mFinanceTerm Load (0.1ms)[0m  [1m[34mSELECT "finance_terms".* FROM "finance_terms" WHERE "finance_terms"."id" = ? LIMIT ?[0m  [["id", 2], ["LIMIT", 1]]
  [1m[36mFinanceTerm Load (0.1ms)[0m  [1m[34mSELECT "finance_terms".* FROM "finance_terms" WHERE "finance_terms"."id" = ? LIMIT ?[0m  [["id", 1], ["LIMIT", 1]]
Started POST "/api/v1/finance-term" for ::1 at 2024-03-24 13:25:25 -0400
  [1m[36mActiveRecord::SchemaMigration Load (0.1ms)[0m  [1m[34mSELECT "schema_migrations"."version" FROM "schema_migrations" ORDER BY "schema_migrations"."version" ASC[0m
Processing by Api::V1::FinanceTermController#generate_terms as JSON
  Parameters: {"policies"=>[{"insured_name"=>"Pru Kul", "insured_policies"=>[{"premium"=>200, "tax_fee"=>50, "due_date"=>"12/12/2023"}, {"premium"=>300, "tax_fee"=>50, "due_date"=>"12/12/2023"}]}, {"insured_name"=>"John Doe", "insured_policies"=>[{"premium"=>100, "tax_fee"=>20, "due_date"=>"4/12/2024"}, {"premium"=>150, "tax_fee"=>50, "due_date"=>"1/14/2024"}]}, {"insured_name"=>"Sam Barton", "insured_policies"=>[{"premium"=>350, "tax_fee"=>50, "due_date"=>"3/24/2024"}, {"premium"=>300, "tax_fee"=>50, "due_date"=>"5/15/2024"}]}, {"insured_name"=>"Peter Park", "insured_policies"=>[{"premium"=>400, "tax_fee"=>50, "due_date"=>"5/18/2024"}, {"premium"=>300, "tax_fee"=>50, "due_date"=>"4/25/2024"}]}], "finance_term"=>{}}
Can't verify CSRF token authenticity.

Completed 500 Internal Server Error in 13ms (Views: 0.3ms | ActiveRecord: 1.4ms | Allocations: 3348)


Started POST "/api/v1/finance-term" for ::1 at 2024-03-24 13:25:56 -0400
  [1m[36mActiveRecord::SchemaMigration Load (0.2ms)[0m  [1m[34mSELECT "schema_migrations"."version" FROM "schema_migrations" ORDER BY "schema_migrations"."version" ASC[0m
Processing by Api::V1::FinanceTermController#generate_terms as JSON
  Parameters: {"policies"=>[{"insured_name"=>"Pru Kul", "insured_policies"=>[{"premium"=>200, "tax_fee"=>50, "due_date"=>"12/12/2023"}, {"premium"=>300, "tax_fee"=>50, "due_date"=>"12/12/2023"}]}, {"insured_name"=>"John Doe", "insured_policies"=>[{"premium"=>100, "tax_fee"=>20, "due_date"=>"4/12/2024"}, {"premium"=>150, "tax_fee"=>50, "due_date"=>"1/14/2024"}]}, {"insured_name"=>"Sam Barton", "insured_policies"=>[{"premium"=>350, "tax_fee"=>50, "due_date"=>"3/24/2024"}, {"premium"=>300, "tax_fee"=>50, "due_date"=>"5/15/2024"}]}, {"insured_name"=>"Peter Park", "insured_policies"=>[{"premium"=>400, "tax_fee"=>50, "due_date"=>"5/18/2024"}, {"premium"=>300, "tax_fee"=>50, "due_date"=>"4/25/2024"}]}], "finance_term"=>{}}
Can't verify CSRF token authenticity.
Completed 500 Internal Server Error in 37ms (ActiveRecord: 5.2ms | Allocations: 3782)


  
NoMethodError (undefined method `strip' for 200:Integer):
  
app/impl/insurance_policy_impl.rb:31:in `block (2 levels) in validate_policies'
app/impl/insurance_policy_impl.rb:30:in `each'
app/impl/insurance_policy_impl.rb:30:in `block in validate_policies'
app/impl/insurance_policy_impl.rb:14:in `each'
app/impl/insurance_policy_impl.rb:14:in `validate_policies'
app/controllers/api/v1/finance_term_controller.rb:11:in `generate_terms'
Started POST "/api/v1/finance-term" for ::1 at 2024-03-24 13:26:36 -0400
  [1m[36mActiveRecord::SchemaMigration Load (0.2ms)[0m  [1m[34mSELECT "schema_migrations"."version" FROM "schema_migrations" ORDER BY "schema_migrations"."version" ASC[0m
Processing by Api::V1::FinanceTermController#generate_terms as JSON
  Parameters: {"policies"=>[{"insured_name"=>"Pru Kul", "insured_policies"=>[{"premium"=>200, "tax_fee"=>50, "due_date"=>"12/12/2023"}, {"premium"=>300, "tax_fee"=>50, "due_date"=>"12/12/2023"}]}, {"insured_name"=>"John Doe", "insured_policies"=>[{"premium"=>100, "tax_fee"=>20, "due_date"=>"4/12/2024"}, {"premium"=>150, "tax_fee"=>50, "due_date"=>"1/14/2024"}]}, {"insured_name"=>"Sam Barton", "insured_policies"=>[{"premium"=>350, "tax_fee"=>50, "due_date"=>"3/24/2024"}, {"premium"=>300, "tax_fee"=>50, "due_date"=>"5/15/2024"}]}, {"insured_name"=>"Peter Park", "insured_policies"=>[{"premium"=>400, "tax_fee"=>50, "due_date"=>"5/18/2024"}, {"premium"=>300, "tax_fee"=>50, "due_date"=>"4/25/2024"}]}], "finance_term"=>{}}
Can't verify CSRF token authenticity.

Completed 400 Bad Request in 35ms (Views: 1.2ms | ActiveRecord: 1.9ms | Allocations: 3292)


Started POST "/api/v1/finance-term" for ::1 at 2024-03-24 13:30:03 -0400
  [1m[36mActiveRecord::SchemaMigration Load (0.2ms)[0m  [1m[34mSELECT "schema_migrations"."version" FROM "schema_migrations" ORDER BY "schema_migrations"."version" ASC[0m
Processing by Api::V1::FinanceTermController#generate_terms as JSON
  Parameters: {"policies"=>[{"insured_name"=>"Pru Kul", "insured_policies"=>[{"premium"=>200, "tax_fee"=>50, "due_date"=>"12/12/2023"}, {"premium"=>300, "tax_fee"=>50, "due_date"=>"12/12/2023"}]}, {"insured_name"=>"John Doe", "insured_policies"=>[{"premium"=>100, "tax_fee"=>20, "due_date"=>"4/12/2024"}, {"premium"=>150, "tax_fee"=>50, "due_date"=>"14/1/2024"}]}, {"insured_name"=>"Sam Barton", "insured_policies"=>[{"premium"=>350, "tax_fee"=>50, "due_date"=>"30/3/2024"}, {"premium"=>300, "tax_fee"=>50, "due_date"=>"15/5/2024"}]}, {"insured_name"=>"Peter Park", "insured_policies"=>[{"premium"=>400, "tax_fee"=>50, "due_date"=>"18/5/2024"}, {"premium"=>300, "tax_fee"=>50, "due_date"=>"25/4/2024"}]}], "finance_term"=>{}}
Can't verify CSRF token authenticity.
  [1m[36mInsured Load (0.1ms)[0m  [1m[34mSELECT "insureds".* FROM "insureds" WHERE "insureds"."name" = ? LIMIT ?[0m  [["name", "Pru Kul"], ["LIMIT", 1]]
  â†³ app/models/insured.rb:9:in `create'
  [1m[36mInsurancePolicy Load (0.1ms)[0m  [1m[34mSELECT "insurance_policies".* FROM "insurance_policies" WHERE "insurance_policies"."insureds_id" = ? AND "insurance_policies"."premium" = ? AND "insurance_policies"."tax_fee" = ? LIMIT ?[0m  [["insureds_id", 1], ["premium", 200.0], ["tax_fee", 50.0], ["LIMIT", 1]]
  â†³ app/models/insurance_policy.rb:9:in `create'
  [1m[36mInsurancePolicy Load (0.1ms)[0m  [1m[34mSELECT "insurance_policies".* FROM "insurance_policies" WHERE "insurance_policies"."insureds_id" = ? AND "insurance_policies"."premium" = ? AND "insurance_policies"."tax_fee" = ? LIMIT ?[0m  [["insureds_id", 1], ["premium", 300.0], ["tax_fee", 50.0], ["LIMIT", 1]]
  â†³ app/models/insurance_policy.rb:9:in `create'
  [1m[36mInsured Load (0.1ms)[0m  [1m[34mSELECT "insureds".* FROM "insureds" WHERE "insureds"."name" = ? LIMIT ?[0m  [["name", "John Doe"], ["LIMIT", 1]]
  â†³ app/models/insured.rb:9:in `create'
  [1m[36mTRANSACTION (0.1ms)[0m  [1m[36mbegin transaction[0m
  â†³ app/models/insured.rb:10:in `create'
  [1m[36mInsured Create (3.2ms)[0m  [1m[32mINSERT INTO "insureds" ("name", "created_at", "updated_at") VALUES (?, ?, ?) RETURNING "id"[0m  [["name", "John Doe"], ["created_at", "2024-03-24 17:30:03.519180"], ["updated_at", "2024-03-24 17:30:03.519180"]]
  â†³ app/models/insured.rb:10:in `create'
  [1m[36mTRANSACTION (0.1ms)[0m  [1m[36mcommit transaction[0m
  â†³ app/models/insured.rb:10:in `create'
  [1m[36mInsurancePolicy Load (0.1ms)[0m  [1m[34mSELECT "insurance_policies".* FROM "insurance_policies" WHERE "insurance_policies"."insureds_id" = ? AND "insurance_policies"."premium" = ? AND "insurance_policies"."tax_fee" = ? LIMIT ?[0m  [["insureds_id", 2], ["premium", 100.0], ["tax_fee", 20.0], ["LIMIT", 1]]
  â†³ app/models/insurance_policy.rb:9:in `create'
  [1m[36mTRANSACTION (0.0ms)[0m  [1m[36mbegin transaction[0m
  â†³ app/models/insurance_policy.rb:12:in `create'
  [1m[36mInsurancePolicy Create (0.9ms)[0m  [1m[32mINSERT INTO "insurance_policies" ("premium", "tax_fee", "insureds_id", "created_at", "updated_at") VALUES (?, ?, ?, ?, ?) RETURNING "id"[0m  [["premium", 100.0], ["tax_fee", 20.0], ["insureds_id", 2], ["created_at", "2024-03-24 17:30:03.526851"], ["updated_at", "2024-03-24 17:30:03.526851"]]
  â†³ app/models/insurance_policy.rb:12:in `create'
  [1m[36mTRANSACTION (0.1ms)[0m  [1m[36mcommit transaction[0m
  â†³ app/models/insurance_policy.rb:12:in `create'
  [1m[36mInsurancePolicy Load (0.0ms)[0m  [1m[34mSELECT "insurance_policies".* FROM "insurance_policies" WHERE "insurance_policies"."insureds_id" = ? AND "insurance_policies"."premium" = ? AND "insurance_policies"."tax_fee" = ? LIMIT ?[0m  [["insureds_id", 2], ["premium", 150.0], ["tax_fee", 50.0], ["LIMIT", 1]]
  â†³ app/models/insurance_policy.rb:9:in `create'
  [1m[36mTRANSACTION (0.0ms)[0m  [1m[36mbegin transaction[0m
  â†³ app/models/insurance_policy.rb:12:in `create'
  [1m[36mInsurancePolicy Create (0.9ms)[0m  [1m[32mINSERT INTO "insurance_policies" ("premium", "tax_fee", "insureds_id", "created_at", "updated_at") VALUES (?, ?, ?, ?, ?) RETURNING "id"[0m  [["premium", 150.0], ["tax_fee", 50.0], ["insureds_id", 2], ["created_at", "2024-03-24 17:30:03.530455"], ["updated_at", "2024-03-24 17:30:03.530455"]]
  â†³ app/models/insurance_policy.rb:12:in `create'
  [1m[36mTRANSACTION (0.1ms)[0m  [1m[36mcommit transaction[0m
  â†³ app/models/insurance_policy.rb:12:in `create'
  [1m[36mInsured Load (0.0ms)[0m  [1m[34mSELECT "insureds".* FROM "insureds" WHERE "insureds"."name" = ? LIMIT ?[0m  [["name", "Sam Barton"], ["LIMIT", 1]]
  â†³ app/models/insured.rb:9:in `create'
  [1m[36mTRANSACTION (0.0ms)[0m  [1m[36mbegin transaction[0m
  â†³ app/models/insured.rb:10:in `create'
  [1m[36mInsured Create (0.8ms)[0m  [1m[32mINSERT INTO "insureds" ("name", "created_at", "updated_at") VALUES (?, ?, ?) RETURNING "id"[0m  [["name", "Sam Barton"], ["created_at", "2024-03-24 17:30:03.533827"], ["updated_at", "2024-03-24 17:30:03.533827"]]
  â†³ app/models/insured.rb:10:in `create'
  [1m[36mTRANSACTION (0.1ms)[0m  [1m[36mcommit transaction[0m
  â†³ app/models/insured.rb:10:in `create'
  [1m[36mInsurancePolicy Load (0.0ms)[0m  [1m[34mSELECT "insurance_policies".* FROM "insurance_policies" WHERE "insurance_policies"."insureds_id" = ? AND "insurance_policies"."premium" = ? AND "insurance_policies"."tax_fee" = ? LIMIT ?[0m  [["insureds_id", 3], ["premium", 350.0], ["tax_fee", 50.0], ["LIMIT", 1]]
  â†³ app/models/insurance_policy.rb:9:in `create'
  [1m[36mTRANSACTION (0.0ms)[0m  [1m[36mbegin transaction[0m
  â†³ app/models/insurance_policy.rb:12:in `create'
  [1m[36mInsurancePolicy Create (0.9ms)[0m  [1m[32mINSERT INTO "insurance_policies" ("premium", "tax_fee", "insureds_id", "created_at", "updated_at") VALUES (?, ?, ?, ?, ?) RETURNING "id"[0m  [["premium", 350.0], ["tax_fee", 50.0], ["insureds_id", 3], ["created_at", "2024-03-24 17:30:03.537226"], ["updated_at", "2024-03-24 17:30:03.537226"]]
  â†³ app/models/insurance_policy.rb:12:in `create'
  [1m[36mTRANSACTION (0.1ms)[0m  [1m[36mcommit transaction[0m
  â†³ app/models/insurance_policy.rb:12:in `create'
  [1m[36mInsurancePolicy Load (0.1ms)[0m  [1m[34mSELECT "insurance_policies".* FROM "insurance_policies" WHERE "insurance_policies"."insureds_id" = ? AND "insurance_policies"."premium" = ? AND "insurance_policies"."tax_fee" = ? LIMIT ?[0m  [["insureds_id", 3], ["premium", 300.0], ["tax_fee", 50.0], ["LIMIT", 1]]
  â†³ app/models/insurance_policy.rb:9:in `create'
  [1m[36mTRANSACTION (0.1ms)[0m  [1m[36mbegin transaction[0m
  â†³ app/models/insurance_policy.rb:12:in `create'
  [1m[36mInsurancePolicy Create (1.6ms)[0m  [1m[32mINSERT INTO "insurance_policies" ("premium", "tax_fee", "insureds_id", "created_at", "updated_at") VALUES (?, ?, ?, ?, ?) RETURNING "id"[0m  [["premium", 300.0], ["tax_fee", 50.0], ["insureds_id", 3], ["created_at", "2024-03-24 17:30:03.542239"], ["updated_at", "2024-03-24 17:30:03.542239"]]
  â†³ app/models/insurance_policy.rb:12:in `create'
  [1m[36mTRANSACTION (0.1ms)[0m  [1m[36mcommit transaction[0m
  â†³ app/models/insurance_policy.rb:12:in `create'
  [1m[36mInsured Load (0.1ms)[0m  [1m[34mSELECT "insureds".* FROM "insureds" WHERE "insureds"."name" = ? LIMIT ?[0m  [["name", "Peter Park"], ["LIMIT", 1]]
  â†³ app/models/insured.rb:9:in `create'
  [1m[36mTRANSACTION (0.0ms)[0m  [1m[36mbegin transaction[0m
  â†³ app/models/insured.rb:10:in `create'
  [1m[36mInsured Create (0.8ms)[0m  [1m[32mINSERT INTO "insureds" ("name", "created_at", "updated_at") VALUES (?, ?, ?) RETURNING "id"[0m  [["name", "Peter Park"], ["created_at", "2024-03-24 17:30:03.547415"], ["updated_at", "2024-03-24 17:30:03.547415"]]
  â†³ app/models/insured.rb:10:in `create'
  [1m[36mTRANSACTION (0.1ms)[0m  [1m[36mcommit transaction[0m
  â†³ app/models/insured.rb:10:in `create'
  [1m[36mInsurancePolicy Load (0.0ms)[0m  [1m[34mSELECT "insurance_policies".* FROM "insurance_policies" WHERE "insurance_policies"."insureds_id" = ? AND "insurance_policies"."premium" = ? AND "insurance_policies"."tax_fee" = ? LIMIT ?[0m  [["insureds_id", 4], ["premium", 400.0], ["tax_fee", 50.0], ["LIMIT", 1]]
  â†³ app/models/insurance_policy.rb:9:in `create'
  [1m[36mTRANSACTION (0.0ms)[0m  [1m[36mbegin transaction[0m
  â†³ app/models/insurance_policy.rb:12:in `create'
  [1m[36mInsurancePolicy Create (0.9ms)[0m  [1m[32mINSERT INTO "insurance_policies" ("premium", "tax_fee", "insureds_id", "created_at", "updated_at") VALUES (?, ?, ?, ?, ?) RETURNING "id"[0m  [["premium", 400.0], ["tax_fee", 50.0], ["insureds_id", 4], ["created_at", "2024-03-24 17:30:03.550932"], ["updated_at", "2024-03-24 17:30:03.550932"]]
  â†³ app/models/insurance_policy.rb:12:in `create'
  [1m[36mTRANSACTION (0.1ms)[0m  [1m[36mcommit transaction[0m
  â†³ app/models/insurance_policy.rb:12:in `create'
  [1m[36mInsurancePolicy Load (0.0ms)[0m  [1m[34mSELECT "insurance_policies".* FROM "insurance_policies" WHERE "insurance_policies"."insureds_id" = ? AND "insurance_policies"."premium" = ? AND "insurance_policies"."tax_fee" = ? LIMIT ?[0m  [["insureds_id", 4], ["premium", 300.0], ["tax_fee", 50.0], ["LIMIT", 1]]
  â†³ app/models/insurance_policy.rb:9:in `create'
  [1m[36mTRANSACTION (0.0ms)[0m  [1m[36mbegin transaction[0m
  â†³ app/models/insurance_policy.rb:12:in `create'
  [1m[36mInsurancePolicy Create (0.9ms)[0m  [1m[32mINSERT INTO "insurance_policies" ("premium", "tax_fee", "insureds_id", "created_at", "updated_at") VALUES (?, ?, ?, ?, ?) RETURNING "id"[0m  [["premium", 300.0], ["tax_fee", 50.0], ["insureds_id", 4], ["created_at", "2024-03-24 17:30:03.554358"], ["updated_at", "2024-03-24 17:30:03.554358"]]
  â†³ app/models/insurance_policy.rb:12:in `create'
  [1m[36mTRANSACTION (0.1ms)[0m  [1m[36mcommit transaction[0m
  â†³ app/models/insurance_policy.rb:12:in `create'
  [1m[36mFinanceTerm Load (0.5ms)[0m  [1m[34mSELECT "finance_terms".* FROM "finance_terms" WHERE "finance_terms"."insurance_policies_id" = ? LIMIT ?[0m  [["insurance_policies_id", 1], ["LIMIT", 1]]
  â†³ app/models/finance_term.rb:8:in `create'
  [1m[36mFinanceTerm Load (0.1ms)[0m  [1m[34mSELECT "finance_terms".* FROM "finance_terms" WHERE "finance_terms"."insurance_policies_id" = ? LIMIT ?[0m  [["insurance_policies_id", 2], ["LIMIT", 1]]
  â†³ app/models/finance_term.rb:8:in `create'
  [1m[36mTRANSACTION (0.0ms)[0m  [1m[36mbegin transaction[0m
  â†³ app/models/finance_term.rb:13:in `create'
  [1m[36mFinanceTerm Update (0.8ms)[0m  [1m[33mUPDATE "finance_terms" SET "is_accepted" = ?, "updated_at" = ? WHERE "finance_terms"."id" = ?[0m  [["is_accepted", 0], ["updated_at", "2024-03-24 17:30:03.659474"], ["id", 2]]
  â†³ app/models/finance_term.rb:13:in `create'
  [1m[36mTRANSACTION (0.1ms)[0m  [1m[36mcommit transaction[0m
  â†³ app/models/finance_term.rb:13:in `create'
  [1m[36mFinanceTerm Load (0.0ms)[0m  [1m[34mSELECT "finance_terms".* FROM "finance_terms" WHERE "finance_terms"."insurance_policies_id" = ? LIMIT ?[0m  [["insurance_policies_id", 3], ["LIMIT", 1]]
  â†³ app/models/finance_term.rb:8:in `create'
  [1m[36mTRANSACTION (0.0ms)[0m  [1m[36mbegin transaction[0m
  â†³ app/models/finance_term.rb:13:in `create'
  [1m[36mFinanceTerm Create (0.8ms)[0m  [1m[32mINSERT INTO "finance_terms" ("downpayment", "amt_financed", "due_date", "is_accepted", "insurance_policies_id", "created_at", "updated_at") VALUES (?, ?, ?, ?, ?, ?, ?) RETURNING "id"[0m  [["downpayment", 40.0], ["amt_financed", 80.0], ["due_date", "2024-12-04 00:00:00"], ["is_accepted", 0], ["insurance_policies_id", 3], ["created_at", "2024-03-24 17:30:03.663192"], ["updated_at", "2024-03-24 17:30:03.663192"]]
  â†³ app/models/finance_term.rb:13:in `create'
  [1m[36mTRANSACTION (0.1ms)[0m  [1m[36mcommit transaction[0m
  â†³ app/models/finance_term.rb:13:in `create'
  [1m[36mFinanceTerm Load (0.0ms)[0m  [1m[34mSELECT "finance_terms".* FROM "finance_terms" WHERE "finance_terms"."insurance_policies_id" = ? LIMIT ?[0m  [["insurance_policies_id", 4], ["LIMIT", 1]]
  â†³ app/models/finance_term.rb:8:in `create'
  [1m[36mTRANSACTION (0.0ms)[0m  [1m[36mbegin transaction[0m
  â†³ app/models/finance_term.rb:13:in `create'
  [1m[36mFinanceTerm Create (0.7ms)[0m  [1m[32mINSERT INTO "finance_terms" ("downpayment", "amt_financed", "due_date", "is_accepted", "insurance_policies_id", "created_at", "updated_at") VALUES (?, ?, ?, ?, ?, ?, ?) RETURNING "id"[0m  [["downpayment", 80.0], ["amt_financed", 120.0], ["due_date", "2024-01-14 00:00:00"], ["is_accepted", 0], ["insurance_policies_id", 4], ["created_at", "2024-03-24 17:30:03.666652"], ["updated_at", "2024-03-24 17:30:03.666652"]]
  â†³ app/models/finance_term.rb:13:in `create'
  [1m[36mTRANSACTION (0.1ms)[0m  [1m[36mcommit transaction[0m
  â†³ app/models/finance_term.rb:13:in `create'
  [1m[36mFinanceTerm Load (0.0ms)[0m  [1m[34mSELECT "finance_terms".* FROM "finance_terms" WHERE "finance_terms"."insurance_policies_id" = ? LIMIT ?[0m  [["insurance_policies_id", 5], ["LIMIT", 1]]
  â†³ app/models/finance_term.rb:8:in `create'
  [1m[36mTRANSACTION (0.0ms)[0m  [1m[36mbegin transaction[0m
  â†³ app/models/finance_term.rb:13:in `create'
  [1m[36mFinanceTerm Create (0.8ms)[0m  [1m[32mINSERT INTO "finance_terms" ("downpayment", "amt_financed", "due_date", "is_accepted", "insurance_policies_id", "created_at", "updated_at") VALUES (?, ?, ?, ?, ?, ?, ?) RETURNING "id"[0m  [["downpayment", 120.0], ["amt_financed", 280.0], ["due_date", "2024-03-30 00:00:00"], ["is_accepted", 0], ["insurance_policies_id", 5], ["created_at", "2024-03-24 17:30:03.670057"], ["updated_at", "2024-03-24 17:30:03.670057"]]
  â†³ app/models/finance_term.rb:13:in `create'
  [1m[36mTRANSACTION (0.1ms)[0m  [1m[36mcommit transaction[0m
  â†³ app/models/finance_term.rb:13:in `create'
  [1m[36mFinanceTerm Load (0.1ms)[0m  [1m[34mSELECT "finance_terms".* FROM "finance_terms" WHERE "finance_terms"."insurance_policies_id" = ? LIMIT ?[0m  [["insurance_policies_id", 6], ["LIMIT", 1]]
  â†³ app/models/finance_term.rb:8:in `create'
  [1m[36mTRANSACTION (0.1ms)[0m  [1m[36mbegin transaction[0m
  â†³ app/models/finance_term.rb:13:in `create'
  [1m[36mFinanceTerm Create (1.7ms)[0m  [1m[32mINSERT INTO "finance_terms" ("downpayment", "amt_financed", "due_date", "is_accepted", "insurance_policies_id", "created_at", "updated_at") VALUES (?, ?, ?, ?, ?, ?, ?) RETURNING "id"[0m  [["downpayment", 110.0], ["amt_financed", 240.0], ["due_date", "2024-05-15 00:00:00"], ["is_accepted", 0], ["insurance_policies_id", 6], ["created_at", "2024-03-24 17:30:03.674613"], ["updated_at", "2024-03-24 17:30:03.674613"]]
  â†³ app/models/finance_term.rb:13:in `create'
  [1m[36mTRANSACTION (0.1ms)[0m  [1m[36mcommit transaction[0m
  â†³ app/models/finance_term.rb:13:in `create'
  [1m[36mFinanceTerm Load (0.1ms)[0m  [1m[34mSELECT "finance_terms".* FROM "finance_terms" WHERE "finance_terms"."insurance_policies_id" = ? LIMIT ?[0m  [["insurance_policies_id", 7], ["LIMIT", 1]]
  â†³ app/models/finance_term.rb:8:in `create'
  [1m[36mTRANSACTION (0.1ms)[0m  [1m[36mbegin transaction[0m
  â†³ app/models/finance_term.rb:13:in `create'
  [1m[36mFinanceTerm Create (1.0ms)[0m  [1m[32mINSERT INTO "finance_terms" ("downpayment", "amt_financed", "due_date", "is_accepted", "insurance_policies_id", "created_at", "updated_at") VALUES (?, ?, ?, ?, ?, ?, ?) RETURNING "id"[0m  [["downpayment", 130.0], ["amt_financed", 320.0], ["due_date", "2024-05-18 00:00:00"], ["is_accepted", 0], ["insurance_policies_id", 7], ["created_at", "2024-03-24 17:30:03.680347"], ["updated_at", "2024-03-24 17:30:03.680347"]]
  â†³ app/models/finance_term.rb:13:in `create'
  [1m[36mTRANSACTION (0.1ms)[0m  [1m[36mcommit transaction[0m
  â†³ app/models/finance_term.rb:13:in `create'
  [1m[36mFinanceTerm Load (0.1ms)[0m  [1m[34mSELECT "finance_terms".* FROM "finance_terms" WHERE "finance_terms"."insurance_policies_id" = ? LIMIT ?[0m  [["insurance_policies_id", 8], ["LIMIT", 1]]
  â†³ app/models/finance_term.rb:8:in `create'
  [1m[36mTRANSACTION (0.0ms)[0m  [1m[36mbegin transaction[0m
  â†³ app/models/finance_term.rb:13:in `create'
  [1m[36mFinanceTerm Create (0.9ms)[0m  [1m[32mINSERT INTO "finance_terms" ("downpayment", "amt_financed", "due_date", "is_accepted", "insurance_policies_id", "created_at", "updated_at") VALUES (?, ?, ?, ?, ?, ?, ?) RETURNING "id"[0m  [["downpayment", 110.0], ["amt_financed", 240.0], ["due_date", "2024-04-25 00:00:00"], ["is_accepted", 0], ["insurance_policies_id", 8], ["created_at", "2024-03-24 17:30:03.684419"], ["updated_at", "2024-03-24 17:30:03.684419"]]
  â†³ app/models/finance_term.rb:13:in `create'
  [1m[36mTRANSACTION (0.1ms)[0m  [1m[36mcommit transaction[0m
  â†³ app/models/finance_term.rb:13:in `create'
Completed 201 Created in 266ms (Views: 0.4ms | ActiveRecord: 23.9ms | Allocations: 220175)


Started PATCH "/api/v1/agree-finance-terms/6" for ::1 at 2024-03-24 13:30:32 -0400
Processing by Api::V1::FinanceTermController#agree_term as JSON
  Parameters: {"finance_term_id"=>"6"}
Can't verify CSRF token authenticity.
  [1m[36mFinanceTerm Load (0.2ms)[0m  [1m[34mSELECT "finance_terms".* FROM "finance_terms" WHERE "finance_terms"."id" = ? LIMIT ?[0m  [["id", 6], ["LIMIT", 1]]
  â†³ app/models/finance_term.rb:28:in `get_by_id'
  [1m[36mTRANSACTION (0.1ms)[0m  [1m[36mbegin transaction[0m
  â†³ app/models/finance_term.rb:40:in `update_term_accepted'
  [1m[36mFinanceTerm Update (1.3ms)[0m  [1m[33mUPDATE "finance_terms" SET "is_accepted" = ?, "updated_at" = ? WHERE "finance_terms"."id" = ?[0m  [["is_accepted", 1], ["updated_at", "2024-03-24 17:30:32.873339"], ["id", 6]]
  â†³ app/models/finance_term.rb:40:in `update_term_accepted'
  [1m[36mTRANSACTION (0.1ms)[0m  [1m[36mcommit transaction[0m
  â†³ app/models/finance_term.rb:40:in `update_term_accepted'
Completed 200 OK in 7ms (Views: 0.2ms | ActiveRecord: 1.6ms | Allocations: 3158)


Started PATCH "/api/v1/agree-finance-terms/7" for ::1 at 2024-03-24 13:30:38 -0400
Processing by Api::V1::FinanceTermController#agree_term as JSON
  Parameters: {"finance_term_id"=>"7"}
Can't verify CSRF token authenticity.
  [1m[36mFinanceTerm Load (0.1ms)[0m  [1m[34mSELECT "finance_terms".* FROM "finance_terms" WHERE "finance_terms"."id" = ? LIMIT ?[0m  [["id", 7], ["LIMIT", 1]]
  â†³ app/models/finance_term.rb:28:in `get_by_id'
  [1m[36mTRANSACTION (0.1ms)[0m  [1m[36mbegin transaction[0m
  â†³ app/models/finance_term.rb:40:in `update_term_accepted'
  [1m[36mFinanceTerm Update (1.5ms)[0m  [1m[33mUPDATE "finance_terms" SET "is_accepted" = ?, "updated_at" = ? WHERE "finance_terms"."id" = ?[0m  [["is_accepted", 1], ["updated_at", "2024-03-24 17:30:38.514225"], ["id", 7]]
  â†³ app/models/finance_term.rb:40:in `update_term_accepted'
  [1m[36mTRANSACTION (0.7ms)[0m  [1m[36mcommit transaction[0m
  â†³ app/models/finance_term.rb:40:in `update_term_accepted'
Completed 200 OK in 10ms (Views: 0.6ms | ActiveRecord: 2.3ms | Allocations: 2479)


Started PATCH "/api/v1/agree-finance-terms/9" for ::1 at 2024-03-24 13:30:53 -0400
Processing by Api::V1::FinanceTermController#agree_term as JSON
  Parameters: {"finance_term_id"=>"9"}
Can't verify CSRF token authenticity.
  [1m[36mFinanceTerm Load (0.1ms)[0m  [1m[34mSELECT "finance_terms".* FROM "finance_terms" WHERE "finance_terms"."id" = ? LIMIT ?[0m  [["id", 9], ["LIMIT", 1]]
  â†³ app/models/finance_term.rb:28:in `get_by_id'


Completed 404 Not Found in 3ms (Views: 0.3ms | ActiveRecord: 0.1ms | Allocations: 1073)


Started GET "/api/v1/finance-terms?downpayment_amount_operator=&downpayment_amount=10000" for ::1 at 2024-03-24 13:36:13 -0400
  [1m[36mActiveRecord::SchemaMigration Load (0.2ms)[0m  [1m[34mSELECT "schema_migrations"."version" FROM "schema_migrations" ORDER BY "schema_migrations"."version" ASC[0m
Processing by Api::V1::FinanceTermController#get_terms as JSON
  Parameters: {"downpayment_amount_operator"=>"", "downpayment_amount"=>"10000"}

Completed 500 Internal Server Error in 5ms (Views: 0.3ms | ActiveRecord: 0.0ms | Allocations: 2213)


Started GET "/api/v1/finance-terms?downpayment_amount_operator=&downpayment_amount=10000" for ::1 at 2024-03-24 13:36:53 -0400
  [1m[36mActiveRecord::SchemaMigration Load (0.2ms)[0m  [1m[34mSELECT "schema_migrations"."version" FROM "schema_migrations" ORDER BY "schema_migrations"."version" ASC[0m
Processing by Api::V1::FinanceTermController#get_terms as JSON
  Parameters: {"downpayment_amount_operator"=>"", "downpayment_amount"=>"10000"}
Completed 500 Internal Server Error in 7ms (ActiveRecord: 0.0ms | Allocations: 2559)


  
NoMethodError (undefined method `strip' for nil:NilClass):
  
app/controllers/api/v1/finance_term_controller.rb:60:in `get_terms'
Started GET "/api/v1/finance-terms?downpayment_amount_operator=&downpayment_amount=10000" for ::1 at 2024-03-24 13:42:08 -0400
  [1m[36mActiveRecord::SchemaMigration Load (0.4ms)[0m  [1m[34mSELECT "schema_migrations"."version" FROM "schema_migrations" ORDER BY "schema_migrations"."version" ASC[0m
Processing by Api::V1::FinanceTermController#get_terms as JSON
  Parameters: {"downpayment_amount_operator"=>"", "downpayment_amount"=>"10000"}
  [1m[36mFinanceTerm Load (1.0ms)[0m  [1m[34mSELECT "finance_terms".* FROM "finance_terms"[0m
  â†³ app/controllers/application_controller.rb:8:in `send_success_response'
Completed 200 OK in 175ms (Views: 88.9ms | ActiveRecord: 4.0ms | Allocations: 127712)


Started GET "/api/v1/finance-terms?downpayment_amount_operator=&downpayment_amount=10000" for ::1 at 2024-03-24 13:43:15 -0400
  [1m[36mActiveRecord::SchemaMigration Load (0.5ms)[0m  [1m[34mSELECT "schema_migrations"."version" FROM "schema_migrations" ORDER BY "schema_migrations"."version" ASC[0m
Processing by Api::V1::FinanceTermController#get_terms as JSON
  Parameters: {"downpayment_amount_operator"=>"", "downpayment_amount"=>"10000"}
  [1m[36mFinanceTerm Load (0.2ms)[0m  [1m[34mSELECT "finance_terms".* FROM "finance_terms"[0m
  â†³ app/controllers/application_controller.rb:8:in `send_success_response'
Completed 200 OK in 151ms (Views: 91.7ms | ActiveRecord: 4.3ms | Allocations: 127712)


Started GET "/api/v1/finance-terms?downpayment_amount_operator=&downpayment_amount=10000" for ::1 at 2024-03-24 13:43:42 -0400
  [1m[36mActiveRecord::SchemaMigration Load (0.3ms)[0m  [1m[34mSELECT "schema_migrations"."version" FROM "schema_migrations" ORDER BY "schema_migrations"."version" ASC[0m
Processing by Api::V1::FinanceTermController#get_terms as JSON
  Parameters: {"downpayment_amount_operator"=>"", "downpayment_amount"=>"10000"}
  [1m[36mFinanceTerm Load (0.8ms)[0m  [1m[34mSELECT "finance_terms".* FROM "finance_terms"[0m
  â†³ app/controllers/application_controller.rb:8:in `send_success_response'
Completed 200 OK in 244ms (Views: 144.1ms | ActiveRecord: 7.2ms | Allocations: 127715)


Started GET "/api/v1/finance-terms?downpayment_op=&downpayment=10000" for ::1 at 2024-03-24 13:44:11 -0400
Processing by Api::V1::FinanceTermController#get_terms as JSON
  Parameters: {"downpayment_op"=>"", "downpayment"=>"10000"}

Completed 400 Bad Request in 2ms (Views: 0.4ms | ActiveRecord: 0.0ms | Allocations: 216)


Started GET "/api/v1/finance-terms?downpayment_op=&downpayment=" for ::1 at 2024-03-24 13:44:21 -0400
Processing by Api::V1::FinanceTermController#get_terms as JSON
  Parameters: {"downpayment_op"=>"", "downpayment"=>""}
  [1m[36mFinanceTerm Load (0.1ms)[0m  [1m[34mSELECT "finance_terms".* FROM "finance_terms"[0m
  â†³ app/controllers/application_controller.rb:8:in `send_success_response'
Completed 200 OK in 5ms (Views: 2.4ms | ActiveRecord: 0.1ms | Allocations: 1573)


Started GET "/api/v1/finance-terms?downpayment_op=gt&downpayment=" for ::1 at 2024-03-24 13:44:31 -0400
Processing by Api::V1::FinanceTermController#get_terms as JSON
  Parameters: {"downpayment_op"=>"gt", "downpayment"=>""}
  [1m[36mFinanceTerm Load (0.1ms)[0m  [1m[34mSELECT "finance_terms".* FROM "finance_terms"[0m
  â†³ app/controllers/application_controller.rb:8:in `send_success_response'
Completed 200 OK in 6ms (Views: 4.8ms | ActiveRecord: 0.1ms | Allocations: 1559)


Started GET "/api/v1/finance-terms?downpayment_op=gt&downpayment=50" for ::1 at 2024-03-24 13:45:05 -0400
Processing by Api::V1::FinanceTermController#get_terms as JSON
  Parameters: {"downpayment_op"=>"gt", "downpayment"=>"50"}
  [1m[36mFinanceTerm Load (2.0ms)[0m  [1m[34mSELECT "finance_terms".* FROM "finance_terms" WHERE (downpayment_amount gt '50')[0m
  â†³ app/controllers/application_controller.rb:8:in `send_success_response'
Completed 500 Internal Server Error in 23ms (ActiveRecord: 2.0ms | Allocations: 4444)


  
ActiveRecord::StatementInvalid (SQLite3::SQLException: near "gt": syntax error):
  
Started GET "/api/v1/finance-terms?downpayment_op=gt&downpayment=50" for ::1 at 2024-03-24 13:48:06 -0400
  [1m[36mActiveRecord::SchemaMigration Load (0.8ms)[0m  [1m[34mSELECT "schema_migrations"."version" FROM "schema_migrations" ORDER BY "schema_migrations"."version" ASC[0m
Processing by Api::V1::FinanceTermController#get_terms as JSON
  Parameters: {"downpayment_op"=>"gt", "downpayment"=>"50"}
  [1m[36mFinanceTerm Load (1.2ms)[0m  [1m[34mSELECT "finance_terms".* FROM "finance_terms" WHERE (downpayment_amount > '50')[0m
  â†³ app/controllers/application_controller.rb:8:in `send_success_response'
Completed 500 Internal Server Error in 96ms (ActiveRecord: 5.3ms | Allocations: 17682)


  
ActiveRecord::StatementInvalid (SQLite3::SQLException: no such column: downpayment_amount):
  
Started GET "/api/v1/finance-terms?downpayment_op=gt&downpayment=50" for ::1 at 2024-03-24 13:48:32 -0400
  [1m[36mActiveRecord::SchemaMigration Load (0.2ms)[0m  [1m[34mSELECT "schema_migrations"."version" FROM "schema_migrations" ORDER BY "schema_migrations"."version" ASC[0m
Processing by Api::V1::FinanceTermController#get_terms as JSON
  Parameters: {"downpayment_op"=>"gt", "downpayment"=>"50"}
  [1m[36mFinanceTerm Load (0.2ms)[0m  [1m[34mSELECT "finance_terms".* FROM "finance_terms" WHERE (downpayment > '50')[0m
  â†³ app/controllers/application_controller.rb:8:in `send_success_response'
Completed 200 OK in 231ms (Views: 138.2ms | ActiveRecord: 2.7ms | Allocations: 128061)


Started GET "/api/v1/finance-terms?downpayment_op=lt&downpayment=50" for ::1 at 2024-03-24 13:48:50 -0400
Processing by Api::V1::FinanceTermController#get_terms as JSON
  Parameters: {"downpayment_op"=>"lt", "downpayment"=>"50"}
  [1m[36mFinanceTerm Load (0.6ms)[0m  [1m[34mSELECT "finance_terms".* FROM "finance_terms" WHERE (downpayment < '50')[0m
  â†³ app/controllers/application_controller.rb:8:in `send_success_response'
Completed 200 OK in 4ms (Views: 2.6ms | ActiveRecord: 0.5ms | Allocations: 961)


Started GET "/api/v1/finance-terms?downpayment_op=gt&downpayment=100" for ::1 at 2024-03-24 13:49:00 -0400
Processing by Api::V1::FinanceTermController#get_terms as JSON
  Parameters: {"downpayment_op"=>"gt", "downpayment"=>"100"}
  [1m[36mFinanceTerm Load (0.2ms)[0m  [1m[34mSELECT "finance_terms".* FROM "finance_terms" WHERE (downpayment > '100')[0m
  â†³ app/controllers/application_controller.rb:8:in `send_success_response'
Completed 200 OK in 7ms (Views: 4.4ms | ActiveRecord: 0.2ms | Allocations: 1347)


Started GET "/api/v1/finance-terms?downpayment_op=gt&downpayment=100&is_accepted=truee" for ::1 at 2024-03-24 13:49:28 -0400
Processing by Api::V1::FinanceTermController#get_terms as JSON
  Parameters: {"downpayment_op"=>"gt", "downpayment"=>"100", "is_accepted"=>"truee"}

Completed 400 Bad Request in 2ms (Views: 0.4ms | ActiveRecord: 0.0ms | Allocations: 216)


Started GET "/api/v1/finance-terms?downpayment_op=gt&downpayment=100&is_accepted=True" for ::1 at 2024-03-24 13:49:36 -0400
Processing by Api::V1::FinanceTermController#get_terms as JSON
  Parameters: {"downpayment_op"=>"gt", "downpayment"=>"100", "is_accepted"=>"True"}
  [1m[36mFinanceTerm Load (0.2ms)[0m  [1m[34mSELECT "finance_terms".* FROM "finance_terms" WHERE (downpayment > '100') AND "finance_terms"."is_accepted" = ?[0m  [["is_accepted", 1]]
  â†³ app/controllers/application_controller.rb:8:in `send_success_response'
Completed 200 OK in 17ms (Views: 2.3ms | ActiveRecord: 0.2ms | Allocations: 4740)


Started GET "/api/v1/finance-terms?downpayment_op=gt&downpayment=100&is_accepted=true" for ::1 at 2024-03-24 13:49:45 -0400
Processing by Api::V1::FinanceTermController#get_terms as JSON
  Parameters: {"downpayment_op"=>"gt", "downpayment"=>"100", "is_accepted"=>"true"}
  [1m[36mFinanceTerm Load (0.2ms)[0m  [1m[34mSELECT "finance_terms".* FROM "finance_terms" WHERE (downpayment > '100') AND "finance_terms"."is_accepted" = ?[0m  [["is_accepted", 1]]
  â†³ app/controllers/application_controller.rb:8:in `send_success_response'
Completed 200 OK in 12ms (Views: 6.3ms | ActiveRecord: 0.2ms | Allocations: 1096)


Started GET "/api/v1/finance-terms?downpayment_op=gt&downpayment=100&is_accepted=false" for ::1 at 2024-03-24 13:49:50 -0400
Processing by Api::V1::FinanceTermController#get_terms as JSON
  Parameters: {"downpayment_op"=>"gt", "downpayment"=>"100", "is_accepted"=>"false"}
  [1m[36mFinanceTerm Load (0.2ms)[0m  [1m[34mSELECT "finance_terms".* FROM "finance_terms" WHERE (downpayment > '100') AND "finance_terms"."is_accepted" = ?[0m  [["is_accepted", 0]]
  â†³ app/controllers/application_controller.rb:8:in `send_success_response'
Completed 200 OK in 4ms (Views: 3.0ms | ActiveRecord: 0.2ms | Allocations: 1206)


Started GET "/api/v1/finance-terms?downpayment_op=gt&downpayment=100&is_accepted=False" for ::1 at 2024-03-24 13:50:06 -0400
Processing by Api::V1::FinanceTermController#get_terms as JSON
  Parameters: {"downpayment_op"=>"gt", "downpayment"=>"100", "is_accepted"=>"False"}
  [1m[36mFinanceTerm Load (0.3ms)[0m  [1m[34mSELECT "finance_terms".* FROM "finance_terms" WHERE (downpayment > '100') AND "finance_terms"."is_accepted" = ?[0m  [["is_accepted", 0]]
  â†³ app/controllers/application_controller.rb:8:in `send_success_response'
Completed 200 OK in 4ms (Views: 2.3ms | ActiveRecord: 0.2ms | Allocations: 1204)


Started GET "/api/v1/finance-terms?downpayment_op=gt&downpayment=100&is_accepted=False&sort_by=downpayment_amount&order=asc" for ::1 at 2024-03-24 13:50:49 -0400
Processing by Api::V1::FinanceTermController#get_terms as JSON
  Parameters: {"downpayment_op"=>"gt", "downpayment"=>"100", "is_accepted"=>"False", "sort_by"=>"downpayment_amount", "order"=>"asc"}
Completed 400 Bad Request in 1ms (Views: 0.2ms | ActiveRecord: 0.0ms | Allocations: 194)


Started GET "/api/v1/finance-terms?downpayment_op=gt&downpayment=100&is_accepted=False&sort_by=downpayment&order=asc" for ::1 at 2024-03-24 13:50:58 -0400
Processing by Api::V1::FinanceTermController#get_terms as JSON
  Parameters: {"downpayment_op"=>"gt", "downpayment"=>"100", "is_accepted"=>"False", "sort_by"=>"downpayment", "order"=>"asc"}
  [1m[36mFinanceTerm Load (1.5ms)[0m  [1m[34mSELECT "finance_terms".* FROM "finance_terms" WHERE (downpayment > '100') AND "finance_terms"."is_accepted" = ? ORDER BY "finance_terms"."downpayment" ASC[0m  [["is_accepted", 0]]
  â†³ app/controllers/application_controller.rb:8:in `send_success_response'
Completed 200 OK in 6ms (Views: 2.7ms | ActiveRecord: 1.5ms | Allocations: 1268)


Started GET "/api/v1/finance-terms?downpayment_op=gt&downpayment=0&is_accepted=False&sort_by=downpayment&order=asc" for ::1 at 2024-03-24 13:51:11 -0400
Processing by Api::V1::FinanceTermController#get_terms as JSON
  Parameters: {"downpayment_op"=>"gt", "downpayment"=>"0", "is_accepted"=>"False", "sort_by"=>"downpayment", "order"=>"asc"}
  [1m[36mFinanceTerm Load (0.7ms)[0m  [1m[34mSELECT "finance_terms".* FROM "finance_terms" WHERE (downpayment > '0') AND "finance_terms"."is_accepted" = ? ORDER BY "finance_terms"."downpayment" ASC[0m  [["is_accepted", 0]]
  â†³ app/controllers/application_controller.rb:8:in `send_success_response'
Completed 200 OK in 9ms (Views: 5.4ms | ActiveRecord: 0.7ms | Allocations: 1514)


Started GET "/api/v1/finance-terms?downpayment_op=gt&downpayment=0&is_accepted=False&sort_by=downpayment&order=des" for ::1 at 2024-03-24 13:51:26 -0400
Processing by Api::V1::FinanceTermController#get_terms as JSON
  Parameters: {"downpayment_op"=>"gt", "downpayment"=>"0", "is_accepted"=>"False", "sort_by"=>"downpayment", "order"=>"des"}
Completed 400 Bad Request in 2ms (Views: 0.2ms | ActiveRecord: 0.0ms | Allocations: 194)


Started GET "/api/v1/finance-terms?downpayment_op=gt&downpayment=0&is_accepted=False&sort_by=downpayment&order=desc" for ::1 at 2024-03-24 13:51:29 -0400
Processing by Api::V1::FinanceTermController#get_terms as JSON
  Parameters: {"downpayment_op"=>"gt", "downpayment"=>"0", "is_accepted"=>"False", "sort_by"=>"downpayment", "order"=>"desc"}
  [1m[36mFinanceTerm Load (0.2ms)[0m  [1m[34mSELECT "finance_terms".* FROM "finance_terms" WHERE (downpayment > '0') AND "finance_terms"."is_accepted" = ? ORDER BY "finance_terms"."downpayment" DESC[0m  [["is_accepted", 0]]
  â†³ app/controllers/application_controller.rb:8:in `send_success_response'
Completed 200 OK in 5ms (Views: 3.7ms | ActiveRecord: 0.2ms | Allocations: 1526)


Started GET "/api/v1/finance-terms?downpayment_op=gt&downpayment=0&is_accepted=False&sort_by=due_date&order=desc" for ::1 at 2024-03-24 13:51:47 -0400
Processing by Api::V1::FinanceTermController#get_terms as JSON
  Parameters: {"downpayment_op"=>"gt", "downpayment"=>"0", "is_accepted"=>"False", "sort_by"=>"due_date", "order"=>"desc"}
  [1m[36mFinanceTerm Load (0.3ms)[0m  [1m[34mSELECT "finance_terms".* FROM "finance_terms" WHERE (downpayment > '0') AND "finance_terms"."is_accepted" = ? ORDER BY "finance_terms"."due_date" DESC[0m  [["is_accepted", 0]]
  â†³ app/controllers/application_controller.rb:8:in `send_success_response'
Completed 200 OK in 116ms (Views: 114.1ms | ActiveRecord: 0.3ms | Allocations: 1517)


Started GET "/api/v1/finance-terms?downpayment_op=gt&downpayment=0&is_accepted=False&sort_by=due_date&order=asc" for ::1 at 2024-03-24 13:52:04 -0400
Processing by Api::V1::FinanceTermController#get_terms as JSON
  Parameters: {"downpayment_op"=>"gt", "downpayment"=>"0", "is_accepted"=>"False", "sort_by"=>"due_date", "order"=>"asc"}
  [1m[36mFinanceTerm Load (0.2ms)[0m  [1m[34mSELECT "finance_terms".* FROM "finance_terms" WHERE (downpayment > '0') AND "finance_terms"."is_accepted" = ? ORDER BY "finance_terms"."due_date" ASC[0m  [["is_accepted", 0]]
  â†³ app/controllers/application_controller.rb:8:in `send_success_response'
Completed 200 OK in 4ms (Views: 2.5ms | ActiveRecord: 0.2ms | Allocations: 1515)


Started GET "/api/v1/finance-terms?downpayment_op=gt&downpayment=0&is_accepted=False&sort_by=due_date&order=asc" for ::1 at 2024-03-24 14:10:24 -0400
  [1m[36mActiveRecord::SchemaMigration Load (0.7ms)[0m  [1m[34mSELECT "schema_migrations"."version" FROM "schema_migrations" ORDER BY "schema_migrations"."version" ASC[0m
Processing by Api::V1::FinanceTermController#get_terms as JSON
  Parameters: {"downpayment_op"=>"gt", "downpayment"=>"0", "is_accepted"=>"False", "sort_by"=>"due_date", "order"=>"asc"}
  [1m[36mFinanceTerm Load (0.2ms)[0m  [1m[34mSELECT "finance_terms".* FROM "finance_terms" WHERE (downpayment > '0') AND "finance_terms"."is_accepted" = ? ORDER BY "finance_terms"."due_date" ASC[0m  [["is_accepted", 0]]
  â†³ app/controllers/application_controller.rb:8:in `send_success_response'
Completed 200 OK in 216ms (Views: 102.7ms | ActiveRecord: 4.4ms | Allocations: 129053)


Started POST "/api/v1/finance-term" for ::1 at 2024-03-24 14:33:38 -0400
  [1m[36mActiveRecord::SchemaMigration Load (0.2ms)[0m  [1m[34mSELECT "schema_migrations"."version" FROM "schema_migrations" ORDER BY "schema_migrations"."version" ASC[0m
Processing by Api::V1::FinanceTermController#generate_terms as JSON
  Parameters: {"policies"=>[{"insured_name"=>"Pru Kul", "insured_policies"=>[{"premium"=>200, "tax_fee"=>50, "due_date"=>"12/12/2023"}, {"premium"=>300, "tax_fee"=>50, "due_date"=>"12/12/2023"}]}, {"insured_name"=>"John Doe", "insured_policies"=>[{"premium"=>100, "tax_fee"=>20, "due_date"=>"4/12/2024"}, {"premium"=>150, "tax_fee"=>50, "due_date"=>"14/1/2024"}]}, {"insured_name"=>"Sam Barton", "insured_policies"=>[{"premium"=>350, "tax_fee"=>50, "due_date"=>"30/3/2024"}, {"premium"=>300, "tax_fee"=>50, "due_date"=>"15/5/2024"}]}, {"insured_name"=>"Peter Park", "insured_policies"=>[{"premium"=>400, "tax_fee"=>50, "due_date"=>"18/5/2024"}, {"premium"=>300, "tax_fee"=>50, "due_date"=>"25/4/2024"}]}], "finance_term"=>{}}
Can't verify CSRF token authenticity.
  [1m[36mInsured Load (0.7ms)[0m  [1m[34mSELECT "insureds".* FROM "insureds" WHERE "insureds"."name" = ? LIMIT ?[0m  [["name", "Pru Kul"], ["LIMIT", 1]]
  â†³ app/models/insured.rb:9:in `create'
  [1m[36mInsurancePolicy Load (1.0ms)[0m  [1m[34mSELECT "insurance_policies".* FROM "insurance_policies" WHERE "insurance_policies"."insureds_id" = ? AND "insurance_policies"."premium" = ? AND "insurance_policies"."tax_fee" = ? LIMIT ?[0m  [["insureds_id", 1], ["premium", 200.0], ["tax_fee", 50.0], ["LIMIT", 1]]
  â†³ app/models/insurance_policy.rb:9:in `create'
  [1m[36mInsurancePolicy Load (0.2ms)[0m  [1m[34mSELECT "insurance_policies".* FROM "insurance_policies" WHERE "insurance_policies"."insureds_id" = ? AND "insurance_policies"."premium" = ? AND "insurance_policies"."tax_fee" = ? LIMIT ?[0m  [["insureds_id", 1], ["premium", 300.0], ["tax_fee", 50.0], ["LIMIT", 1]]
  â†³ app/models/insurance_policy.rb:9:in `create'
  [1m[36mInsured Load (0.1ms)[0m  [1m[34mSELECT "insureds".* FROM "insureds" WHERE "insureds"."name" = ? LIMIT ?[0m  [["name", "John Doe"], ["LIMIT", 1]]
  â†³ app/models/insured.rb:9:in `create'
  [1m[36mInsurancePolicy Load (0.2ms)[0m  [1m[34mSELECT "insurance_policies".* FROM "insurance_policies" WHERE "insurance_policies"."insureds_id" = ? AND "insurance_policies"."premium" = ? AND "insurance_policies"."tax_fee" = ? LIMIT ?[0m  [["insureds_id", 2], ["premium", 100.0], ["tax_fee", 20.0], ["LIMIT", 1]]
  â†³ app/models/insurance_policy.rb:9:in `create'
  [1m[36mInsurancePolicy Load (0.2ms)[0m  [1m[34mSELECT "insurance_policies".* FROM "insurance_policies" WHERE "insurance_policies"."insureds_id" = ? AND "insurance_policies"."premium" = ? AND "insurance_policies"."tax_fee" = ? LIMIT ?[0m  [["insureds_id", 2], ["premium", 150.0], ["tax_fee", 50.0], ["LIMIT", 1]]
  â†³ app/models/insurance_policy.rb:9:in `create'
  [1m[36mInsured Load (0.4ms)[0m  [1m[34mSELECT "insureds".* FROM "insureds" WHERE "insureds"."name" = ? LIMIT ?[0m  [["name", "Sam Barton"], ["LIMIT", 1]]
  â†³ app/models/insured.rb:9:in `create'
  [1m[36mInsurancePolicy Load (0.1ms)[0m  [1m[34mSELECT "insurance_policies".* FROM "insurance_policies" WHERE "insurance_policies"."insureds_id" = ? AND "insurance_policies"."premium" = ? AND "insurance_policies"."tax_fee" = ? LIMIT ?[0m  [["insureds_id", 3], ["premium", 350.0], ["tax_fee", 50.0], ["LIMIT", 1]]
  â†³ app/models/insurance_policy.rb:9:in `create'
  [1m[36mInsurancePolicy Load (0.1ms)[0m  [1m[34mSELECT "insurance_policies".* FROM "insurance_policies" WHERE "insurance_policies"."insureds_id" = ? AND "insurance_policies"."premium" = ? AND "insurance_policies"."tax_fee" = ? LIMIT ?[0m  [["insureds_id", 3], ["premium", 300.0], ["tax_fee", 50.0], ["LIMIT", 1]]
  â†³ app/models/insurance_policy.rb:9:in `create'
  [1m[36mInsured Load (0.2ms)[0m  [1m[34mSELECT "insureds".* FROM "insureds" WHERE "insureds"."name" = ? LIMIT ?[0m  [["name", "Peter Park"], ["LIMIT", 1]]
  â†³ app/models/insured.rb:9:in `create'
  [1m[36mInsurancePolicy Load (0.2ms)[0m  [1m[34mSELECT "insurance_policies".* FROM "insurance_policies" WHERE "insurance_policies"."insureds_id" = ? AND "insurance_policies"."premium" = ? AND "insurance_policies"."tax_fee" = ? LIMIT ?[0m  [["insureds_id", 4], ["premium", 400.0], ["tax_fee", 50.0], ["LIMIT", 1]]
  â†³ app/models/insurance_policy.rb:9:in `create'
  [1m[36mInsurancePolicy Load (0.1ms)[0m  [1m[34mSELECT "insurance_policies".* FROM "insurance_policies" WHERE "insurance_policies"."insureds_id" = ? AND "insurance_policies"."premium" = ? AND "insurance_policies"."tax_fee" = ? LIMIT ?[0m  [["insureds_id", 4], ["premium", 300.0], ["tax_fee", 50.0], ["LIMIT", 1]]
  â†³ app/models/insurance_policy.rb:9:in `create'
  [1m[36mFinanceTerm Load (0.4ms)[0m  [1m[34mSELECT "finance_terms".* FROM "finance_terms" WHERE "finance_terms"."insurance_policies_id" = ? LIMIT ?[0m  [["insurance_policies_id", 1], ["LIMIT", 1]]
  â†³ app/models/finance_term.rb:8:in `create'
  [1m[36mFinanceTerm Load (0.1ms)[0m  [1m[34mSELECT "finance_terms".* FROM "finance_terms" WHERE "finance_terms"."insurance_policies_id" = ? LIMIT ?[0m  [["insurance_policies_id", 2], ["LIMIT", 1]]
  â†³ app/models/finance_term.rb:8:in `create'
  [1m[36mFinanceTerm Load (0.1ms)[0m  [1m[34mSELECT "finance_terms".* FROM "finance_terms" WHERE "finance_terms"."insurance_policies_id" = ? LIMIT ?[0m  [["insurance_policies_id", 3], ["LIMIT", 1]]
  â†³ app/models/finance_term.rb:8:in `create'
  [1m[36mFinanceTerm Load (0.1ms)[0m  [1m[34mSELECT "finance_terms".* FROM "finance_terms" WHERE "finance_terms"."insurance_policies_id" = ? LIMIT ?[0m  [["insurance_policies_id", 4], ["LIMIT", 1]]
  â†³ app/models/finance_term.rb:8:in `create'
  [1m[36mFinanceTerm Load (0.4ms)[0m  [1m[34mSELECT "finance_terms".* FROM "finance_terms" WHERE "finance_terms"."insurance_policies_id" = ? LIMIT ?[0m  [["insurance_policies_id", 5], ["LIMIT", 1]]
  â†³ app/models/finance_term.rb:8:in `create'
  [1m[36mFinanceTerm Load (0.2ms)[0m  [1m[34mSELECT "finance_terms".* FROM "finance_terms" WHERE "finance_terms"."insurance_policies_id" = ? LIMIT ?[0m  [["insurance_policies_id", 6], ["LIMIT", 1]]
  â†³ app/models/finance_term.rb:8:in `create'
  [1m[36mTRANSACTION (0.1ms)[0m  [1m[36mbegin transaction[0m
  â†³ app/models/finance_term.rb:13:in `create'
  [1m[36mFinanceTerm Update (1.4ms)[0m  [1m[33mUPDATE "finance_terms" SET "is_accepted" = ?, "updated_at" = ? WHERE "finance_terms"."id" = ?[0m  [["is_accepted", 0], ["updated_at", "2024-03-24 18:33:38.791107"], ["id", 6]]
  â†³ app/models/finance_term.rb:13:in `create'
  [1m[36mTRANSACTION (0.2ms)[0m  [1m[36mcommit transaction[0m
  â†³ app/models/finance_term.rb:13:in `create'
  [1m[36mFinanceTerm Load (0.1ms)[0m  [1m[34mSELECT "finance_terms".* FROM "finance_terms" WHERE "finance_terms"."insurance_policies_id" = ? LIMIT ?[0m  [["insurance_policies_id", 7], ["LIMIT", 1]]
  â†³ app/models/finance_term.rb:8:in `create'
  [1m[36mTRANSACTION (0.0ms)[0m  [1m[36mbegin transaction[0m
  â†³ app/models/finance_term.rb:13:in `create'
  [1m[36mFinanceTerm Update (1.0ms)[0m  [1m[33mUPDATE "finance_terms" SET "is_accepted" = ?, "updated_at" = ? WHERE "finance_terms"."id" = ?[0m  [["is_accepted", 0], ["updated_at", "2024-03-24 18:33:38.799505"], ["id", 7]]
  â†³ app/models/finance_term.rb:13:in `create'
  [1m[36mTRANSACTION (0.1ms)[0m  [1m[36mcommit transaction[0m
  â†³ app/models/finance_term.rb:13:in `create'
  [1m[36mFinanceTerm Load (0.1ms)[0m  [1m[34mSELECT "finance_terms".* FROM "finance_terms" WHERE "finance_terms"."insurance_policies_id" = ? LIMIT ?[0m  [["insurance_policies_id", 8], ["LIMIT", 1]]
  â†³ app/models/finance_term.rb:8:in `create'
Completed 201 Created in 381ms (Views: 0.7ms | ActiveRecord: 13.4ms | Allocations: 196918)


Started PATCH "/api/v1/agree-finance-terms/1" for ::1 at 2024-03-24 14:33:58 -0400
Processing by Api::V1::FinanceTermController#agree_term as JSON
  Parameters: {"finance_term_id"=>"1"}
Can't verify CSRF token authenticity.
  [1m[36mFinanceTerm Load (0.2ms)[0m  [1m[34mSELECT "finance_terms".* FROM "finance_terms" WHERE "finance_terms"."id" = ? LIMIT ?[0m  [["id", 1], ["LIMIT", 1]]
  â†³ app/models/finance_term.rb:28:in `get_by_id'
  [1m[36mTRANSACTION (0.1ms)[0m  [1m[36mbegin transaction[0m
  â†³ app/models/finance_term.rb:40:in `update_term_accepted'
  [1m[36mFinanceTerm Update (1.5ms)[0m  [1m[33mUPDATE "finance_terms" SET "is_accepted" = ?, "updated_at" = ? WHERE "finance_terms"."id" = ?[0m  [["is_accepted", 1], ["updated_at", "2024-03-24 18:33:58.209474"], ["id", 1]]
  â†³ app/models/finance_term.rb:40:in `update_term_accepted'
  [1m[36mTRANSACTION (0.1ms)[0m  [1m[36mcommit transaction[0m
  â†³ app/models/finance_term.rb:40:in `update_term_accepted'
Completed 200 OK in 10ms (Views: 0.2ms | ActiveRecord: 1.9ms | Allocations: 3161)


Started PATCH "/api/v1/agree-finance-terms/10" for ::1 at 2024-03-24 14:34:03 -0400
Processing by Api::V1::FinanceTermController#agree_term as JSON
  Parameters: {"finance_term_id"=>"10"}
Can't verify CSRF token authenticity.
  [1m[36mFinanceTerm Load (0.1ms)[0m  [1m[34mSELECT "finance_terms".* FROM "finance_terms" WHERE "finance_terms"."id" = ? LIMIT ?[0m  [["id", 10], ["LIMIT", 1]]
  â†³ app/models/finance_term.rb:28:in `get_by_id'

#<Api::V1::FinanceTermController:0x00007fe915bf96f8> | agree_term | error: Finance term with id 10 not found
Completed 404 Not Found in 3ms (Views: 0.2ms | ActiveRecord: 0.1ms | Allocations: 1097)


Started GET "/api/v1/finance-terms?downpayment_op=gt&downpayment=0&is_accepted=False&sort_by=due_date&order=asc" for ::1 at 2024-03-24 14:34:38 -0400
Processing by Api::V1::FinanceTermController#get_terms as JSON
  Parameters: {"downpayment_op"=>"gt", "downpayment"=>"0", "is_accepted"=>"False", "sort_by"=>"due_date", "order"=>"asc"}
  [1m[36mFinanceTerm Load (0.2ms)[0m  [1m[34mSELECT "finance_terms".* FROM "finance_terms" WHERE (downpayment > '0') AND "finance_terms"."is_accepted" = ? ORDER BY "finance_terms"."due_date" ASC[0m  [["is_accepted", 0]]
  â†³ app/controllers/application_controller.rb:8:in `send_success_response'
Completed 200 OK in 4ms (Views: 2.4ms | ActiveRecord: 0.2ms | Allocations: 1752)


Started GET "/api/v1/finance-terms?downpayment_op=gt&downpayment=1000&is_accepted=False&sort_by=due_date&order=asc" for ::1 at 2024-03-24 14:34:47 -0400
Processing by Api::V1::FinanceTermController#get_terms as JSON
  Parameters: {"downpayment_op"=>"gt", "downpayment"=>"1000", "is_accepted"=>"False", "sort_by"=>"due_date", "order"=>"asc"}
  [1m[36mFinanceTerm Load (0.2ms)[0m  [1m[34mSELECT "finance_terms".* FROM "finance_terms" WHERE (downpayment > '1000') AND "finance_terms"."is_accepted" = ? ORDER BY "finance_terms"."due_date" ASC[0m  [["is_accepted", 0]]
  â†³ app/controllers/application_controller.rb:8:in `send_success_response'
Completed 200 OK in 2ms (Views: 1.2ms | ActiveRecord: 0.2ms | Allocations: 921)


Started GET "/api/v1/finance-terms?downpayment_op=gt&downpayment=100&is_accepted=False&sort_by=due_date&order=asc" for ::1 at 2024-03-24 14:34:56 -0400
Processing by Api::V1::FinanceTermController#get_terms as JSON
  Parameters: {"downpayment_op"=>"gt", "downpayment"=>"100", "is_accepted"=>"False", "sort_by"=>"due_date", "order"=>"asc"}
  [1m[36mFinanceTerm Load (0.3ms)[0m  [1m[34mSELECT "finance_terms".* FROM "finance_terms" WHERE (downpayment > '100') AND "finance_terms"."is_accepted" = ? ORDER BY "finance_terms"."due_date" ASC[0m  [["is_accepted", 0]]
  â†³ app/controllers/application_controller.rb:8:in `send_success_response'
Completed 200 OK in 6ms (Views: 2.7ms | ActiveRecord: 0.2ms | Allocations: 1418)


DEPRECATION WARNING: TestFixtures.fixture_path= is deprecated and will be removed in Rails 7.2. Use .fixture_paths= instead. (called from <main> at /Users/pruthakulkarni/rubyApps/InsuranceRESTApis/spec/controllers/api/v1/finance_term_controller_spec.rb:3)
DEPRECATION WARNING: TestFixtures.fixture_path= is deprecated and will be removed in Rails 7.2. Use .fixture_paths= instead. (called from <main> at /Users/pruthakulkarni/rubyApps/InsuranceRESTApis/spec/controllers/finance_term_controller_spec.rb:3)
DEPRECATION WARNING: TestFixtures.fixture_path= is deprecated and will be removed in Rails 7.2. Use .fixture_paths= instead. (called from <main> at /Users/pruthakulkarni/rubyApps/InsuranceRESTApis/spec/controllers/finance_term_controller_spec.rb:3)
  [1m[36mActiveRecord::InternalMetadata Load (0.1ms)[0m  [1m[34mSELECT * FROM "ar_internal_metadata" WHERE "ar_internal_metadata"."key" = ? ORDER BY "ar_internal_metadata"."key" ASC LIMIT 1[0m  [[nil, "schema_sha1"]]
  [1m[36mActiveRecord::SchemaMigration Load (0.1ms)[0m  [1m[34mSELECT "schema_migrations"."version" FROM "schema_migrations" ORDER BY "schema_migrations"."version" ASC[0m
DEPRECATION WARNING: TestFixtures.fixture_path= is deprecated and will be removed in Rails 7.2. Use .fixture_paths= instead. (called from <main> at /Users/pruthakulkarni/rubyApps/InsuranceRESTApis/spec/controllers/api/v1/finance_term_controller_spec.rb:4)
  [1m[36mTRANSACTION (0.7ms)[0m  [1m[36mbegin transaction[0m
  [1m[36mTRANSACTION (0.3ms)[0m  [1m[31mrollback transaction[0m
  [1m[36mTRANSACTION (0.0ms)[0m  [1m[36mbegin transaction[0m
  [1m[36mTRANSACTION (0.0ms)[0m  [1m[31mrollback transaction[0m
  [1m[36mActiveRecord::InternalMetadata Load (0.1ms)[0m  [1m[34mSELECT * FROM "ar_internal_metadata" WHERE "ar_internal_metadata"."key" = ? ORDER BY "ar_internal_metadata"."key" ASC LIMIT 1[0m  [[nil, "schema_sha1"]]
  [1m[36mActiveRecord::SchemaMigration Load (0.1ms)[0m  [1m[34mSELECT "schema_migrations"."version" FROM "schema_migrations" ORDER BY "schema_migrations"."version" ASC[0m
DEPRECATION WARNING: TestFixtures.fixture_path= is deprecated and will be removed in Rails 7.2. Use .fixture_paths= instead. (called from <main> at /Users/pruthakulkarni/rubyApps/InsuranceRESTApis/spec/controllers/api/v1/finance_term_controller_spec.rb:4)
  [1m[36mTRANSACTION (0.9ms)[0m  [1m[36mbegin transaction[0m
  [1m[36mTRANSACTION (0.1ms)[0m  [1m[31mrollback transaction[0m
  [1m[36mTRANSACTION (0.0ms)[0m  [1m[36mbegin transaction[0m
  [1m[36mTRANSACTION (0.0ms)[0m  [1m[31mrollback transaction[0m
  [1m[36mActiveRecord::InternalMetadata Load (0.1ms)[0m  [1m[34mSELECT * FROM "ar_internal_metadata" WHERE "ar_internal_metadata"."key" = ? ORDER BY "ar_internal_metadata"."key" ASC LIMIT 1[0m  [[nil, "schema_sha1"]]
  [1m[36mActiveRecord::SchemaMigration Load (0.1ms)[0m  [1m[34mSELECT "schema_migrations"."version" FROM "schema_migrations" ORDER BY "schema_migrations"."version" ASC[0m
DEPRECATION WARNING: TestFixtures.fixture_path= is deprecated and will be removed in Rails 7.2. Use .fixture_paths= instead. (called from <main> at /Users/pruthakulkarni/rubyApps/InsuranceRESTApis/spec/controllers/api/v1/finance_term_controller_spec.rb:4)
  [1m[36mTRANSACTION (0.8ms)[0m  [1m[36mbegin transaction[0m
  [1m[36mTRANSACTION (0.1ms)[0m  [1m[31mrollback transaction[0m
  [1m[36mTRANSACTION (0.0ms)[0m  [1m[36mbegin transaction[0m
  [1m[36mTRANSACTION (0.0ms)[0m  [1m[31mrollback transaction[0m
  [1m[36mActiveRecord::InternalMetadata Load (0.1ms)[0m  [1m[34mSELECT * FROM "ar_internal_metadata" WHERE "ar_internal_metadata"."key" = ? ORDER BY "ar_internal_metadata"."key" ASC LIMIT 1[0m  [[nil, "schema_sha1"]]
  [1m[36mActiveRecord::SchemaMigration Load (0.1ms)[0m  [1m[34mSELECT "schema_migrations"."version" FROM "schema_migrations" ORDER BY "schema_migrations"."version" ASC[0m
DEPRECATION WARNING: TestFixtures.fixture_path= is deprecated and will be removed in Rails 7.2. Use .fixture_paths= instead. (called from <main> at /Users/pruthakulkarni/rubyApps/InsuranceRESTApis/spec/controllers/api/v1/finance_term_controller_spec.rb:4)
  [1m[36mTRANSACTION (0.7ms)[0m  [1m[36mbegin transaction[0m
  [1m[36mTRANSACTION (0.1ms)[0m  [1m[31mrollback transaction[0m
  [1m[36mTRANSACTION (0.0ms)[0m  [1m[36mbegin transaction[0m
  [1m[36mTRANSACTION (0.0ms)[0m  [1m[31mrollback transaction[0m
  [1m[36mActiveRecord::InternalMetadata Load (0.1ms)[0m  [1m[34mSELECT * FROM "ar_internal_metadata" WHERE "ar_internal_metadata"."key" = ? ORDER BY "ar_internal_metadata"."key" ASC LIMIT 1[0m  [[nil, "schema_sha1"]]
  [1m[36mActiveRecord::SchemaMigration Load (0.1ms)[0m  [1m[34mSELECT "schema_migrations"."version" FROM "schema_migrations" ORDER BY "schema_migrations"."version" ASC[0m
DEPRECATION WARNING: TestFixtures.fixture_path= is deprecated and will be removed in Rails 7.2. Use .fixture_paths= instead. (called from <main> at /Users/pruthakulkarni/rubyApps/InsuranceRESTApis/spec/controllers/api/v1/finance_term_controller_spec.rb:4)
  [1m[36mTRANSACTION (0.8ms)[0m  [1m[36mbegin transaction[0m
  [1m[36mTRANSACTION (0.1ms)[0m  [1m[31mrollback transaction[0m
  [1m[36mTRANSACTION (0.1ms)[0m  [1m[36mbegin transaction[0m
  [1m[36mTRANSACTION (0.1ms)[0m  [1m[31mrollback transaction[0m
  [1m[36mActiveRecord::InternalMetadata Load (0.1ms)[0m  [1m[34mSELECT * FROM "ar_internal_metadata" WHERE "ar_internal_metadata"."key" = ? ORDER BY "ar_internal_metadata"."key" ASC LIMIT 1[0m  [[nil, "schema_sha1"]]
  [1m[36mActiveRecord::SchemaMigration Load (0.1ms)[0m  [1m[34mSELECT "schema_migrations"."version" FROM "schema_migrations" ORDER BY "schema_migrations"."version" ASC[0m
  [1m[36mTRANSACTION (0.8ms)[0m  [1m[36mbegin transaction[0m
  [1m[36mTRANSACTION (0.1ms)[0m  [1m[31mrollback transaction[0m
  [1m[36mTRANSACTION (0.1ms)[0m  [1m[36mbegin transaction[0m
  [1m[36mTRANSACTION (0.1ms)[0m  [1m[31mrollback transaction[0m
  [1m[36mActiveRecord::InternalMetadata Load (0.1ms)[0m  [1m[34mSELECT * FROM "ar_internal_metadata" WHERE "ar_internal_metadata"."key" = ? ORDER BY "ar_internal_metadata"."key" ASC LIMIT 1[0m  [[nil, "schema_sha1"]]
  [1m[36mActiveRecord::SchemaMigration Load (0.1ms)[0m  [1m[34mSELECT "schema_migrations"."version" FROM "schema_migrations" ORDER BY "schema_migrations"."version" ASC[0m
  [1m[36mTRANSACTION (0.8ms)[0m  [1m[36mbegin transaction[0m
Processing by Api::V1::FinanceTermController#get_terms as HTML
  Parameters: {"downpayment"=>"100", "downpayment_op"=>""}
#<Api::V1::FinanceTermController:0x00007fe4ce197778> | get_terms | error: Invalid operator  for downpayment amount
Completed 400 Bad Request in 5ms (Views: 0.3ms | ActiveRecord: 0.0ms | Allocations: 1910)


  [1m[36mTRANSACTION (0.1ms)[0m  [1m[31mrollback transaction[0m
  [1m[36mTRANSACTION (0.1ms)[0m  [1m[36mbegin transaction[0m
  [1m[36mTRANSACTION (0.0ms)[0m  [1m[31mrollback transaction[0m
  [1m[36mActiveRecord::InternalMetadata Load (0.1ms)[0m  [1m[34mSELECT * FROM "ar_internal_metadata" WHERE "ar_internal_metadata"."key" = ? ORDER BY "ar_internal_metadata"."key" ASC LIMIT 1[0m  [[nil, "schema_sha1"]]
  [1m[36mActiveRecord::SchemaMigration Load (0.1ms)[0m  [1m[34mSELECT "schema_migrations"."version" FROM "schema_migrations" ORDER BY "schema_migrations"."version" ASC[0m
  [1m[36mTRANSACTION (0.8ms)[0m  [1m[36mbegin transaction[0m
Processing by Api::V1::FinanceTermController#get_terms as HTML
  Parameters: {"downpayment"=>"100", "downpayment_op"=>""}
#<Api::V1::FinanceTermController:0x00007ff603f5db28> | get_terms | error: Invalid operator  for downpayment amount
Completed 400 Bad Request in 4ms (Views: 0.3ms | ActiveRecord: 0.0ms | Allocations: 1909)


  [1m[36mTRANSACTION (0.1ms)[0m  [1m[31mrollback transaction[0m
  [1m[36mTRANSACTION (0.0ms)[0m  [1m[36mbegin transaction[0m
  [1m[36mTRANSACTION (0.0ms)[0m  [1m[31mrollback transaction[0m
  [1m[36mActiveRecord::InternalMetadata Load (0.1ms)[0m  [1m[34mSELECT * FROM "ar_internal_metadata" WHERE "ar_internal_metadata"."key" = ? ORDER BY "ar_internal_metadata"."key" ASC LIMIT 1[0m  [[nil, "schema_sha1"]]
  [1m[36mActiveRecord::SchemaMigration Load (0.1ms)[0m  [1m[34mSELECT "schema_migrations"."version" FROM "schema_migrations" ORDER BY "schema_migrations"."version" ASC[0m
  [1m[36mTRANSACTION (0.8ms)[0m  [1m[36mbegin transaction[0m
Processing by Api::V1::FinanceTermController#get_terms as HTML
  Parameters: {"downpayment"=>"100", "downpayment_op"=>""}
#<Api::V1::FinanceTermController:0x00007f8c26cd9858> | get_terms | error: Invalid operator  for downpayment amount
Completed 400 Bad Request in 4ms (Views: 0.3ms | ActiveRecord: 0.0ms | Allocations: 1909)


  [1m[36mTRANSACTION (0.1ms)[0m  [1m[31mrollback transaction[0m
  [1m[36mTRANSACTION (0.0ms)[0m  [1m[36mbegin transaction[0m
Processing by Api::V1::FinanceTermController#get_terms as HTML
  Parameters: {"downpayment"=>"100", "downpayment_op"=>"gt"}
  [1m[36mFinanceTerm Load (0.5ms)[0m  [1m[34mSELECT "finance_terms".* FROM "finance_terms" WHERE (downpayment > '100')[0m
  â†³ app/controllers/application_controller.rb:8:in `send_success_response'
Completed 200 OK in 59ms (Views: 38.9ms | ActiveRecord: 0.7ms | Allocations: 118451)


  [1m[36mTRANSACTION (0.1ms)[0m  [1m[31mrollback transaction[0m
